L 05/24/2025 - 00:04:47: SourceMod error session started
L 05/24/2025 - 00:04:47: Info (map "cs_assault") (file "C:\MyPrograms\steamcmd\css_ds\cstrike\addons\sourcemod\logs\errors_20250524.log")
L 05/24/2025 - 00:04:47: [admin-flatfile.smx] Error(s) detected parsing addons\sourcemod\configs\admins.cfg
L 05/24/2025 - 00:04:47: [admin-flatfile.smx]  (line 10) Section declared without header
L 05/24/2025 - 15:32:21: SourceMod error session started
L 05/24/2025 - 15:32:21: Info (map "cs_assault") (file "C:\MyPrograms\steamcmd\css_ds\cstrike\addons\sourcemod\logs\errors_20250524.log")
L 05/24/2025 - 15:32:21: [admin-flatfile.smx] Error(s) detected parsing addons\sourcemod\configs\admins.cfg
L 05/24/2025 - 15:32:21: [admin-flatfile.smx]  (line 10) Section declared without header
L 05/24/2025 - 16:35:53: SourceMod error session started
L 05/24/2025 - 16:35:53: Info (map "cs_assault") (file "C:\MyPrograms\steamcmd\css_ds\cstrike\addons\sourcemod\logs\errors_20250524.log")
L 05/24/2025 - 16:35:53: [admin-flatfile.smx] Error(s) detected parsing addons\sourcemod\configs\admins.cfg
L 05/24/2025 - 16:35:53: [admin-flatfile.smx]  (line 10) Section declared without header
L 05/24/2025 - 16:43:11: Error log file session closed.
L 05/24/2025 - 16:43:11: SourceMod error session started
L 05/24/2025 - 16:43:11: Info (map "de_port") (file "C:\MyPrograms\steamcmd\css_ds\cstrike\addons\sourcemod\logs\errors_20250524.log")
L 05/24/2025 - 16:43:11: [admin-flatfile.smx] Error(s) detected parsing addons\sourcemod\configs\admins.cfg
L 05/24/2025 - 16:43:11: [admin-flatfile.smx]  (line 10) Section declared without header
L 05/24/2025 - 16:46:20: SourceMod error session started
L 05/24/2025 - 16:46:20: Info (map "cs_assault") (file "C:\MyPrograms\steamcmd\css_ds\cstrike\addons\sourcemod\logs\errors_20250524.log")
L 05/24/2025 - 16:46:20: [admin-flatfile.smx] Error(s) detected parsing addons\sourcemod\configs\admins.cfg
L 05/24/2025 - 16:46:20: [admin-flatfile.smx]  (line 10) Section declared without header
L 05/24/2025 - 16:56:07: SourceMod error session started
L 05/24/2025 - 16:56:07: Info (map "cs_assault") (file "C:\MyPrograms\steamcmd\css_ds\cstrike\addons\sourcemod\logs\errors_20250524.log")
L 05/24/2025 - 16:56:07: [admin-flatfile.smx] Error(s) detected parsing addons\sourcemod\configs\admins.cfg
L 05/24/2025 - 16:56:07: [admin-flatfile.smx]  (line 10) Section declared without header
L 05/24/2025 - 22:53:14: SourceMod error session started
L 05/24/2025 - 22:53:14: Info (map "cs_assault") (file "C:\MyPrograms\steamcmd\css_ds\cstrike\addons\sourcemod\logs\errors_20250524.log")
L 05/24/2025 - 22:53:14: [admin-flatfile.smx] Error(s) detected parsing addons\sourcemod\configs\admins.cfg
L 05/24/2025 - 22:53:14: [admin-flatfile.smx]  (line 10) Section declared without header
L 05/24/2025 - 23:05:41: SourceMod error session started
L 05/24/2025 - 23:05:41: Info (map "cs_assault") (file "C:\MyPrograms\steamcmd\css_ds\cstrike\addons\sourcemod\logs\errors_20250524.log")
L 05/24/2025 - 23:05:41: [admin-flatfile.smx] Error(s) detected parsing addons\sourcemod\configs\admins.cfg
L 05/24/2025 - 23:05:41: [admin-flatfile.smx]  (line 10) Section declared without header
L 05/24/2025 - 23:24:16: SourceMod error session started
L 05/24/2025 - 23:24:16: Info (map "cs_assault") (file "C:\MyPrograms\steamcmd\css_ds\cstrike\addons\sourcemod\logs\errors_20250524.log")
L 05/24/2025 - 23:24:16: [admin-flatfile.smx] Error(s) detected parsing addons\sourcemod\configs\admins.cfg
L 05/24/2025 - 23:24:16: [admin-flatfile.smx]  (line 10) Section declared without header
L 05/24/2025 - 23:39:18: SourceMod error session started
L 05/24/2025 - 23:39:18: Info (map "cs_assault") (file "C:\MyPrograms\steamcmd\css_ds\cstrike\addons\sourcemod\logs\errors_20250524.log")
L 05/24/2025 - 23:39:18: [admin-flatfile.smx] Error(s) detected parsing addons\sourcemod\configs\admins.cfg
L 05/24/2025 - 23:39:18: [admin-flatfile.smx]  (line 10) Section declared without header
L 05/24/2025 - 23:44:23: SourceMod error session started
L 05/24/2025 - 23:44:23: Info (map "cs_assault") (file "C:\MyPrograms\steamcmd\css_ds\cstrike\addons\sourcemod\logs\errors_20250524.log")
L 05/24/2025 - 23:44:23: [admin-flatfile.smx] Error(s) detected parsing addons\sourcemod\configs\admins.cfg
L 05/24/2025 - 23:44:23: [admin-flatfile.smx]  (line 10) Section declared without header
