L 05/26/2025 - 08:21:10: SourceMod error session started
L 05/26/2025 - 08:21:10: Info (map "cs_assault") (file "C:\MyPrograms\steamcmd\css_ds\cstrike\addons\sourcemod\logs\errors_20250526.log")
L 05/26/2025 - 08:21:10: [admin-flatfile.smx] Error(s) detected parsing addons\sourcemod\configs\admins.cfg
L 05/26/2025 - 08:21:10: [admin-flatfile.smx]  (line 10) Section declared without header
L 05/26/2025 - 08:38:10: SourceMod error session started
L 05/26/2025 - 08:38:10: Info (map "cs_assault") (file "C:\MyPrograms\steamcmd\css_ds\cstrike\addons\sourcemod\logs\errors_20250526.log")
L 05/26/2025 - 08:38:10: [admin-flatfile.smx] Error(s) detected parsing addons\sourcemod\configs\admins.cfg
L 05/26/2025 - 08:38:10: [admin-flatfile.smx]  (line 10) Section declared without header
L 05/26/2025 - 10:19:45: SourceMod error session started
L 05/26/2025 - 10:19:45: Info (map "cs_assault") (file "C:\MyPrograms\steamcmd\css_ds\cstrike\addons\sourcemod\logs\errors_20250526.log")
L 05/26/2025 - 10:19:45: [admin-flatfile.smx] Error(s) detected parsing addons\sourcemod\configs\admins.cfg
L 05/26/2025 - 10:19:45: [admin-flatfile.smx]  (line 10) Section declared without header
L 05/26/2025 - 13:13:02: SourceMod error session started
L 05/26/2025 - 13:13:02: Info (map "cs_assault") (file "C:\MyPrograms\steamcmd\css_ds\cstrike\addons\sourcemod\logs\errors_20250526.log")
L 05/26/2025 - 13:13:02: [admin-flatfile.smx] Error(s) detected parsing addons\sourcemod\configs\admins.cfg
L 05/26/2025 - 13:13:02: [admin-flatfile.smx]  (line 10) Section declared without header
L 05/26/2025 - 13:15:21: [SM] Exception reported: Client index 0 is invalid
L 05/26/2025 - 13:15:22: [SM] Blaming: getmoney.smx.smx
L 05/26/2025 - 13:15:22: [SM] Call stack trace:
L 05/26/2025 - 13:15:22: [SM]   [0] IsClientInGame
L 05/26/2025 - 13:15:22: [SM]   [1] Line 23, /groups/sourcemod/upload_tmp/texteEYumK.sp::Command_GetMoney
L 05/26/2025 - 13:15:41: [SM] Exception reported: Client index 0 is invalid
L 05/26/2025 - 13:15:41: [SM] Blaming: getmoney.smx.smx
L 05/26/2025 - 13:15:41: [SM] Call stack trace:
L 05/26/2025 - 13:15:41: [SM]   [0] IsClientInGame
L 05/26/2025 - 13:15:41: [SM]   [1] Line 23, /groups/sourcemod/upload_tmp/texteEYumK.sp::Command_GetMoney
L 05/26/2025 - 13:21:21: SourceMod error session started
L 05/26/2025 - 13:21:21: Info (map "cs_assault") (file "C:\MyPrograms\steamcmd\css_ds\cstrike\addons\sourcemod\logs\errors_20250526.log")
L 05/26/2025 - 13:21:21: [admin-flatfile.smx] Error(s) detected parsing addons\sourcemod\configs\admins.cfg
L 05/26/2025 - 13:21:21: [admin-flatfile.smx]  (line 10) Section declared without header
L 05/26/2025 - 13:23:39: SourceMod error session started
L 05/26/2025 - 13:23:39: Info (map "cs_assault") (file "C:\MyPrograms\steamcmd\css_ds\cstrike\addons\sourcemod\logs\errors_20250526.log")
L 05/26/2025 - 13:23:39: [admin-flatfile.smx] Error(s) detected parsing addons\sourcemod\configs\admins.cfg
L 05/26/2025 - 13:23:39: [admin-flatfile.smx]  (line 10) Section declared without header
L 05/26/2025 - 13:30:40: SourceMod error session started
L 05/26/2025 - 13:30:40: Info (map "cs_assault") (file "C:\MyPrograms\steamcmd\css_ds\cstrike\addons\sourcemod\logs\errors_20250526.log")
L 05/26/2025 - 13:30:40: [admin-flatfile.smx] Error(s) detected parsing addons\sourcemod\configs\admins.cfg
L 05/26/2025 - 13:30:40: [admin-flatfile.smx]  (line 10) Section declared without header
L 05/26/2025 - 15:37:22: SourceMod error session started
L 05/26/2025 - 15:37:22: Info (map "cs_assault") (file "C:\MyPrograms\steamcmd\css_ds\cstrike\addons\sourcemod\logs\errors_20250526.log")
L 05/26/2025 - 15:37:22: [admin-flatfile.smx] Error(s) detected parsing addons\sourcemod\configs\admins.cfg
L 05/26/2025 - 15:37:22: [admin-flatfile.smx]  (line 10) Section declared without header
L 05/26/2025 - 15:54:30: Error log file session closed.
L 05/26/2025 - 15:54:30: SourceMod error session started
L 05/26/2025 - 15:54:30: Info (map "de_port") (file "C:\MyPrograms\steamcmd\css_ds\cstrike\addons\sourcemod\logs\errors_20250526.log")
L 05/26/2025 - 15:54:30: [admin-flatfile.smx] Error(s) detected parsing addons\sourcemod\configs\admins.cfg
L 05/26/2025 - 15:54:30: [admin-flatfile.smx]  (line 10) Section declared without header
L 05/26/2025 - 16:43:21: SourceMod error session started
L 05/26/2025 - 16:43:21: Info (map "cs_assault") (file "C:\MyPrograms\steamcmd\css_ds\cstrike\addons\sourcemod\logs\errors_20250526.log")
L 05/26/2025 - 16:43:21: [admin-flatfile.smx] Error(s) detected parsing addons\sourcemod\configs\admins.cfg
L 05/26/2025 - 16:43:21: [admin-flatfile.smx]  (line 10) Section declared without header
L 05/26/2025 - 17:11:41: SourceMod error session started
L 05/26/2025 - 17:11:41: Info (map "cs_assault") (file "C:\MyPrograms\steamcmd\css_ds\cstrike\addons\sourcemod\logs\errors_20250526.log")
L 05/26/2025 - 17:11:41: [admin-flatfile.smx] Error(s) detected parsing addons\sourcemod\configs\admins.cfg
L 05/26/2025 - 17:11:41: [admin-flatfile.smx]  (line 10) Section declared without header
L 05/26/2025 - 17:17:11: SourceMod error session started
L 05/26/2025 - 17:17:11: Info (map "cs_assault") (file "C:\MyPrograms\steamcmd\css_ds\cstrike\addons\sourcemod\logs\errors_20250526.log")
L 05/26/2025 - 17:17:11: [admin-flatfile.smx] Error(s) detected parsing addons\sourcemod\configs\admins.cfg
L 05/26/2025 - 17:17:11: [admin-flatfile.smx]  (line 10) Section declared without header
L 05/26/2025 - 17:20:00: SourceMod error session started
L 05/26/2025 - 17:20:00: Info (map "cs_assault") (file "C:\MyPrograms\steamcmd\css_ds\cstrike\addons\sourcemod\logs\errors_20250526.log")
L 05/26/2025 - 17:20:00: [admin-flatfile.smx] Error(s) detected parsing addons\sourcemod\configs\admins.cfg
L 05/26/2025 - 17:20:00: [admin-flatfile.smx]  (line 10) Section declared without header
L 05/26/2025 - 17:56:23: SourceMod error session started
L 05/26/2025 - 17:56:23: Info (map "cs_assault") (file "C:\MyPrograms\steamcmd\css_ds\cstrike\addons\sourcemod\logs\errors_20250526.log")
L 05/26/2025 - 17:56:23: [admin-flatfile.smx] Error(s) detected parsing addons\sourcemod\configs\admins.cfg
L 05/26/2025 - 17:56:23: [admin-flatfile.smx]  (line 10) Section declared without header
L 05/26/2025 - 17:58:34: SourceMod error session started
L 05/26/2025 - 17:58:34: Info (map "cs_assault") (file "C:\MyPrograms\steamcmd\css_ds\cstrike\addons\sourcemod\logs\errors_20250526.log")
L 05/26/2025 - 17:58:34: [admin-flatfile.smx] Error(s) detected parsing addons\sourcemod\configs\admins.cfg
L 05/26/2025 - 17:58:34: [admin-flatfile.smx]  (line 10) Section declared without header
L 05/26/2025 - 18:09:29: SourceMod error session started
L 05/26/2025 - 18:09:29: Info (map "cs_assault") (file "C:\MyPrograms\steamcmd\css_ds\cstrike\addons\sourcemod\logs\errors_20250526.log")
L 05/26/2025 - 18:09:29: [admin-flatfile.smx] Error(s) detected parsing addons\sourcemod\configs\admins.cfg
L 05/26/2025 - 18:09:29: [admin-flatfile.smx]  (line 10) Section declared without header
L 05/26/2025 - 18:14:50: SourceMod error session started
L 05/26/2025 - 18:14:50: Info (map "cs_assault") (file "C:\MyPrograms\steamcmd\css_ds\cstrike\addons\sourcemod\logs\errors_20250526.log")
L 05/26/2025 - 18:14:50: [admin-flatfile.smx] Error(s) detected parsing addons\sourcemod\configs\admins.cfg
L 05/26/2025 - 18:14:50: [admin-flatfile.smx]  (line 10) Section declared without header
L 05/26/2025 - 18:34:17: SourceMod error session started
L 05/26/2025 - 18:34:17: Info (map "cs_assault") (file "C:\MyPrograms\steamcmd\css_ds\cstrike\addons\sourcemod\logs\errors_20250526.log")
L 05/26/2025 - 18:34:17: [admin-flatfile.smx] Error(s) detected parsing addons\sourcemod\configs\admins.cfg
L 05/26/2025 - 18:34:17: [admin-flatfile.smx]  (line 10) Section declared without header
L 05/26/2025 - 18:39:25: SourceMod error session started
L 05/26/2025 - 18:39:25: Info (map "cs_assault") (file "C:\MyPrograms\steamcmd\css_ds\cstrike\addons\sourcemod\logs\errors_20250526.log")
L 05/26/2025 - 18:39:25: [admin-flatfile.smx] Error(s) detected parsing addons\sourcemod\configs\admins.cfg
L 05/26/2025 - 18:39:25: [admin-flatfile.smx]  (line 10) Section declared without header
L 05/26/2025 - 18:43:14: [SM] Exception reported: Entity -1 (148) is invalid
L 05/26/2025 - 18:43:14: [SM] Blaming: bot2player_public.smx
L 05/26/2025 - 18:43:14: [SM] Call stack trace:
L 05/26/2025 - 18:43:14: [SM]   [0] SetEntPropEnt
L 05/26/2025 - 18:43:14: [SM]   [1] Line 1010, D:\MY_PLUGINS\include\smlib/clients.inc::Client_SetActiveWeapon
L 05/26/2025 - 18:43:14: [SM]   [2] Line 378, D:\MY_PLUGINS\bot2player_public.sp::Give_iTargetWeaponsTo_iClient
L 05/26/2025 - 18:48:19: SourceMod error session started
L 05/26/2025 - 18:48:19: Info (map "cs_assault") (file "C:\MyPrograms\steamcmd\css_ds\cstrike\addons\sourcemod\logs\errors_20250526.log")
L 05/26/2025 - 18:48:19: [admin-flatfile.smx] Error(s) detected parsing addons\sourcemod\configs\admins.cfg
L 05/26/2025 - 18:48:19: [admin-flatfile.smx]  (line 10) Section declared without header
L 05/26/2025 - 18:53:03: [SM] Exception reported: Entity -1 (148) is invalid
L 05/26/2025 - 18:53:03: [SM] Blaming: bot2player_public.smx
L 05/26/2025 - 18:53:03: [SM] Call stack trace:
L 05/26/2025 - 18:53:03: [SM]   [0] SetEntPropEnt
L 05/26/2025 - 18:53:03: [SM]   [1] Line 1010, D:\MY_PLUGINS\include\smlib/clients.inc::Client_SetActiveWeapon
L 05/26/2025 - 18:53:03: [SM]   [2] Line 378, D:\MY_PLUGINS\bot2player_public.sp::Give_iTargetWeaponsTo_iClient
L 05/26/2025 - 18:55:48: Error log file session closed.
L 05/26/2025 - 18:55:48: SourceMod error session started
L 05/26/2025 - 18:55:48: Info (map "de_port") (file "C:\MyPrograms\steamcmd\css_ds\cstrike\addons\sourcemod\logs\errors_20250526.log")
L 05/26/2025 - 18:55:48: [admin-flatfile.smx] Error(s) detected parsing addons\sourcemod\configs\admins.cfg
L 05/26/2025 - 18:55:48: [admin-flatfile.smx]  (line 10) Section declared without header
L 05/26/2025 - 19:04:19: [SM] Exception reported: Entity -1 (185) is invalid
L 05/26/2025 - 19:04:19: [SM] Blaming: bot2player_public.smx
L 05/26/2025 - 19:04:19: [SM] Call stack trace:
L 05/26/2025 - 19:04:19: [SM]   [0] SetEntPropEnt
L 05/26/2025 - 19:04:19: [SM]   [1] Line 1010, D:\MY_PLUGINS\include\smlib/clients.inc::Client_SetActiveWeapon
L 05/26/2025 - 19:04:19: [SM]   [2] Line 378, D:\MY_PLUGINS\bot2player_public.sp::Give_iTargetWeaponsTo_iClient
L 05/26/2025 - 19:36:10: SourceMod error session started
L 05/26/2025 - 19:36:10: Info (map "cs_assault") (file "C:\MyPrograms\steamcmd\css_ds\cstrike\addons\sourcemod\logs\errors_20250526.log")
L 05/26/2025 - 19:36:10: [admin-flatfile.smx] Error(s) detected parsing addons\sourcemod\configs\admins.cfg
L 05/26/2025 - 19:36:10: [admin-flatfile.smx]  (line 10) Section declared without header
L 05/26/2025 - 19:45:29: SourceMod error session started
L 05/26/2025 - 19:45:29: Info (map "cs_assault") (file "C:\MyPrograms\steamcmd\css_ds\cstrike\addons\sourcemod\logs\errors_20250526.log")
L 05/26/2025 - 19:45:29: [admin-flatfile.smx] Error(s) detected parsing addons\sourcemod\configs\admins.cfg
L 05/26/2025 - 19:45:29: [admin-flatfile.smx]  (line 10) Section declared without header
L 05/26/2025 - 20:10:27: [SM] Exception reported: Entity -1 (146) is invalid
L 05/26/2025 - 20:10:27: [SM] Blaming: bot2player_public.smx
L 05/26/2025 - 20:10:27: [SM] Call stack trace:
L 05/26/2025 - 20:10:27: [SM]   [0] SetEntPropEnt
L 05/26/2025 - 20:10:27: [SM]   [1] Line 1010, D:\MY_PLUGINS\include\smlib/clients.inc::Client_SetActiveWeapon
L 05/26/2025 - 20:10:27: [SM]   [2] Line 378, D:\MY_PLUGINS\bot2player_public.sp::Give_iTargetWeaponsTo_iClient
L 05/26/2025 - 20:10:40: Error log file session closed.
L 05/26/2025 - 20:10:40: SourceMod error session started
L 05/26/2025 - 20:10:40: Info (map "de_dust2") (file "C:\MyPrograms\steamcmd\css_ds\cstrike\addons\sourcemod\logs\errors_20250526.log")
L 05/26/2025 - 20:10:40: [admin-flatfile.smx] Error(s) detected parsing addons\sourcemod\configs\admins.cfg
L 05/26/2025 - 20:10:40: [admin-flatfile.smx]  (line 10) Section declared without header
L 05/26/2025 - 20:17:01: [SM] Exception reported: Entity -1 (106) is invalid
L 05/26/2025 - 20:17:01: [SM] Blaming: bot2player_public.smx
L 05/26/2025 - 20:17:01: [SM] Call stack trace:
L 05/26/2025 - 20:17:01: [SM]   [0] SetEntPropEnt
L 05/26/2025 - 20:17:01: [SM]   [1] Line 1010, D:\MY_PLUGINS\include\smlib/clients.inc::Client_SetActiveWeapon
L 05/26/2025 - 20:17:01: [SM]   [2] Line 378, D:\MY_PLUGINS\bot2player_public.sp::Give_iTargetWeaponsTo_iClient
L 05/26/2025 - 20:20:49: Error log file session closed.
L 05/26/2025 - 20:20:50: SourceMod error session started
L 05/26/2025 - 20:20:50: Info (map "de_port") (file "C:\MyPrograms\steamcmd\css_ds\cstrike\addons\sourcemod\logs\errors_20250526.log")
L 05/26/2025 - 20:20:50: [admin-flatfile.smx] Error(s) detected parsing addons\sourcemod\configs\admins.cfg
L 05/26/2025 - 20:20:50: [admin-flatfile.smx]  (line 10) Section declared without header
