L 05/29/2025 - 09:26:56: SourceMod error session started
L 05/29/2025 - 09:26:56: Info (map "cs_assault") (file "C:\MyPrograms\steamcmd\css_ds\cstrike\addons\sourcemod\logs\errors_20250529.log")
L 05/29/2025 - 09:26:56: [admin-flatfile.smx] Error(s) detected parsing addons\sourcemod\configs\admins.cfg
L 05/29/2025 - 09:26:56: [admin-flatfile.smx]  (line 10) Section declared without header
L 05/29/2025 - 09:29:06: [SM] Exception reported: Entity -1 (365) is invalid
L 05/29/2025 - 09:29:06: [SM] Blaming: bot2player_public.smx
L 05/29/2025 - 09:29:06: [SM] Call stack trace:
L 05/29/2025 - 09:29:06: [SM]   [0] SetEntPropEnt
L 05/29/2025 - 09:29:06: [SM]   [1] Line 1010, D:\MY_PLUGINS\include\smlib/clients.inc::Client_SetActiveWeapon
L 05/29/2025 - 09:29:06: [SM]   [2] Line 378, D:\MY_PLUGINS\bot2player_public.sp::Give_iTargetWeaponsTo_iClient
L 05/29/2025 - 09:32:52: [SM] Exception reported: Entity -1 (260) is invalid
L 05/29/2025 - 09:32:52: [SM] Blaming: bot2player_public.smx
L 05/29/2025 - 09:32:52: [SM] Call stack trace:
L 05/29/2025 - 09:32:52: [SM]   [0] SetEntPropEnt
L 05/29/2025 - 09:32:52: [SM]   [1] Line 1010, D:\MY_PLUGINS\include\smlib/clients.inc::Client_SetActiveWeapon
L 05/29/2025 - 09:32:52: [SM]   [2] Line 378, D:\MY_PLUGINS\bot2player_public.sp::Give_iTargetWeaponsTo_iClient
L 05/29/2025 - 09:33:25: Error log file session closed.
L 05/29/2025 - 09:33:25: SourceMod error session started
L 05/29/2025 - 09:33:25: Info (map "de_dust2") (file "C:\MyPrograms\steamcmd\css_ds\cstrike\addons\sourcemod\logs\errors_20250529.log")
L 05/29/2025 - 09:33:25: [admin-flatfile.smx] Error(s) detected parsing addons\sourcemod\configs\admins.cfg
L 05/29/2025 - 09:33:25: [admin-flatfile.smx]  (line 10) Section declared without header
L 05/29/2025 - 09:38:03: SourceMod error session started
L 05/29/2025 - 09:38:03: Info (map "de_dust2") (file "C:\MyPrograms\steamcmd\css_ds\cstrike\addons\sourcemod\logs\errors_20250529.log")
L 05/29/2025 - 09:38:03: [admin-flatfile.smx] Error(s) detected parsing addons\sourcemod\configs\admins.cfg
L 05/29/2025 - 09:38:03: [admin-flatfile.smx]  (line 10) Section declared without header
L 05/29/2025 - 10:03:40: Error log file session closed.
L 05/29/2025 - 10:03:40: SourceMod error session started
L 05/29/2025 - 10:03:40: Info (map "de_port") (file "C:\MyPrograms\steamcmd\css_ds\cstrike\addons\sourcemod\logs\errors_20250529.log")
L 05/29/2025 - 10:03:40: [admin-flatfile.smx] Error(s) detected parsing addons\sourcemod\configs\admins.cfg
L 05/29/2025 - 10:03:40: [admin-flatfile.smx]  (line 10) Section declared without header
L 05/29/2025 - 16:54:50: SourceMod error session started
L 05/29/2025 - 16:54:50: Info (map "de_dust2") (file "C:\MyPrograms\steamcmd\css_ds\cstrike\addons\sourcemod\logs\errors_20250529.log")
L 05/29/2025 - 16:54:50: [admin-flatfile.smx] Error(s) detected parsing addons\sourcemod\configs\admins.cfg
L 05/29/2025 - 16:54:50: [admin-flatfile.smx]  (line 10) Section declared without header
L 05/29/2025 - 16:57:28: SourceMod error session started
L 05/29/2025 - 16:57:28: Info (map "de_dust2") (file "C:\MyPrograms\steamcmd\css_ds\cstrike\addons\sourcemod\logs\errors_20250529.log")
L 05/29/2025 - 16:57:28: [admin-flatfile.smx] Error(s) detected parsing addons\sourcemod\configs\admins.cfg
L 05/29/2025 - 16:57:28: [admin-flatfile.smx]  (line 10) Section declared without header
L 05/29/2025 - 17:05:59: [SM] Exception reported: Entity -1 (70) is invalid
L 05/29/2025 - 17:05:59: [SM] Blaming: bot2player_public.smx
L 05/29/2025 - 17:05:59: [SM] Call stack trace:
L 05/29/2025 - 17:05:59: [SM]   [0] SetEntPropEnt
L 05/29/2025 - 17:05:59: [SM]   [1] Line 1010, D:\MY_PLUGINS\include\smlib/clients.inc::Client_SetActiveWeapon
L 05/29/2025 - 17:05:59: [SM]   [2] Line 378, D:\MY_PLUGINS\bot2player_public.sp::Give_iTargetWeaponsTo_iClient
L 05/29/2025 - 17:16:51: Error log file session closed.
L 05/29/2025 - 17:16:51: SourceMod error session started
L 05/29/2025 - 17:16:51: Info (map "de_port") (file "C:\MyPrograms\steamcmd\css_ds\cstrike\addons\sourcemod\logs\errors_20250529.log")
L 05/29/2025 - 17:16:51: [admin-flatfile.smx] Error(s) detected parsing addons\sourcemod\configs\admins.cfg
L 05/29/2025 - 17:16:51: [admin-flatfile.smx]  (line 10) Section declared without header
L 05/29/2025 - 18:02:46: SourceMod error session started
L 05/29/2025 - 18:02:46: Info (map "de_dust2") (file "C:\MyPrograms\steamcmd\css_ds\cstrike\addons\sourcemod\logs\errors_20250529.log")
L 05/29/2025 - 18:02:46: [admin-flatfile.smx] Error(s) detected parsing addons\sourcemod\configs\admins.cfg
L 05/29/2025 - 18:02:46: [admin-flatfile.smx]  (line 10) Section declared without header
L 05/29/2025 - 18:16:19: Error log file session closed.
L 05/29/2025 - 18:16:19: SourceMod error session started
L 05/29/2025 - 18:16:19: Info (map "de_port") (file "C:\MyPrograms\steamcmd\css_ds\cstrike\addons\sourcemod\logs\errors_20250529.log")
L 05/29/2025 - 18:16:19: [admin-flatfile.smx] Error(s) detected parsing addons\sourcemod\configs\admins.cfg
L 05/29/2025 - 18:16:19: [admin-flatfile.smx]  (line 10) Section declared without header
L 05/29/2025 - 18:16:40: Error log file session closed.
L 05/29/2025 - 18:16:40: SourceMod error session started
L 05/29/2025 - 18:16:40: Info (map "cs_compound") (file "C:\MyPrograms\steamcmd\css_ds\cstrike\addons\sourcemod\logs\errors_20250529.log")
L 05/29/2025 - 18:16:40: [admin-flatfile.smx] Error(s) detected parsing addons\sourcemod\configs\admins.cfg
L 05/29/2025 - 18:16:40: [admin-flatfile.smx]  (line 10) Section declared without header
L 05/29/2025 - 18:25:51: Error log file session closed.
L 05/29/2025 - 18:25:51: SourceMod error session started
L 05/29/2025 - 18:25:51: Info (map "de_port") (file "C:\MyPrograms\steamcmd\css_ds\cstrike\addons\sourcemod\logs\errors_20250529.log")
L 05/29/2025 - 18:25:51: [admin-flatfile.smx] Error(s) detected parsing addons\sourcemod\configs\admins.cfg
L 05/29/2025 - 18:25:51: [admin-flatfile.smx]  (line 10) Section declared without header
L 05/29/2025 - 18:42:21: Error log file session closed.
L 05/29/2025 - 18:42:21: SourceMod error session started
L 05/29/2025 - 18:42:21: Info (map "de_dust2") (file "C:\MyPrograms\steamcmd\css_ds\cstrike\addons\sourcemod\logs\errors_20250529.log")
L 05/29/2025 - 18:42:21: [admin-flatfile.smx] Error(s) detected parsing addons\sourcemod\configs\admins.cfg
L 05/29/2025 - 18:42:21: [admin-flatfile.smx]  (line 10) Section declared without header
L 05/29/2025 - 18:44:09: Error log file session closed.
L 05/29/2025 - 18:44:09: SourceMod error session started
L 05/29/2025 - 18:44:09: Info (map "cs_havana") (file "C:\MyPrograms\steamcmd\css_ds\cstrike\addons\sourcemod\logs\errors_20250529.log")
L 05/29/2025 - 18:44:09: [admin-flatfile.smx] Error(s) detected parsing addons\sourcemod\configs\admins.cfg
L 05/29/2025 - 18:44:09: [admin-flatfile.smx]  (line 10) Section declared without header
L 05/29/2025 - 18:48:17: SourceMod error session started
L 05/29/2025 - 18:48:17: Info (map "de_dust2") (file "C:\MyPrograms\steamcmd\css_ds\cstrike\addons\sourcemod\logs\errors_20250529.log")
L 05/29/2025 - 18:48:17: [admin-flatfile.smx] Error(s) detected parsing addons\sourcemod\configs\admins.cfg
L 05/29/2025 - 18:48:17: [admin-flatfile.smx]  (line 10) Section declared without header
L 05/29/2025 - 19:06:22: SourceMod error session started
L 05/29/2025 - 19:06:22: Info (map "de_dust2") (file "C:\MyPrograms\steamcmd\css_ds\cstrike\addons\sourcemod\logs\errors_20250529.log")
L 05/29/2025 - 19:06:22: [admin-flatfile.smx] Error(s) detected parsing addons\sourcemod\configs\admins.cfg
L 05/29/2025 - 19:06:22: [admin-flatfile.smx]  (line 10) Section declared without header
L 05/29/2025 - 19:15:07: [SM] Exception reported: Entity -1 (95) is invalid
L 05/29/2025 - 19:15:07: [SM] Blaming: bot2player_public.smx
L 05/29/2025 - 19:15:07: [SM] Call stack trace:
L 05/29/2025 - 19:15:07: [SM]   [0] SetEntPropEnt
L 05/29/2025 - 19:15:07: [SM]   [1] Line 1010, D:\MY_PLUGINS\include\smlib/clients.inc::Client_SetActiveWeapon
L 05/29/2025 - 19:15:07: [SM]   [2] Line 378, D:\MY_PLUGINS\bot2player_public.sp::Give_iTargetWeaponsTo_iClient
L 05/29/2025 - 19:15:36: [SM] Exception reported: Entity -1 (132) is invalid
L 05/29/2025 - 19:15:36: [SM] Blaming: bot2player_public.smx
L 05/29/2025 - 19:15:36: [SM] Call stack trace:
L 05/29/2025 - 19:15:36: [SM]   [0] SetEntPropEnt
L 05/29/2025 - 19:15:36: [SM]   [1] Line 1010, D:\MY_PLUGINS\include\smlib/clients.inc::Client_SetActiveWeapon
L 05/29/2025 - 19:15:36: [SM]   [2] Line 378, D:\MY_PLUGINS\bot2player_public.sp::Give_iTargetWeaponsTo_iClient
L 05/29/2025 - 19:18:57: SourceMod error session started
L 05/29/2025 - 19:18:57: Info (map "de_dust2") (file "C:\MyPrograms\steamcmd\css_ds\cstrike\addons\sourcemod\logs\errors_20250529.log")
L 05/29/2025 - 19:18:57: [admin-flatfile.smx] Error(s) detected parsing addons\sourcemod\configs\admins.cfg
L 05/29/2025 - 19:18:57: [admin-flatfile.smx]  (line 10) Section declared without header
L 05/29/2025 - 19:41:34: SourceMod error session started
L 05/29/2025 - 19:41:34: Info (map "de_dust2") (file "C:\MyPrograms\steamcmd\css_ds\cstrike\addons\sourcemod\logs\errors_20250529.log")
L 05/29/2025 - 19:41:34: [admin-flatfile.smx] Error(s) detected parsing addons\sourcemod\configs\admins.cfg
L 05/29/2025 - 19:41:34: [admin-flatfile.smx]  (line 10) Section declared without header
L 05/29/2025 - 20:53:20: [SM] Exception reported: Entity -1 (103) is invalid
L 05/29/2025 - 20:53:20: [SM] Blaming: bot2player_public.smx
L 05/29/2025 - 20:53:20: [SM] Call stack trace:
L 05/29/2025 - 20:53:20: [SM]   [0] SetEntPropEnt
L 05/29/2025 - 20:53:20: [SM]   [1] Line 1010, D:\MY_PLUGINS\include\smlib/clients.inc::Client_SetActiveWeapon
L 05/29/2025 - 20:53:20: [SM]   [2] Line 378, D:\MY_PLUGINS\bot2player_public.sp::Give_iTargetWeaponsTo_iClient
L 05/29/2025 - 21:14:28: SourceMod error session started
L 05/29/2025 - 21:14:28: Info (map "de_dust2") (file "C:\MyPrograms\steamcmd\css_ds\cstrike\addons\sourcemod\logs\errors_20250529.log")
L 05/29/2025 - 21:14:28: [admin-flatfile.smx] Error(s) detected parsing addons\sourcemod\configs\admins.cfg
L 05/29/2025 - 21:14:28: [admin-flatfile.smx]  (line 10) Section declared without header
L 05/29/2025 - 21:22:36: Error log file session closed.
L 05/29/2025 - 21:22:36: SourceMod error session started
L 05/29/2025 - 21:22:36: Info (map "de_port") (file "C:\MyPrograms\steamcmd\css_ds\cstrike\addons\sourcemod\logs\errors_20250529.log")
L 05/29/2025 - 21:22:36: [admin-flatfile.smx] Error(s) detected parsing addons\sourcemod\configs\admins.cfg
L 05/29/2025 - 21:22:36: [admin-flatfile.smx]  (line 10) Section declared without header
L 05/29/2025 - 21:25:54: Error log file session closed.
L 05/29/2025 - 21:25:54: SourceMod error session started
L 05/29/2025 - 21:25:54: Info (map "de_dust2") (file "C:\MyPrograms\steamcmd\css_ds\cstrike\addons\sourcemod\logs\errors_20250529.log")
L 05/29/2025 - 21:25:54: [admin-flatfile.smx] Error(s) detected parsing addons\sourcemod\configs\admins.cfg
L 05/29/2025 - 21:25:54: [admin-flatfile.smx]  (line 10) Section declared without header
L 05/29/2025 - 21:33:54: SourceMod error session started
L 05/29/2025 - 21:33:54: Info (map "de_dust2") (file "C:\MyPrograms\steamcmd\css_ds\cstrike\addons\sourcemod\logs\errors_20250529.log")
L 05/29/2025 - 21:33:54: [admin-flatfile.smx] Error(s) detected parsing addons\sourcemod\configs\admins.cfg
L 05/29/2025 - 21:33:54: [admin-flatfile.smx]  (line 10) Section declared without header
L 05/29/2025 - 21:37:25: SourceMod error session started
L 05/29/2025 - 21:37:25: Info (map "de_dust2") (file "C:\MyPrograms\steamcmd\css_ds\cstrike\addons\sourcemod\logs\errors_20250529.log")
L 05/29/2025 - 21:37:25: [admin-flatfile.smx] Error(s) detected parsing addons\sourcemod\configs\admins.cfg
L 05/29/2025 - 21:37:25: [admin-flatfile.smx]  (line 10) Section declared without header
L 05/29/2025 - 21:39:21: SourceMod error session started
L 05/29/2025 - 21:39:21: Info (map "de_dust2") (file "C:\MyPrograms\steamcmd\css_ds\cstrike\addons\sourcemod\logs\errors_20250529.log")
L 05/29/2025 - 21:39:21: [admin-flatfile.smx] Error(s) detected parsing addons\sourcemod\configs\admins.cfg
L 05/29/2025 - 21:39:21: [admin-flatfile.smx]  (line 10) Section declared without header
L 05/29/2025 - 21:39:59: SourceMod error session started
L 05/29/2025 - 21:39:59: Info (map "de_dust2") (file "C:\MyPrograms\steamcmd\css_ds\cstrike\addons\sourcemod\logs\errors_20250529.log")
L 05/29/2025 - 21:39:59: [admin-flatfile.smx] Error(s) detected parsing addons\sourcemod\configs\admins.cfg
L 05/29/2025 - 21:39:59: [admin-flatfile.smx]  (line 10) Section declared without header
L 05/29/2025 - 21:41:20: SourceMod error session started
L 05/29/2025 - 21:41:20: Info (map "de_dust2") (file "C:\MyPrograms\steamcmd\css_ds\cstrike\addons\sourcemod\logs\errors_20250529.log")
L 05/29/2025 - 21:41:20: [admin-flatfile.smx] Error(s) detected parsing addons\sourcemod\configs\admins.cfg
L 05/29/2025 - 21:41:20: [admin-flatfile.smx]  (line 10) Section declared without header
L 05/29/2025 - 21:42:43: SourceMod error session started
L 05/29/2025 - 21:42:43: Info (map "de_dust2") (file "C:\MyPrograms\steamcmd\css_ds\cstrike\addons\sourcemod\logs\errors_20250529.log")
L 05/29/2025 - 21:42:43: [admin-flatfile.smx] Error(s) detected parsing addons\sourcemod\configs\admins.cfg
L 05/29/2025 - 21:42:43: [admin-flatfile.smx]  (line 10) Section declared without header
L 05/29/2025 - 21:52:33: SourceMod error session started
L 05/29/2025 - 21:52:33: Info (map "de_dust2") (file "C:\MyPrograms\steamcmd\css_ds\cstrike\addons\sourcemod\logs\errors_20250529.log")
L 05/29/2025 - 21:52:33: [admin-flatfile.smx] Error(s) detected parsing addons\sourcemod\configs\admins.cfg
L 05/29/2025 - 21:52:33: [admin-flatfile.smx]  (line 10) Section declared without header
L 05/29/2025 - 21:54:40: SourceMod error session started
L 05/29/2025 - 21:54:40: Info (map "de_dust2") (file "C:\MyPrograms\steamcmd\css_ds\cstrike\addons\sourcemod\logs\errors_20250529.log")
L 05/29/2025 - 21:54:40: [admin-flatfile.smx] Error(s) detected parsing addons\sourcemod\configs\admins.cfg
L 05/29/2025 - 21:54:40: [admin-flatfile.smx]  (line 10) Section declared without header
