L 06/04/2025 - 17:26:05: SourceMod error session started
L 06/04/2025 - 17:26:05: Info (map "de_dust2") (file "C:\MyPrograms\steamcmd\css_ds\cstrike\addons\sourcemod\logs\errors_20250604.log")
L 06/04/2025 - 17:26:05: [admin-flatfile.smx] Error(s) detected parsing addons\sourcemod\configs\admins.cfg
L 06/04/2025 - 17:26:05: [admin-flatfile.smx]  (line 10) Section declared without header
L 06/04/2025 - 17:37:10: Error log file session closed.
L 06/04/2025 - 17:37:10: SourceMod error session started
L 06/04/2025 - 17:37:10: Info (map "de_inferno") (file "C:\MyPrograms\steamcmd\css_ds\cstrike\addons\sourcemod\logs\errors_20250604.log")
L 06/04/2025 - 17:37:10: [admin-flatfile.smx] Error(s) detected parsing addons\sourcemod\configs\admins.cfg
L 06/04/2025 - 17:37:10: [admin-flatfile.smx]  (line 10) Section declared without header
L 06/04/2025 - 17:43:50: Error log file session closed.
L 06/04/2025 - 17:43:50: SourceMod error session started
L 06/04/2025 - 17:43:50: Info (map "cs_compound") (file "C:\MyPrograms\steamcmd\css_ds\cstrike\addons\sourcemod\logs\errors_20250604.log")
L 06/04/2025 - 17:43:50: [admin-flatfile.smx] Error(s) detected parsing addons\sourcemod\configs\admins.cfg
L 06/04/2025 - 17:43:50: [admin-flatfile.smx]  (line 10) Section declared without header
L 06/04/2025 - 17:43:59: Error log file session closed.
L 06/04/2025 - 17:43:59: SourceMod error session started
L 06/04/2025 - 17:43:59: Info (map "cs_compound") (file "C:\MyPrograms\steamcmd\css_ds\cstrike\addons\sourcemod\logs\errors_20250604.log")
L 06/04/2025 - 17:43:59: [admin-flatfile.smx] Error(s) detected parsing addons\sourcemod\configs\admins.cfg
L 06/04/2025 - 17:43:59: [admin-flatfile.smx]  (line 10) Section declared without header
L 06/04/2025 - 18:00:13: SourceMod error session started
L 06/04/2025 - 18:00:13: Info (map "de_dust2") (file "C:\MyPrograms\steamcmd\css_ds\cstrike\addons\sourcemod\logs\errors_20250604.log")
L 06/04/2025 - 18:00:13: [admin-flatfile.smx] Error(s) detected parsing addons\sourcemod\configs\admins.cfg
L 06/04/2025 - 18:00:13: [admin-flatfile.smx]  (line 10) Section declared without header
L 06/04/2025 - 18:00:38: Error log file session closed.
L 06/04/2025 - 18:00:38: SourceMod error session started
L 06/04/2025 - 18:00:38: Info (map "cs_compound") (file "C:\MyPrograms\steamcmd\css_ds\cstrike\addons\sourcemod\logs\errors_20250604.log")
L 06/04/2025 - 18:00:38: [admin-flatfile.smx] Error(s) detected parsing addons\sourcemod\configs\admins.cfg
L 06/04/2025 - 18:00:38: [admin-flatfile.smx]  (line 10) Section declared without header
L 06/04/2025 - 18:05:49: SourceMod error session started
L 06/04/2025 - 18:05:49: Info (map "de_dust2") (file "C:\MyPrograms\steamcmd\css_ds\cstrike\addons\sourcemod\logs\errors_20250604.log")
L 06/04/2025 - 18:05:49: [admin-flatfile.smx] Error(s) detected parsing addons\sourcemod\configs\admins.cfg
L 06/04/2025 - 18:05:49: [admin-flatfile.smx]  (line 10) Section declared without header
L 06/04/2025 - 18:06:57: Error log file session closed.
L 06/04/2025 - 18:06:57: SourceMod error session started
L 06/04/2025 - 18:06:57: Info (map "cs_compound") (file "C:\MyPrograms\steamcmd\css_ds\cstrike\addons\sourcemod\logs\errors_20250604.log")
L 06/04/2025 - 18:06:57: [admin-flatfile.smx] Error(s) detected parsing addons\sourcemod\configs\admins.cfg
L 06/04/2025 - 18:06:57: [admin-flatfile.smx]  (line 10) Section declared without header
L 06/04/2025 - 18:52:49: SourceMod error session started
L 06/04/2025 - 18:52:49: Info (map "de_dust2") (file "C:\MyPrograms\steamcmd\css_ds\cstrike\addons\sourcemod\logs\errors_20250604.log")
L 06/04/2025 - 18:52:49: [admin-flatfile.smx] Error(s) detected parsing addons\sourcemod\configs\admins.cfg
L 06/04/2025 - 18:52:49: [admin-flatfile.smx]  (line 10) Section declared without header
L 06/04/2025 - 18:54:37: SourceMod error session started
L 06/04/2025 - 18:54:37: Info (map "de_dust2") (file "C:\MyPrograms\steamcmd\css_ds\cstrike\addons\sourcemod\logs\errors_20250604.log")
L 06/04/2025 - 18:54:37: [admin-flatfile.smx] Error(s) detected parsing addons\sourcemod\configs\admins.cfg
L 06/04/2025 - 18:54:37: [admin-flatfile.smx]  (line 10) Section declared without header
L 06/04/2025 - 18:59:21: SourceMod error session started
L 06/04/2025 - 18:59:21: Info (map "de_dust2") (file "C:\MyPrograms\steamcmd\css_ds\cstrike\addons\sourcemod\logs\errors_20250604.log")
L 06/04/2025 - 18:59:21: [admin-flatfile.smx] Error(s) detected parsing addons\sourcemod\configs\admins.cfg
L 06/04/2025 - 18:59:21: [admin-flatfile.smx]  (line 10) Section declared without header
L 06/04/2025 - 18:59:58: Error log file session closed.
L 06/04/2025 - 18:59:58: SourceMod error session started
L 06/04/2025 - 18:59:58: Info (map "cs_compound") (file "C:\MyPrograms\steamcmd\css_ds\cstrike\addons\sourcemod\logs\errors_20250604.log")
L 06/04/2025 - 18:59:58: [admin-flatfile.smx] Error(s) detected parsing addons\sourcemod\configs\admins.cfg
L 06/04/2025 - 18:59:58: [admin-flatfile.smx]  (line 10) Section declared without header
