L 05/31/2025 - 12:42:30: SourceMod error session started
L 05/31/2025 - 12:42:30: Info (map "de_dust2") (file "C:\MyPrograms\steamcmd\css_ds\cstrike\addons\sourcemod\logs\errors_20250531.log")
L 05/31/2025 - 12:42:30: [admin-flatfile.smx] Error(s) detected parsing addons\sourcemod\configs\admins.cfg
L 05/31/2025 - 12:42:30: [admin-flatfile.smx]  (line 10) Section declared without header
L 05/31/2025 - 12:42:30: [UPDATER] --- BEGIN ERRORS FROM AUTOMATIC UPDATER ---
L 05/31/2025 - 12:42:30: [UPDATER] Could not download "http://update.sourcemod.net/update/"
L 05/31/2025 - 12:42:31: [UPDATER] Error: The requested URL returned error: 521
L 05/31/2025 - 12:42:31: [UPDATER] --- END ERRORS FROM AUTOMATIC UPDATER ---
L 05/31/2025 - 12:47:10: SourceMod error session started
L 05/31/2025 - 12:47:10: Info (map "de_dust2") (file "C:\MyPrograms\steamcmd\css_ds\cstrike\addons\sourcemod\logs\errors_20250531.log")
L 05/31/2025 - 12:47:10: [admin-flatfile.smx] Error(s) detected parsing addons\sourcemod\configs\admins.cfg
L 05/31/2025 - 12:47:10: [admin-flatfile.smx]  (line 10) Section declared without header
L 05/31/2025 - 12:47:11: [UPDATER] --- BEGIN ERRORS FROM AUTOMATIC UPDATER ---
L 05/31/2025 - 12:47:11: [UPDATER] Could not download "http://update.sourcemod.net/update/"
L 05/31/2025 - 12:47:11: [UPDATER] Error: The requested URL returned error: 521
L 05/31/2025 - 12:47:11: [UPDATER] --- END ERRORS FROM AUTOMATIC UPDATER ---
L 05/31/2025 - 12:59:17: SourceMod error session started
L 05/31/2025 - 12:59:17: Info (map "de_dust2") (file "C:\MyPrograms\steamcmd\css_ds\cstrike\addons\sourcemod\logs\errors_20250531.log")
L 05/31/2025 - 12:59:17: [admin-flatfile.smx] Error(s) detected parsing addons\sourcemod\configs\admins.cfg
L 05/31/2025 - 12:59:17: [admin-flatfile.smx]  (line 10) Section declared without header
L 05/31/2025 - 12:59:17: [UPDATER] --- BEGIN ERRORS FROM AUTOMATIC UPDATER ---
L 05/31/2025 - 12:59:17: [UPDATER] Could not download "http://update.sourcemod.net/update/"
L 05/31/2025 - 12:59:17: [UPDATER] Error: The requested URL returned error: 521
L 05/31/2025 - 12:59:17: [UPDATER] --- END ERRORS FROM AUTOMATIC UPDATER ---
L 05/31/2025 - 13:01:35: SourceMod error session started
L 05/31/2025 - 13:01:35: Info (map "de_dust2") (file "C:\MyPrograms\steamcmd\css_ds\cstrike\addons\sourcemod\logs\errors_20250531.log")
L 05/31/2025 - 13:01:35: [admin-flatfile.smx] Error(s) detected parsing addons\sourcemod\configs\admins.cfg
L 05/31/2025 - 13:01:35: [admin-flatfile.smx]  (line 10) Section declared without header
L 05/31/2025 - 13:01:35: [UPDATER] --- BEGIN ERRORS FROM AUTOMATIC UPDATER ---
L 05/31/2025 - 13:01:35: [UPDATER] Could not download "http://update.sourcemod.net/update/"
L 05/31/2025 - 13:01:35: [UPDATER] Error: The requested URL returned error: 521
L 05/31/2025 - 13:01:35: [UPDATER] --- END ERRORS FROM AUTOMATIC UPDATER ---
L 05/31/2025 - 13:04:58: SourceMod error session started
L 05/31/2025 - 13:04:58: Info (map "de_dust2") (file "C:\MyPrograms\steamcmd\css_ds\cstrike\addons\sourcemod\logs\errors_20250531.log")
L 05/31/2025 - 13:04:58: [admin-flatfile.smx] Error(s) detected parsing addons\sourcemod\configs\admins.cfg
L 05/31/2025 - 13:04:58: [admin-flatfile.smx]  (line 10) Section declared without header
L 05/31/2025 - 13:04:59: [UPDATER] --- BEGIN ERRORS FROM AUTOMATIC UPDATER ---
L 05/31/2025 - 13:04:59: [UPDATER] Could not download "http://update.sourcemod.net/update/"
L 05/31/2025 - 13:04:59: [UPDATER] Error: The requested URL returned error: 521
L 05/31/2025 - 13:04:59: [UPDATER] --- END ERRORS FROM AUTOMATIC UPDATER ---
L 05/31/2025 - 13:06:19: Error log file session closed.
L 05/31/2025 - 13:06:19: SourceMod error session started
L 05/31/2025 - 13:06:19: Info (map "de_rats_rc_1337v4") (file "C:\MyPrograms\steamcmd\css_ds\cstrike\addons\sourcemod\logs\errors_20250531.log")
L 05/31/2025 - 13:06:19: [admin-flatfile.smx] Error(s) detected parsing addons\sourcemod\configs\admins.cfg
L 05/31/2025 - 13:06:19: [admin-flatfile.smx]  (line 10) Section declared without header
L 05/31/2025 - 13:07:36: SourceMod error session started
L 05/31/2025 - 13:07:36: Info (map "de_dust2") (file "C:\MyPrograms\steamcmd\css_ds\cstrike\addons\sourcemod\logs\errors_20250531.log")
L 05/31/2025 - 13:07:36: [admin-flatfile.smx] Error(s) detected parsing addons\sourcemod\configs\admins.cfg
L 05/31/2025 - 13:07:36: [admin-flatfile.smx]  (line 10) Section declared without header
L 05/31/2025 - 13:07:37: [UPDATER] --- BEGIN ERRORS FROM AUTOMATIC UPDATER ---
L 05/31/2025 - 13:07:37: [UPDATER] Could not download "http://update.sourcemod.net/update/"
L 05/31/2025 - 13:07:37: [UPDATER] Error: The requested URL returned error: 521
L 05/31/2025 - 13:07:37: [UPDATER] --- END ERRORS FROM AUTOMATIC UPDATER ---
L 05/31/2025 - 13:08:34: Error log file session closed.
L 05/31/2025 - 13:08:34: SourceMod error session started
L 05/31/2025 - 13:08:34: Info (map "de_train") (file "C:\MyPrograms\steamcmd\css_ds\cstrike\addons\sourcemod\logs\errors_20250531.log")
L 05/31/2025 - 13:08:34: [admin-flatfile.smx] Error(s) detected parsing addons\sourcemod\configs\admins.cfg
L 05/31/2025 - 13:08:34: [admin-flatfile.smx]  (line 10) Section declared without header
L 05/31/2025 - 13:10:32: Error log file session closed.
L 05/31/2025 - 13:10:32: SourceMod error session started
L 05/31/2025 - 13:10:32: Info (map "de_port") (file "C:\MyPrograms\steamcmd\css_ds\cstrike\addons\sourcemod\logs\errors_20250531.log")
L 05/31/2025 - 13:10:32: [admin-flatfile.smx] Error(s) detected parsing addons\sourcemod\configs\admins.cfg
L 05/31/2025 - 13:10:32: [admin-flatfile.smx]  (line 10) Section declared without header
L 05/31/2025 - 13:12:51: Error log file session closed.
L 05/31/2025 - 13:12:51: SourceMod error session started
L 05/31/2025 - 13:12:51: Info (map "cs_assault") (file "C:\MyPrograms\steamcmd\css_ds\cstrike\addons\sourcemod\logs\errors_20250531.log")
L 05/31/2025 - 13:12:51: [admin-flatfile.smx] Error(s) detected parsing addons\sourcemod\configs\admins.cfg
L 05/31/2025 - 13:12:51: [admin-flatfile.smx]  (line 10) Section declared without header
L 05/31/2025 - 18:30:49: SourceMod error session started
L 05/31/2025 - 18:30:49: Info (map "de_dust2") (file "C:\MyPrograms\steamcmd\css_ds\cstrike\addons\sourcemod\logs\errors_20250531.log")
L 05/31/2025 - 18:30:49: [admin-flatfile.smx] Error(s) detected parsing addons\sourcemod\configs\admins.cfg
L 05/31/2025 - 18:30:49: [admin-flatfile.smx]  (line 10) Section declared without header
L 05/31/2025 - 18:34:06: Error log file session closed.
L 05/31/2025 - 18:34:06: SourceMod error session started
L 05/31/2025 - 18:34:06: Info (map "de_mirage_csgo") (file "C:\MyPrograms\steamcmd\css_ds\cstrike\addons\sourcemod\logs\errors_20250531.log")
L 05/31/2025 - 18:34:06: [admin-flatfile.smx] Error(s) detected parsing addons\sourcemod\configs\admins.cfg
L 05/31/2025 - 18:34:06: [admin-flatfile.smx]  (line 10) Section declared without header
L 05/31/2025 - 18:39:06: SourceMod error session started
L 05/31/2025 - 18:39:06: Info (map "de_dust2") (file "C:\MyPrograms\steamcmd\css_ds\cstrike\addons\sourcemod\logs\errors_20250531.log")
L 05/31/2025 - 18:39:06: [admin-flatfile.smx] Error(s) detected parsing addons\sourcemod\configs\admins.cfg
L 05/31/2025 - 18:39:06: [admin-flatfile.smx]  (line 10) Section declared without header
L 05/31/2025 - 19:14:07: SourceMod error session started
L 05/31/2025 - 19:14:07: Info (map "de_dust2") (file "C:\MyPrograms\steamcmd\css_ds\cstrike\addons\sourcemod\logs\errors_20250531.log")
L 05/31/2025 - 19:14:07: [admin-flatfile.smx] Error(s) detected parsing addons\sourcemod\configs\admins.cfg
L 05/31/2025 - 19:14:07: [admin-flatfile.smx]  (line 10) Section declared without header
L 05/31/2025 - 19:18:23: Error log file session closed.
L 05/31/2025 - 19:18:23: SourceMod error session started
L 05/31/2025 - 19:18:23: Info (map "fy_snow_07") (file "C:\MyPrograms\steamcmd\css_ds\cstrike\addons\sourcemod\logs\errors_20250531.log")
L 05/31/2025 - 19:18:23: [admin-flatfile.smx] Error(s) detected parsing addons\sourcemod\configs\admins.cfg
L 05/31/2025 - 19:18:23: [admin-flatfile.smx]  (line 10) Section declared without header
L 05/31/2025 - 19:20:34: Error log file session closed.
L 05/31/2025 - 19:20:34: SourceMod error session started
L 05/31/2025 - 19:20:34: Info (map "de_piranesi") (file "C:\MyPrograms\steamcmd\css_ds\cstrike\addons\sourcemod\logs\errors_20250531.log")
L 05/31/2025 - 19:20:34: [admin-flatfile.smx] Error(s) detected parsing addons\sourcemod\configs\admins.cfg
L 05/31/2025 - 19:20:34: [admin-flatfile.smx]  (line 10) Section declared without header
L 05/31/2025 - 19:22:35: Error log file session closed.
L 05/31/2025 - 19:22:35: SourceMod error session started
L 05/31/2025 - 19:22:35: Info (map "de_inferno") (file "C:\MyPrograms\steamcmd\css_ds\cstrike\addons\sourcemod\logs\errors_20250531.log")
L 05/31/2025 - 19:22:35: [admin-flatfile.smx] Error(s) detected parsing addons\sourcemod\configs\admins.cfg
L 05/31/2025 - 19:22:35: [admin-flatfile.smx]  (line 10) Section declared without header
L 05/31/2025 - 19:33:55: Error log file session closed.
L 05/31/2025 - 19:33:55: SourceMod error session started
L 05/31/2025 - 19:33:55: Info (map "de_train") (file "C:\MyPrograms\steamcmd\css_ds\cstrike\addons\sourcemod\logs\errors_20250531.log")
L 05/31/2025 - 19:33:55: [admin-flatfile.smx] Error(s) detected parsing addons\sourcemod\configs\admins.cfg
L 05/31/2025 - 19:33:55: [admin-flatfile.smx]  (line 10) Section declared without header
L 05/31/2025 - 19:38:20: Error log file session closed.
L 05/31/2025 - 19:38:20: SourceMod error session started
L 05/31/2025 - 19:38:20: Info (map "fy_assault") (file "C:\MyPrograms\steamcmd\css_ds\cstrike\addons\sourcemod\logs\errors_20250531.log")
L 05/31/2025 - 19:38:20: [admin-flatfile.smx] Error(s) detected parsing addons\sourcemod\configs\admins.cfg
L 05/31/2025 - 19:38:20: [admin-flatfile.smx]  (line 10) Section declared without header
L 05/31/2025 - 19:48:02: SourceMod error session started
L 05/31/2025 - 19:48:02: Info (map "de_dust2") (file "C:\MyPrograms\steamcmd\css_ds\cstrike\addons\sourcemod\logs\errors_20250531.log")
L 05/31/2025 - 19:48:02: [admin-flatfile.smx] Error(s) detected parsing addons\sourcemod\configs\admins.cfg
L 05/31/2025 - 19:48:02: [admin-flatfile.smx]  (line 10) Section declared without header
L 05/31/2025 - 19:51:44: Error log file session closed.
L 05/31/2025 - 19:51:44: SourceMod error session started
L 05/31/2025 - 19:51:44: Info (map "de_train") (file "C:\MyPrograms\steamcmd\css_ds\cstrike\addons\sourcemod\logs\errors_20250531.log")
L 05/31/2025 - 19:51:44: [admin-flatfile.smx] Error(s) detected parsing addons\sourcemod\configs\admins.cfg
L 05/31/2025 - 19:51:44: [admin-flatfile.smx]  (line 10) Section declared without header
L 05/31/2025 - 19:53:39: Error log file session closed.
L 05/31/2025 - 19:53:39: SourceMod error session started
L 05/31/2025 - 19:53:39: Info (map "cs_compound") (file "C:\MyPrograms\steamcmd\css_ds\cstrike\addons\sourcemod\logs\errors_20250531.log")
L 05/31/2025 - 19:53:39: [admin-flatfile.smx] Error(s) detected parsing addons\sourcemod\configs\admins.cfg
L 05/31/2025 - 19:53:39: [admin-flatfile.smx]  (line 10) Section declared without header
L 05/31/2025 - 19:56:05: Error log file session closed.
L 05/31/2025 - 19:56:05: SourceMod error session started
L 05/31/2025 - 19:56:05: Info (map "fy_assault") (file "C:\MyPrograms\steamcmd\css_ds\cstrike\addons\sourcemod\logs\errors_20250531.log")
L 05/31/2025 - 19:56:05: [admin-flatfile.smx] Error(s) detected parsing addons\sourcemod\configs\admins.cfg
L 05/31/2025 - 19:56:05: [admin-flatfile.smx]  (line 10) Section declared without header
L 05/31/2025 - 19:57:18: Error log file session closed.
L 05/31/2025 - 19:57:18: SourceMod error session started
L 05/31/2025 - 19:57:18: Info (map "cs_office") (file "C:\MyPrograms\steamcmd\css_ds\cstrike\addons\sourcemod\logs\errors_20250531.log")
L 05/31/2025 - 19:57:18: [admin-flatfile.smx] Error(s) detected parsing addons\sourcemod\configs\admins.cfg
L 05/31/2025 - 19:57:18: [admin-flatfile.smx]  (line 10) Section declared without header
L 05/31/2025 - 20:00:57: SourceMod error session started
L 05/31/2025 - 20:00:57: Info (map "de_dust2") (file "C:\MyPrograms\steamcmd\css_ds\cstrike\addons\sourcemod\logs\errors_20250531.log")
L 05/31/2025 - 20:00:57: [admin-flatfile.smx] Error(s) detected parsing addons\sourcemod\configs\admins.cfg
L 05/31/2025 - 20:00:57: [admin-flatfile.smx]  (line 10) Section declared without header
L 05/31/2025 - 20:03:01: SourceMod error session started
L 05/31/2025 - 20:03:01: Info (map "de_dust2") (file "C:\MyPrograms\steamcmd\css_ds\cstrike\addons\sourcemod\logs\errors_20250531.log")
L 05/31/2025 - 20:03:01: [admin-flatfile.smx] Error(s) detected parsing addons\sourcemod\configs\admins.cfg
L 05/31/2025 - 20:03:01: [admin-flatfile.smx]  (line 10) Section declared without header
L 05/31/2025 - 20:05:01: SourceMod error session started
L 05/31/2025 - 20:05:01: Info (map "de_dust2") (file "C:\MyPrograms\steamcmd\css_ds\cstrike\addons\sourcemod\logs\errors_20250531.log")
L 05/31/2025 - 20:05:01: [admin-flatfile.smx] Error(s) detected parsing addons\sourcemod\configs\admins.cfg
L 05/31/2025 - 20:05:01: [admin-flatfile.smx]  (line 10) Section declared without header
L 05/31/2025 - 20:26:37: SourceMod error session started
L 05/31/2025 - 20:26:37: Info (map "de_dust2") (file "C:\MyPrograms\steamcmd\css_ds\cstrike\addons\sourcemod\logs\errors_20250531.log")
L 05/31/2025 - 20:26:37: [admin-flatfile.smx] Error(s) detected parsing addons\sourcemod\configs\admins.cfg
L 05/31/2025 - 20:26:37: [admin-flatfile.smx]  (line 10) Section declared without header
L 05/31/2025 - 20:42:06: SourceMod error session started
L 05/31/2025 - 20:42:06: Info (map "de_dust2") (file "C:\MyPrograms\steamcmd\css_ds\cstrike\addons\sourcemod\logs\errors_20250531.log")
L 05/31/2025 - 20:42:06: [admin-flatfile.smx] Error(s) detected parsing addons\sourcemod\configs\admins.cfg
L 05/31/2025 - 20:42:06: [admin-flatfile.smx]  (line 10) Section declared without header
L 05/31/2025 - 20:48:57: SourceMod error session started
L 05/31/2025 - 20:48:57: Info (map "de_dust2") (file "C:\MyPrograms\steamcmd\css_ds\cstrike\addons\sourcemod\logs\errors_20250531.log")
L 05/31/2025 - 20:48:57: [admin-flatfile.smx] Error(s) detected parsing addons\sourcemod\configs\admins.cfg
L 05/31/2025 - 20:48:57: [admin-flatfile.smx]  (line 10) Section declared without header
L 05/31/2025 - 20:52:24: SourceMod error session started
L 05/31/2025 - 20:52:24: Info (map "de_dust2") (file "C:\MyPrograms\steamcmd\css_ds\cstrike\addons\sourcemod\logs\errors_20250531.log")
L 05/31/2025 - 20:52:24: [admin-flatfile.smx] Error(s) detected parsing addons\sourcemod\configs\admins.cfg
L 05/31/2025 - 20:52:24: [admin-flatfile.smx]  (line 10) Section declared without header
L 06/01/2025 - 02:09:14: Error log file session closed.
