L 05/28/2025 - 08:26:50: SourceMod error session started
L 05/28/2025 - 08:26:50: Info (map "cs_assault") (file "C:\MyPrograms\steamcmd\css_ds\cstrike\addons\sourcemod\logs\errors_20250528.log")
L 05/28/2025 - 08:26:50: [SM] Fatal error encountered parsing translation file "plugin.bottools.txt"
L 05/28/2025 - 08:26:50: [SM] Error (line 0, column 0): Stream failed to open
L 05/28/2025 - 08:26:50: [SM] Error parsing gameconfig file "C:\MyPrograms\steamcmd\css_ds\cstrike\addons\sourcemod\gamedata\death_beam.games.txt":
L 05/28/2025 - 08:26:50: [SM] Error 1 on line 0, col 0: Stream failed to open
L 05/28/2025 - 08:26:50: [SM] Exception reported: Unable to open death_beam.games: File could not be opened: The system cannot find the file specified.

L 05/28/2025 - 08:26:50: [SM] Blaming: death_beam.smx
L 05/28/2025 - 08:26:50: [SM] Call stack trace:
L 05/28/2025 - 08:26:50: [SM]   [0] LoadGameConfigFile
L 05/28/2025 - 08:26:50: [SM]   [1] Line 79, /home/forums/content/files/2/6/2/5/8/19386.attach::OnPluginStart
L 05/28/2025 - 08:26:50: [SM] Unable to load plugin "death_beam.smx": Error detected in plugin startup (see error logs)
L 05/28/2025 - 08:26:52: [admin-flatfile.smx] Error(s) detected parsing addons\sourcemod\configs\admins.cfg
L 05/28/2025 - 08:26:52: [admin-flatfile.smx]  (line 10) Section declared without header
L 05/28/2025 - 08:32:10: SourceMod error session started
L 05/28/2025 - 08:32:10: Info (map "cs_assault") (file "C:\MyPrograms\steamcmd\css_ds\cstrike\addons\sourcemod\logs\errors_20250528.log")
L 05/28/2025 - 08:32:10: [admin-flatfile.smx] Error(s) detected parsing addons\sourcemod\configs\admins.cfg
L 05/28/2025 - 08:32:10: [admin-flatfile.smx]  (line 10) Section declared without header
L 05/28/2025 - 09:51:57: Error log file session closed.
L 05/28/2025 - 09:51:59: SourceMod error session started
L 05/28/2025 - 09:51:59: Info (map "de_dust2") (file "C:\MyPrograms\steamcmd\css_ds\cstrike\addons\sourcemod\logs\errors_20250528.log")
L 05/28/2025 - 09:51:59: [admin-flatfile.smx] Error(s) detected parsing addons\sourcemod\configs\admins.cfg
L 05/28/2025 - 09:51:59: [admin-flatfile.smx]  (line 10) Section declared without header
L 05/28/2025 - 10:06:07: SourceMod error session started
L 05/28/2025 - 10:06:07: Info (map "cs_assault") (file "C:\MyPrograms\steamcmd\css_ds\cstrike\addons\sourcemod\logs\errors_20250528.log")
L 05/28/2025 - 10:06:07: [admin-flatfile.smx] Error(s) detected parsing addons\sourcemod\configs\admins.cfg
L 05/28/2025 - 10:06:07: [admin-flatfile.smx]  (line 10) Section declared without header
L 05/28/2025 - 10:10:54: SourceMod error session started
L 05/28/2025 - 10:10:54: Info (map "cs_assault") (file "C:\MyPrograms\steamcmd\css_ds\cstrike\addons\sourcemod\logs\errors_20250528.log")
L 05/28/2025 - 10:10:54: [admin-flatfile.smx] Error(s) detected parsing addons\sourcemod\configs\admins.cfg
L 05/28/2025 - 10:10:54: [admin-flatfile.smx]  (line 10) Section declared without header
L 05/28/2025 - 10:14:53: SourceMod error session started
L 05/28/2025 - 10:14:53: Info (map "cs_assault") (file "C:\MyPrograms\steamcmd\css_ds\cstrike\addons\sourcemod\logs\errors_20250528.log")
L 05/28/2025 - 10:14:53: [admin-flatfile.smx] Error(s) detected parsing addons\sourcemod\configs\admins.cfg
L 05/28/2025 - 10:14:53: [admin-flatfile.smx]  (line 10) Section declared without header
L 05/28/2025 - 10:16:31: Error log file session closed.
L 05/28/2025 - 10:16:31: SourceMod error session started
L 05/28/2025 - 10:16:31: Info (map "de_dust2") (file "C:\MyPrograms\steamcmd\css_ds\cstrike\addons\sourcemod\logs\errors_20250528.log")
L 05/28/2025 - 10:16:31: [admin-flatfile.smx] Error(s) detected parsing addons\sourcemod\configs\admins.cfg
L 05/28/2025 - 10:16:31: [admin-flatfile.smx]  (line 10) Section declared without header
L 05/28/2025 - 10:49:04: SourceMod error session started
L 05/28/2025 - 10:49:04: Info (map "cs_assault") (file "C:\MyPrograms\steamcmd\css_ds\cstrike\addons\sourcemod\logs\errors_20250528.log")
L 05/28/2025 - 10:49:04: [admin-flatfile.smx] Error(s) detected parsing addons\sourcemod\configs\admins.cfg
L 05/28/2025 - 10:49:04: [admin-flatfile.smx]  (line 10) Section declared without header
L 05/28/2025 - 10:51:46: Error log file session closed.
L 05/28/2025 - 10:51:46: SourceMod error session started
L 05/28/2025 - 10:51:46: Info (map "de_dust2") (file "C:\MyPrograms\steamcmd\css_ds\cstrike\addons\sourcemod\logs\errors_20250528.log")
L 05/28/2025 - 10:51:46: [admin-flatfile.smx] Error(s) detected parsing addons\sourcemod\configs\admins.cfg
L 05/28/2025 - 10:51:46: [admin-flatfile.smx]  (line 10) Section declared without header
L 05/28/2025 - 10:59:02: [SM] Exception reported: Entity -1 (92) is invalid
L 05/28/2025 - 10:59:02: [SM] Blaming: bot2player_public.smx
L 05/28/2025 - 10:59:02: [SM] Call stack trace:
L 05/28/2025 - 10:59:02: [SM]   [0] SetEntPropEnt
L 05/28/2025 - 10:59:02: [SM]   [1] Line 1010, D:\MY_PLUGINS\include\smlib/clients.inc::Client_SetActiveWeapon
L 05/28/2025 - 10:59:02: [SM]   [2] Line 378, D:\MY_PLUGINS\bot2player_public.sp::Give_iTargetWeaponsTo_iClient
L 05/28/2025 - 11:01:15: SourceMod error session started
L 05/28/2025 - 11:01:15: Info (map "cs_assault") (file "C:\MyPrograms\steamcmd\css_ds\cstrike\addons\sourcemod\logs\errors_20250528.log")
L 05/28/2025 - 11:01:15: [admin-flatfile.smx] Error(s) detected parsing addons\sourcemod\configs\admins.cfg
L 05/28/2025 - 11:01:15: [admin-flatfile.smx]  (line 10) Section declared without header
L 05/28/2025 - 11:05:10: Error log file session closed.
L 05/28/2025 - 11:05:10: SourceMod error session started
L 05/28/2025 - 11:05:10: Info (map "de_dust2") (file "C:\MyPrograms\steamcmd\css_ds\cstrike\addons\sourcemod\logs\errors_20250528.log")
L 05/28/2025 - 11:05:10: [admin-flatfile.smx] Error(s) detected parsing addons\sourcemod\configs\admins.cfg
L 05/28/2025 - 11:05:10: [admin-flatfile.smx]  (line 10) Section declared without header
L 05/28/2025 - 11:07:47: [SM] Exception reported: Entity -1 (80) is invalid
L 05/28/2025 - 11:07:47: [SM] Blaming: bot2player_public.smx
L 05/28/2025 - 11:07:47: [SM] Call stack trace:
L 05/28/2025 - 11:07:47: [SM]   [0] SetEntPropEnt
L 05/28/2025 - 11:07:47: [SM]   [1] Line 1010, D:\MY_PLUGINS\include\smlib/clients.inc::Client_SetActiveWeapon
L 05/28/2025 - 11:07:47: [SM]   [2] Line 378, D:\MY_PLUGINS\bot2player_public.sp::Give_iTargetWeaponsTo_iClient
L 05/28/2025 - 11:12:39: SourceMod error session started
L 05/28/2025 - 11:12:39: Info (map "cs_assault") (file "C:\MyPrograms\steamcmd\css_ds\cstrike\addons\sourcemod\logs\errors_20250528.log")
L 05/28/2025 - 11:12:39: [admin-flatfile.smx] Error(s) detected parsing addons\sourcemod\configs\admins.cfg
L 05/28/2025 - 11:12:39: [admin-flatfile.smx]  (line 10) Section declared without header
L 05/28/2025 - 11:16:00: SourceMod error session started
L 05/28/2025 - 11:16:00: Info (map "cs_assault") (file "C:\MyPrograms\steamcmd\css_ds\cstrike\addons\sourcemod\logs\errors_20250528.log")
L 05/28/2025 - 11:16:00: [admin-flatfile.smx] Error(s) detected parsing addons\sourcemod\configs\admins.cfg
L 05/28/2025 - 11:16:00: [admin-flatfile.smx]  (line 10) Section declared without header
L 05/28/2025 - 11:20:44: Error log file session closed.
L 05/28/2025 - 11:20:44: SourceMod error session started
L 05/28/2025 - 11:20:44: Info (map "de_dust2") (file "C:\MyPrograms\steamcmd\css_ds\cstrike\addons\sourcemod\logs\errors_20250528.log")
L 05/28/2025 - 11:20:44: [admin-flatfile.smx] Error(s) detected parsing addons\sourcemod\configs\admins.cfg
L 05/28/2025 - 11:20:44: [admin-flatfile.smx]  (line 10) Section declared without header
L 05/28/2025 - 11:38:07: SourceMod error session started
L 05/28/2025 - 11:38:07: Info (map "cs_assault") (file "C:\MyPrograms\steamcmd\css_ds\cstrike\addons\sourcemod\logs\errors_20250528.log")
L 05/28/2025 - 11:38:07: [admin-flatfile.smx] Error(s) detected parsing addons\sourcemod\configs\admins.cfg
L 05/28/2025 - 11:38:07: [admin-flatfile.smx]  (line 10) Section declared without header
L 05/28/2025 - 11:42:28: SourceMod error session started
L 05/28/2025 - 11:42:28: Info (map "cs_assault") (file "C:\MyPrograms\steamcmd\css_ds\cstrike\addons\sourcemod\logs\errors_20250528.log")
L 05/28/2025 - 11:42:28: [admin-flatfile.smx] Error(s) detected parsing addons\sourcemod\configs\admins.cfg
L 05/28/2025 - 11:42:28: [admin-flatfile.smx]  (line 10) Section declared without header
L 05/28/2025 - 11:43:03: SourceMod error session started
L 05/28/2025 - 11:43:03: Info (map "cs_assault") (file "C:\MyPrograms\steamcmd\css_ds\cstrike\addons\sourcemod\logs\errors_20250528.log")
L 05/28/2025 - 11:43:03: [admin-flatfile.smx] Error(s) detected parsing addons\sourcemod\configs\admins.cfg
L 05/28/2025 - 11:43:03: [admin-flatfile.smx]  (line 10) Section declared without header
L 05/28/2025 - 11:45:40: Error log file session closed.
L 05/28/2025 - 11:45:40: SourceMod error session started
L 05/28/2025 - 11:45:40: Info (map "de_dust2") (file "C:\MyPrograms\steamcmd\css_ds\cstrike\addons\sourcemod\logs\errors_20250528.log")
L 05/28/2025 - 11:45:40: [admin-flatfile.smx] Error(s) detected parsing addons\sourcemod\configs\admins.cfg
L 05/28/2025 - 11:45:40: [admin-flatfile.smx]  (line 10) Section declared without header
L 05/28/2025 - 11:50:56: SourceMod error session started
L 05/28/2025 - 11:50:56: Info (map "cs_assault") (file "C:\MyPrograms\steamcmd\css_ds\cstrike\addons\sourcemod\logs\errors_20250528.log")
L 05/28/2025 - 11:50:56: [admin-flatfile.smx] Error(s) detected parsing addons\sourcemod\configs\admins.cfg
L 05/28/2025 - 11:50:56: [admin-flatfile.smx]  (line 10) Section declared without header
L 05/28/2025 - 12:04:03: SourceMod error session started
L 05/28/2025 - 12:04:03: Info (map "cs_assault") (file "C:\MyPrograms\steamcmd\css_ds\cstrike\addons\sourcemod\logs\errors_20250528.log")
L 05/28/2025 - 12:04:03: [admin-flatfile.smx] Error(s) detected parsing addons\sourcemod\configs\admins.cfg
L 05/28/2025 - 12:04:03: [admin-flatfile.smx]  (line 10) Section declared without header
L 05/28/2025 - 12:22:45: Error log file session closed.
L 05/28/2025 - 12:22:45: SourceMod error session started
L 05/28/2025 - 12:22:45: Info (map "de_dust2") (file "C:\MyPrograms\steamcmd\css_ds\cstrike\addons\sourcemod\logs\errors_20250528.log")
L 05/28/2025 - 12:22:45: [admin-flatfile.smx] Error(s) detected parsing addons\sourcemod\configs\admins.cfg
L 05/28/2025 - 12:22:45: [admin-flatfile.smx]  (line 10) Section declared without header
L 05/28/2025 - 12:32:30: Error log file session closed.
L 05/28/2025 - 12:32:30: SourceMod error session started
L 05/28/2025 - 12:32:30: Info (map "de_port") (file "C:\MyPrograms\steamcmd\css_ds\cstrike\addons\sourcemod\logs\errors_20250528.log")
L 05/28/2025 - 12:32:30: [admin-flatfile.smx] Error(s) detected parsing addons\sourcemod\configs\admins.cfg
L 05/28/2025 - 12:32:30: [admin-flatfile.smx]  (line 10) Section declared without header
L 05/28/2025 - 12:45:37: SourceMod error session started
L 05/28/2025 - 12:45:37: Info (map "cs_assault") (file "C:\MyPrograms\steamcmd\css_ds\cstrike\addons\sourcemod\logs\errors_20250528.log")
L 05/28/2025 - 12:45:37: [admin-flatfile.smx] Error(s) detected parsing addons\sourcemod\configs\admins.cfg
L 05/28/2025 - 12:45:37: [admin-flatfile.smx]  (line 10) Section declared without header
L 05/28/2025 - 12:46:17: [SM] Exception reported: String formatted incorrectly - parameter 8 (total 7)
L 05/28/2025 - 12:46:17: [SM] Blaming: cs-netstat-ping.smx
L 05/28/2025 - 12:46:17: [SM] Call stack trace:
L 05/28/2025 - 12:46:17: [SM]   [0] PrintToChat
L 05/28/2025 - 12:46:17: [SM]   [1] Line 98, /groups/sourcemod/upload_tmp/textnAcfBe.sp::Timer_UAVScan
L 05/28/2025 - 12:46:18: [SM] Exception reported: String formatted incorrectly - parameter 8 (total 7)
L 05/28/2025 - 12:46:18: [SM] Blaming: cs-netstat-ping.smx
L 05/28/2025 - 12:46:18: [SM] Call stack trace:
L 05/28/2025 - 12:46:18: [SM]   [0] PrintToChat
L 05/28/2025 - 12:46:18: [SM]   [1] Line 98, /groups/sourcemod/upload_tmp/textnAcfBe.sp::Timer_UAVScan
L 05/28/2025 - 12:46:19: [SM] Exception reported: String formatted incorrectly - parameter 8 (total 7)
L 05/28/2025 - 12:46:19: [SM] Blaming: cs-netstat-ping.smx
L 05/28/2025 - 12:46:19: [SM] Call stack trace:
L 05/28/2025 - 12:46:19: [SM]   [0] PrintToChat
L 05/28/2025 - 12:46:19: [SM]   [1] Line 98, /groups/sourcemod/upload_tmp/textnAcfBe.sp::Timer_UAVScan
L 05/28/2025 - 12:46:20: [SM] Exception reported: String formatted incorrectly - parameter 8 (total 7)
L 05/28/2025 - 12:46:20: [SM] Blaming: cs-netstat-ping.smx
L 05/28/2025 - 12:46:20: [SM] Call stack trace:
L 05/28/2025 - 12:46:20: [SM]   [0] PrintToChat
L 05/28/2025 - 12:46:20: [SM]   [1] Line 98, /groups/sourcemod/upload_tmp/textnAcfBe.sp::Timer_UAVScan
L 05/28/2025 - 12:46:21: [SM] Exception reported: String formatted incorrectly - parameter 8 (total 7)
L 05/28/2025 - 12:46:21: [SM] Blaming: cs-netstat-ping.smx
L 05/28/2025 - 12:46:21: [SM] Call stack trace:
L 05/28/2025 - 12:46:21: [SM]   [0] PrintToChat
L 05/28/2025 - 12:46:21: [SM]   [1] Line 98, /groups/sourcemod/upload_tmp/textnAcfBe.sp::Timer_UAVScan
L 05/28/2025 - 12:46:23: [SM] Exception reported: String formatted incorrectly - parameter 8 (total 7)
L 05/28/2025 - 12:46:23: [SM] Blaming: cs-netstat-ping.smx
L 05/28/2025 - 12:46:23: [SM] Call stack trace:
L 05/28/2025 - 12:46:23: [SM]   [0] PrintToChat
L 05/28/2025 - 12:46:23: [SM]   [1] Line 98, /groups/sourcemod/upload_tmp/textnAcfBe.sp::Timer_UAVScan
L 05/28/2025 - 12:46:24: [SM] Exception reported: String formatted incorrectly - parameter 8 (total 7)
L 05/28/2025 - 12:46:24: [SM] Blaming: cs-netstat-ping.smx
L 05/28/2025 - 12:46:24: [SM] Call stack trace:
L 05/28/2025 - 12:46:24: [SM]   [0] PrintToChat
L 05/28/2025 - 12:46:24: [SM]   [1] Line 98, /groups/sourcemod/upload_tmp/textnAcfBe.sp::Timer_UAVScan
L 05/28/2025 - 12:46:25: [SM] Exception reported: String formatted incorrectly - parameter 8 (total 7)
L 05/28/2025 - 12:46:25: [SM] Blaming: cs-netstat-ping.smx
L 05/28/2025 - 12:46:25: [SM] Call stack trace:
L 05/28/2025 - 12:46:25: [SM]   [0] PrintToChat
L 05/28/2025 - 12:46:25: [SM]   [1] Line 98, /groups/sourcemod/upload_tmp/textnAcfBe.sp::Timer_UAVScan
L 05/28/2025 - 12:46:26: [SM] Exception reported: String formatted incorrectly - parameter 8 (total 7)
L 05/28/2025 - 12:46:26: [SM] Blaming: cs-netstat-ping.smx
L 05/28/2025 - 12:46:26: [SM] Call stack trace:
L 05/28/2025 - 12:46:26: [SM]   [0] PrintToChat
L 05/28/2025 - 12:46:26: [SM]   [1] Line 98, /groups/sourcemod/upload_tmp/textnAcfBe.sp::Timer_UAVScan
L 05/28/2025 - 12:46:27: [SM] Exception reported: String formatted incorrectly - parameter 8 (total 7)
L 05/28/2025 - 12:46:27: [SM] Blaming: cs-netstat-ping.smx
L 05/28/2025 - 12:46:27: [SM] Call stack trace:
L 05/28/2025 - 12:46:27: [SM]   [0] PrintToChat
L 05/28/2025 - 12:46:27: [SM]   [1] Line 98, /groups/sourcemod/upload_tmp/textnAcfBe.sp::Timer_UAVScan
L 05/28/2025 - 12:46:28: [SM] Exception reported: String formatted incorrectly - parameter 8 (total 7)
L 05/28/2025 - 12:46:28: [SM] Blaming: cs-netstat-ping.smx
L 05/28/2025 - 12:46:28: [SM] Call stack trace:
L 05/28/2025 - 12:46:28: [SM]   [0] PrintToChat
L 05/28/2025 - 12:46:28: [SM]   [1] Line 98, /groups/sourcemod/upload_tmp/textnAcfBe.sp::Timer_UAVScan
L 05/28/2025 - 12:46:29: [SM] Exception reported: String formatted incorrectly - parameter 8 (total 7)
L 05/28/2025 - 12:46:29: [SM] Blaming: cs-netstat-ping.smx
L 05/28/2025 - 12:46:29: [SM] Call stack trace:
L 05/28/2025 - 12:46:29: [SM]   [0] PrintToChat
L 05/28/2025 - 12:46:29: [SM]   [1] Line 98, /groups/sourcemod/upload_tmp/textnAcfBe.sp::Timer_UAVScan
L 05/28/2025 - 12:46:30: [SM] Exception reported: String formatted incorrectly - parameter 8 (total 7)
L 05/28/2025 - 12:46:30: [SM] Blaming: cs-netstat-ping.smx
L 05/28/2025 - 12:46:30: [SM] Call stack trace:
L 05/28/2025 - 12:46:30: [SM]   [0] PrintToChat
L 05/28/2025 - 12:46:30: [SM]   [1] Line 98, /groups/sourcemod/upload_tmp/textnAcfBe.sp::Timer_UAVScan
L 05/28/2025 - 12:46:33: [SM] Exception reported: String formatted incorrectly - parameter 8 (total 7)
L 05/28/2025 - 12:46:33: [SM] Blaming: cs-netstat-ping.smx
L 05/28/2025 - 12:46:33: [SM] Call stack trace:
L 05/28/2025 - 12:46:33: [SM]   [0] PrintToChat
L 05/28/2025 - 12:46:33: [SM]   [1] Line 98, /groups/sourcemod/upload_tmp/textnAcfBe.sp::Timer_UAVScan
L 05/28/2025 - 12:46:34: [SM] Exception reported: String formatted incorrectly - parameter 8 (total 7)
L 05/28/2025 - 12:46:34: [SM] Blaming: cs-netstat-ping.smx
L 05/28/2025 - 12:46:34: [SM] Call stack trace:
L 05/28/2025 - 12:46:34: [SM]   [0] PrintToChat
L 05/28/2025 - 12:46:34: [SM]   [1] Line 98, /groups/sourcemod/upload_tmp/textnAcfBe.sp::Timer_UAVScan
L 05/28/2025 - 12:46:35: [SM] Exception reported: String formatted incorrectly - parameter 8 (total 7)
L 05/28/2025 - 12:46:35: [SM] Blaming: cs-netstat-ping.smx
L 05/28/2025 - 12:46:35: [SM] Call stack trace:
L 05/28/2025 - 12:46:35: [SM]   [0] PrintToChat
L 05/28/2025 - 12:46:35: [SM]   [1] Line 98, /groups/sourcemod/upload_tmp/textnAcfBe.sp::Timer_UAVScan
L 05/28/2025 - 12:46:36: [SM] Exception reported: String formatted incorrectly - parameter 8 (total 7)
L 05/28/2025 - 12:46:36: [SM] Blaming: cs-netstat-ping.smx
L 05/28/2025 - 12:46:36: [SM] Call stack trace:
L 05/28/2025 - 12:46:36: [SM]   [0] PrintToChat
L 05/28/2025 - 12:46:36: [SM]   [1] Line 98, /groups/sourcemod/upload_tmp/textnAcfBe.sp::Timer_UAVScan
L 05/28/2025 - 12:46:37: [SM] Exception reported: String formatted incorrectly - parameter 8 (total 7)
L 05/28/2025 - 12:46:37: [SM] Blaming: cs-netstat-ping.smx
L 05/28/2025 - 12:46:37: [SM] Call stack trace:
L 05/28/2025 - 12:46:37: [SM]   [0] PrintToChat
L 05/28/2025 - 12:46:37: [SM]   [1] Line 98, /groups/sourcemod/upload_tmp/textnAcfBe.sp::Timer_UAVScan
L 05/28/2025 - 12:46:38: [SM] Exception reported: String formatted incorrectly - parameter 8 (total 7)
L 05/28/2025 - 12:46:38: [SM] Blaming: cs-netstat-ping.smx
L 05/28/2025 - 12:46:38: [SM] Call stack trace:
L 05/28/2025 - 12:46:38: [SM]   [0] PrintToChat
L 05/28/2025 - 12:46:38: [SM]   [1] Line 98, /groups/sourcemod/upload_tmp/textnAcfBe.sp::Timer_UAVScan
L 05/28/2025 - 12:46:39: [SM] Exception reported: String formatted incorrectly - parameter 8 (total 7)
L 05/28/2025 - 12:46:39: [SM] Blaming: cs-netstat-ping.smx
L 05/28/2025 - 12:46:39: [SM] Call stack trace:
L 05/28/2025 - 12:46:39: [SM]   [0] PrintToChat
L 05/28/2025 - 12:46:39: [SM]   [1] Line 98, /groups/sourcemod/upload_tmp/textnAcfBe.sp::Timer_UAVScan
L 05/28/2025 - 12:46:40: [SM] Exception reported: String formatted incorrectly - parameter 8 (total 7)
L 05/28/2025 - 12:46:40: [SM] Blaming: cs-netstat-ping.smx
L 05/28/2025 - 12:46:40: [SM] Call stack trace:
L 05/28/2025 - 12:46:40: [SM]   [0] PrintToChat
L 05/28/2025 - 12:46:40: [SM]   [1] Line 98, /groups/sourcemod/upload_tmp/textnAcfBe.sp::Timer_UAVScan
L 05/28/2025 - 12:46:42: [SM] Exception reported: String formatted incorrectly - parameter 8 (total 7)
L 05/28/2025 - 12:46:42: [SM] Blaming: cs-netstat-ping.smx
L 05/28/2025 - 12:46:42: [SM] Call stack trace:
L 05/28/2025 - 12:46:42: [SM]   [0] PrintToChat
L 05/28/2025 - 12:46:42: [SM]   [1] Line 98, /groups/sourcemod/upload_tmp/textnAcfBe.sp::Timer_UAVScan
L 05/28/2025 - 12:46:43: [SM] Exception reported: String formatted incorrectly - parameter 8 (total 7)
L 05/28/2025 - 12:46:43: [SM] Blaming: cs-netstat-ping.smx
L 05/28/2025 - 12:46:43: [SM] Call stack trace:
L 05/28/2025 - 12:46:43: [SM]   [0] PrintToChat
L 05/28/2025 - 12:46:43: [SM]   [1] Line 98, /groups/sourcemod/upload_tmp/textnAcfBe.sp::Timer_UAVScan
L 05/28/2025 - 12:46:44: [SM] Exception reported: String formatted incorrectly - parameter 8 (total 7)
L 05/28/2025 - 12:46:44: [SM] Blaming: cs-netstat-ping.smx
L 05/28/2025 - 12:46:44: [SM] Call stack trace:
L 05/28/2025 - 12:46:44: [SM]   [0] PrintToChat
L 05/28/2025 - 12:46:44: [SM]   [1] Line 98, /groups/sourcemod/upload_tmp/textnAcfBe.sp::Timer_UAVScan
L 05/28/2025 - 12:46:45: [SM] Exception reported: String formatted incorrectly - parameter 8 (total 7)
L 05/28/2025 - 12:46:45: [SM] Blaming: cs-netstat-ping.smx
L 05/28/2025 - 12:46:45: [SM] Call stack trace:
L 05/28/2025 - 12:46:45: [SM]   [0] PrintToChat
L 05/28/2025 - 12:46:45: [SM]   [1] Line 98, /groups/sourcemod/upload_tmp/textnAcfBe.sp::Timer_UAVScan
L 05/28/2025 - 12:46:46: [SM] Exception reported: String formatted incorrectly - parameter 8 (total 7)
L 05/28/2025 - 12:46:46: [SM] Blaming: cs-netstat-ping.smx
L 05/28/2025 - 12:46:46: [SM] Call stack trace:
L 05/28/2025 - 12:46:46: [SM]   [0] PrintToChat
L 05/28/2025 - 12:46:46: [SM]   [1] Line 98, /groups/sourcemod/upload_tmp/textnAcfBe.sp::Timer_UAVScan
L 05/28/2025 - 12:46:47: [SM] Exception reported: String formatted incorrectly - parameter 8 (total 7)
L 05/28/2025 - 12:46:47: [SM] Blaming: cs-netstat-ping.smx
L 05/28/2025 - 12:46:47: [SM] Call stack trace:
L 05/28/2025 - 12:46:47: [SM]   [0] PrintToChat
L 05/28/2025 - 12:46:47: [SM]   [1] Line 98, /groups/sourcemod/upload_tmp/textnAcfBe.sp::Timer_UAVScan
L 05/28/2025 - 12:46:48: [SM] Exception reported: String formatted incorrectly - parameter 8 (total 7)
L 05/28/2025 - 12:46:48: [SM] Blaming: cs-netstat-ping.smx
L 05/28/2025 - 12:46:48: [SM] Call stack trace:
L 05/28/2025 - 12:46:48: [SM]   [0] PrintToChat
L 05/28/2025 - 12:46:48: [SM]   [1] Line 98, /groups/sourcemod/upload_tmp/textnAcfBe.sp::Timer_UAVScan
L 05/28/2025 - 12:46:49: [SM] Exception reported: String formatted incorrectly - parameter 8 (total 7)
L 05/28/2025 - 12:46:49: [SM] Blaming: cs-netstat-ping.smx
L 05/28/2025 - 12:46:49: [SM] Call stack trace:
L 05/28/2025 - 12:46:49: [SM]   [0] PrintToChat
L 05/28/2025 - 12:46:49: [SM]   [1] Line 98, /groups/sourcemod/upload_tmp/textnAcfBe.sp::Timer_UAVScan
L 05/28/2025 - 12:47:48: SourceMod error session started
L 05/28/2025 - 12:47:48: Info (map "cs_assault") (file "C:\MyPrograms\steamcmd\css_ds\cstrike\addons\sourcemod\logs\errors_20250528.log")
L 05/28/2025 - 12:47:48: [admin-flatfile.smx] Error(s) detected parsing addons\sourcemod\configs\admins.cfg
L 05/28/2025 - 12:47:48: [admin-flatfile.smx]  (line 10) Section declared without header
L 05/28/2025 - 12:48:36: [SM] Exception reported: String formatted incorrectly - parameter 8 (total 7)
L 05/28/2025 - 12:48:36: [SM] Blaming: cs-netstat-ping.smx
L 05/28/2025 - 12:48:36: [SM] Call stack trace:
L 05/28/2025 - 12:48:36: [SM]   [0] PrintToChat
L 05/28/2025 - 12:48:36: [SM]   [1] Line 98, /groups/sourcemod/upload_tmp/text57ft6f.sp::Timer_UAVScan
L 05/28/2025 - 12:48:38: [SM] Exception reported: String formatted incorrectly - parameter 8 (total 7)
L 05/28/2025 - 12:48:38: [SM] Blaming: cs-netstat-ping.smx
L 05/28/2025 - 12:48:38: [SM] Call stack trace:
L 05/28/2025 - 12:48:38: [SM]   [0] PrintToChat
L 05/28/2025 - 12:48:38: [SM]   [1] Line 98, /groups/sourcemod/upload_tmp/text57ft6f.sp::Timer_UAVScan
L 05/28/2025 - 12:48:39: [SM] Exception reported: String formatted incorrectly - parameter 8 (total 7)
L 05/28/2025 - 12:48:39: [SM] Blaming: cs-netstat-ping.smx
L 05/28/2025 - 12:48:39: [SM] Call stack trace:
L 05/28/2025 - 12:48:39: [SM]   [0] PrintToChat
L 05/28/2025 - 12:48:39: [SM]   [1] Line 98, /groups/sourcemod/upload_tmp/text57ft6f.sp::Timer_UAVScan
L 05/28/2025 - 12:48:40: [SM] Exception reported: String formatted incorrectly - parameter 8 (total 7)
L 05/28/2025 - 12:48:40: [SM] Blaming: cs-netstat-ping.smx
L 05/28/2025 - 12:48:40: [SM] Call stack trace:
L 05/28/2025 - 12:48:40: [SM]   [0] PrintToChat
L 05/28/2025 - 12:48:40: [SM]   [1] Line 98, /groups/sourcemod/upload_tmp/text57ft6f.sp::Timer_UAVScan
L 05/28/2025 - 12:48:41: [SM] Exception reported: String formatted incorrectly - parameter 8 (total 7)
L 05/28/2025 - 12:48:41: [SM] Blaming: cs-netstat-ping.smx
L 05/28/2025 - 12:48:41: [SM] Call stack trace:
L 05/28/2025 - 12:48:41: [SM]   [0] PrintToChat
L 05/28/2025 - 12:48:41: [SM]   [1] Line 98, /groups/sourcemod/upload_tmp/text57ft6f.sp::Timer_UAVScan
L 05/28/2025 - 12:48:42: [SM] Exception reported: String formatted incorrectly - parameter 8 (total 7)
L 05/28/2025 - 12:48:42: [SM] Blaming: cs-netstat-ping.smx
L 05/28/2025 - 12:48:42: [SM] Call stack trace:
L 05/28/2025 - 12:48:42: [SM]   [0] PrintToChat
L 05/28/2025 - 12:48:42: [SM]   [1] Line 98, /groups/sourcemod/upload_tmp/text57ft6f.sp::Timer_UAVScan
L 05/28/2025 - 12:48:43: [SM] Exception reported: String formatted incorrectly - parameter 8 (total 7)
L 05/28/2025 - 12:48:43: [SM] Blaming: cs-netstat-ping.smx
L 05/28/2025 - 12:48:43: [SM] Call stack trace:
L 05/28/2025 - 12:48:43: [SM]   [0] PrintToChat
L 05/28/2025 - 12:48:43: [SM]   [1] Line 98, /groups/sourcemod/upload_tmp/text57ft6f.sp::Timer_UAVScan
L 05/28/2025 - 12:48:44: [SM] Exception reported: String formatted incorrectly - parameter 8 (total 7)
L 05/28/2025 - 12:48:44: [SM] Blaming: cs-netstat-ping.smx
L 05/28/2025 - 12:48:44: [SM] Call stack trace:
L 05/28/2025 - 12:48:44: [SM]   [0] PrintToChat
L 05/28/2025 - 12:48:44: [SM]   [1] Line 98, /groups/sourcemod/upload_tmp/text57ft6f.sp::Timer_UAVScan
L 05/28/2025 - 12:48:45: [SM] Exception reported: String formatted incorrectly - parameter 8 (total 7)
L 05/28/2025 - 12:48:45: [SM] Blaming: cs-netstat-ping.smx
L 05/28/2025 - 12:48:45: [SM] Call stack trace:
L 05/28/2025 - 12:48:45: [SM]   [0] PrintToChat
L 05/28/2025 - 12:48:45: [SM]   [1] Line 98, /groups/sourcemod/upload_tmp/text57ft6f.sp::Timer_UAVScan
L 05/28/2025 - 12:48:46: [SM] Exception reported: String formatted incorrectly - parameter 8 (total 7)
L 05/28/2025 - 12:48:46: [SM] Blaming: cs-netstat-ping.smx
L 05/28/2025 - 12:48:46: [SM] Call stack trace:
L 05/28/2025 - 12:48:46: [SM]   [0] PrintToChat
L 05/28/2025 - 12:48:46: [SM]   [1] Line 98, /groups/sourcemod/upload_tmp/text57ft6f.sp::Timer_UAVScan
L 05/28/2025 - 12:48:47: [SM] Exception reported: String formatted incorrectly - parameter 8 (total 7)
L 05/28/2025 - 12:48:47: [SM] Blaming: cs-netstat-ping.smx
L 05/28/2025 - 12:48:47: [SM] Call stack trace:
L 05/28/2025 - 12:48:47: [SM]   [0] PrintToChat
L 05/28/2025 - 12:48:47: [SM]   [1] Line 98, /groups/sourcemod/upload_tmp/text57ft6f.sp::Timer_UAVScan
L 05/28/2025 - 12:48:54: [SM] Exception reported: String formatted incorrectly - parameter 8 (total 7)
L 05/28/2025 - 12:48:54: [SM] Blaming: cs-netstat-ping.smx
L 05/28/2025 - 12:48:54: [SM] Call stack trace:
L 05/28/2025 - 12:48:54: [SM]   [0] PrintToChat
L 05/28/2025 - 12:48:54: [SM]   [1] Line 98, /groups/sourcemod/upload_tmp/text57ft6f.sp::Timer_UAVScan
L 05/28/2025 - 12:48:55: [SM] Exception reported: String formatted incorrectly - parameter 8 (total 7)
L 05/28/2025 - 12:48:55: [SM] Blaming: cs-netstat-ping.smx
L 05/28/2025 - 12:48:55: [SM] Call stack trace:
L 05/28/2025 - 12:48:55: [SM]   [0] PrintToChat
L 05/28/2025 - 12:48:55: [SM]   [1] Line 98, /groups/sourcemod/upload_tmp/text57ft6f.sp::Timer_UAVScan
L 05/28/2025 - 12:48:56: [SM] Exception reported: String formatted incorrectly - parameter 8 (total 7)
L 05/28/2025 - 12:48:56: [SM] Blaming: cs-netstat-ping.smx
L 05/28/2025 - 12:48:56: [SM] Call stack trace:
L 05/28/2025 - 12:48:56: [SM]   [0] PrintToChat
L 05/28/2025 - 12:48:56: [SM]   [1] Line 98, /groups/sourcemod/upload_tmp/text57ft6f.sp::Timer_UAVScan
L 05/28/2025 - 12:48:57: [SM] Exception reported: String formatted incorrectly - parameter 8 (total 7)
L 05/28/2025 - 12:48:57: [SM] Blaming: cs-netstat-ping.smx
L 05/28/2025 - 12:48:57: [SM] Call stack trace:
L 05/28/2025 - 12:48:57: [SM]   [0] PrintToChat
L 05/28/2025 - 12:48:57: [SM]   [1] Line 98, /groups/sourcemod/upload_tmp/text57ft6f.sp::Timer_UAVScan
L 05/28/2025 - 12:48:58: [SM] Exception reported: String formatted incorrectly - parameter 8 (total 7)
L 05/28/2025 - 12:48:58: [SM] Blaming: cs-netstat-ping.smx
L 05/28/2025 - 12:48:58: [SM] Call stack trace:
L 05/28/2025 - 12:48:58: [SM]   [0] PrintToChat
L 05/28/2025 - 12:48:58: [SM]   [1] Line 98, /groups/sourcemod/upload_tmp/text57ft6f.sp::Timer_UAVScan
L 05/28/2025 - 12:49:03: [SM] Exception reported: String formatted incorrectly - parameter 8 (total 7)
L 05/28/2025 - 12:49:03: [SM] Blaming: cs-netstat-ping.smx
L 05/28/2025 - 12:49:03: [SM] Call stack trace:
L 05/28/2025 - 12:49:03: [SM]   [0] PrintToChat
L 05/28/2025 - 12:49:03: [SM]   [1] Line 98, /groups/sourcemod/upload_tmp/text57ft6f.sp::Timer_UAVScan
L 05/28/2025 - 12:49:04: [SM] Exception reported: String formatted incorrectly - parameter 8 (total 7)
L 05/28/2025 - 12:49:04: [SM] Blaming: cs-netstat-ping.smx
L 05/28/2025 - 12:49:04: [SM] Call stack trace:
L 05/28/2025 - 12:49:04: [SM]   [0] PrintToChat
L 05/28/2025 - 12:49:04: [SM]   [1] Line 98, /groups/sourcemod/upload_tmp/text57ft6f.sp::Timer_UAVScan
L 05/28/2025 - 12:49:05: [SM] Exception reported: String formatted incorrectly - parameter 8 (total 7)
L 05/28/2025 - 12:49:05: [SM] Blaming: cs-netstat-ping.smx
L 05/28/2025 - 12:49:05: [SM] Call stack trace:
L 05/28/2025 - 12:49:05: [SM]   [0] PrintToChat
L 05/28/2025 - 12:49:05: [SM]   [1] Line 98, /groups/sourcemod/upload_tmp/text57ft6f.sp::Timer_UAVScan
L 05/28/2025 - 12:49:06: [SM] Exception reported: String formatted incorrectly - parameter 8 (total 7)
L 05/28/2025 - 12:49:06: [SM] Blaming: cs-netstat-ping.smx
L 05/28/2025 - 12:49:06: [SM] Call stack trace:
L 05/28/2025 - 12:49:06: [SM]   [0] PrintToChat
L 05/28/2025 - 12:49:06: [SM]   [1] Line 98, /groups/sourcemod/upload_tmp/text57ft6f.sp::Timer_UAVScan
L 05/28/2025 - 12:49:07: [SM] Exception reported: String formatted incorrectly - parameter 8 (total 7)
L 05/28/2025 - 12:49:07: [SM] Blaming: cs-netstat-ping.smx
L 05/28/2025 - 12:49:07: [SM] Call stack trace:
L 05/28/2025 - 12:49:07: [SM]   [0] PrintToChat
L 05/28/2025 - 12:49:07: [SM]   [1] Line 98, /groups/sourcemod/upload_tmp/text57ft6f.sp::Timer_UAVScan
L 05/28/2025 - 12:49:08: [SM] Exception reported: String formatted incorrectly - parameter 8 (total 7)
L 05/28/2025 - 12:49:08: [SM] Blaming: cs-netstat-ping.smx
L 05/28/2025 - 12:49:08: [SM] Call stack trace:
L 05/28/2025 - 12:49:08: [SM]   [0] PrintToChat
L 05/28/2025 - 12:49:08: [SM]   [1] Line 98, /groups/sourcemod/upload_tmp/text57ft6f.sp::Timer_UAVScan
L 05/28/2025 - 12:49:09: [SM] Exception reported: String formatted incorrectly - parameter 8 (total 7)
L 05/28/2025 - 12:49:09: [SM] Blaming: cs-netstat-ping.smx
L 05/28/2025 - 12:49:09: [SM] Call stack trace:
L 05/28/2025 - 12:49:09: [SM]   [0] PrintToChat
L 05/28/2025 - 12:49:09: [SM]   [1] Line 98, /groups/sourcemod/upload_tmp/text57ft6f.sp::Timer_UAVScan
L 05/28/2025 - 12:49:10: [SM] Exception reported: String formatted incorrectly - parameter 8 (total 7)
L 05/28/2025 - 12:49:10: [SM] Blaming: cs-netstat-ping.smx
L 05/28/2025 - 12:49:10: [SM] Call stack trace:
L 05/28/2025 - 12:49:10: [SM]   [0] PrintToChat
L 05/28/2025 - 12:49:10: [SM]   [1] Line 98, /groups/sourcemod/upload_tmp/text57ft6f.sp::Timer_UAVScan
L 05/28/2025 - 12:49:11: [SM] Exception reported: String formatted incorrectly - parameter 8 (total 7)
L 05/28/2025 - 12:49:11: [SM] Blaming: cs-netstat-ping.smx
L 05/28/2025 - 12:49:11: [SM] Call stack trace:
L 05/28/2025 - 12:49:11: [SM]   [0] PrintToChat
L 05/28/2025 - 12:49:11: [SM]   [1] Line 98, /groups/sourcemod/upload_tmp/text57ft6f.sp::Timer_UAVScan
L 05/28/2025 - 12:49:12: [SM] Exception reported: String formatted incorrectly - parameter 8 (total 7)
L 05/28/2025 - 12:49:12: [SM] Blaming: cs-netstat-ping.smx
L 05/28/2025 - 12:49:12: [SM] Call stack trace:
L 05/28/2025 - 12:49:12: [SM]   [0] PrintToChat
L 05/28/2025 - 12:49:12: [SM]   [1] Line 98, /groups/sourcemod/upload_tmp/text57ft6f.sp::Timer_UAVScan
L 05/28/2025 - 12:49:13: [SM] Exception reported: String formatted incorrectly - parameter 8 (total 7)
L 05/28/2025 - 12:49:13: [SM] Blaming: cs-netstat-ping.smx
L 05/28/2025 - 12:49:13: [SM] Call stack trace:
L 05/28/2025 - 12:49:13: [SM]   [0] PrintToChat
L 05/28/2025 - 12:49:13: [SM]   [1] Line 98, /groups/sourcemod/upload_tmp/text57ft6f.sp::Timer_UAVScan
L 05/28/2025 - 12:49:14: [SM] Exception reported: String formatted incorrectly - parameter 8 (total 7)
L 05/28/2025 - 12:49:14: [SM] Blaming: cs-netstat-ping.smx
L 05/28/2025 - 12:49:14: [SM] Call stack trace:
L 05/28/2025 - 12:49:14: [SM]   [0] PrintToChat
L 05/28/2025 - 12:49:14: [SM]   [1] Line 98, /groups/sourcemod/upload_tmp/text57ft6f.sp::Timer_UAVScan
L 05/28/2025 - 12:49:15: [SM] Exception reported: String formatted incorrectly - parameter 8 (total 7)
L 05/28/2025 - 12:49:15: [SM] Blaming: cs-netstat-ping.smx
L 05/28/2025 - 12:49:15: [SM] Call stack trace:
L 05/28/2025 - 12:49:15: [SM]   [0] PrintToChat
L 05/28/2025 - 12:49:15: [SM]   [1] Line 98, /groups/sourcemod/upload_tmp/text57ft6f.sp::Timer_UAVScan
L 05/28/2025 - 12:49:16: [SM] Exception reported: String formatted incorrectly - parameter 8 (total 7)
L 05/28/2025 - 12:49:16: [SM] Blaming: cs-netstat-ping.smx
L 05/28/2025 - 12:49:16: [SM] Call stack trace:
L 05/28/2025 - 12:49:16: [SM]   [0] PrintToChat
L 05/28/2025 - 12:49:16: [SM]   [1] Line 98, /groups/sourcemod/upload_tmp/text57ft6f.sp::Timer_UAVScan
L 05/28/2025 - 12:49:17: [SM] Exception reported: String formatted incorrectly - parameter 8 (total 7)
L 05/28/2025 - 12:49:17: [SM] Blaming: cs-netstat-ping.smx
L 05/28/2025 - 12:49:17: [SM] Call stack trace:
L 05/28/2025 - 12:49:17: [SM]   [0] PrintToChat
L 05/28/2025 - 12:49:17: [SM]   [1] Line 98, /groups/sourcemod/upload_tmp/text57ft6f.sp::Timer_UAVScan
L 05/28/2025 - 12:49:18: [SM] Exception reported: String formatted incorrectly - parameter 8 (total 7)
L 05/28/2025 - 12:49:18: [SM] Blaming: cs-netstat-ping.smx
L 05/28/2025 - 12:49:18: [SM] Call stack trace:
L 05/28/2025 - 12:49:18: [SM]   [0] PrintToChat
L 05/28/2025 - 12:49:18: [SM]   [1] Line 98, /groups/sourcemod/upload_tmp/text57ft6f.sp::Timer_UAVScan
L 05/28/2025 - 12:49:19: [SM] Exception reported: String formatted incorrectly - parameter 8 (total 7)
L 05/28/2025 - 12:49:19: [SM] Blaming: cs-netstat-ping.smx
L 05/28/2025 - 12:49:19: [SM] Call stack trace:
L 05/28/2025 - 12:49:19: [SM]   [0] PrintToChat
L 05/28/2025 - 12:49:19: [SM]   [1] Line 98, /groups/sourcemod/upload_tmp/text57ft6f.sp::Timer_UAVScan
L 05/28/2025 - 12:49:20: [SM] Exception reported: String formatted incorrectly - parameter 8 (total 7)
L 05/28/2025 - 12:49:20: [SM] Blaming: cs-netstat-ping.smx
L 05/28/2025 - 12:49:20: [SM] Call stack trace:
L 05/28/2025 - 12:49:20: [SM]   [0] PrintToChat
L 05/28/2025 - 12:49:20: [SM]   [1] Line 98, /groups/sourcemod/upload_tmp/text57ft6f.sp::Timer_UAVScan
L 05/28/2025 - 12:49:21: [SM] Exception reported: String formatted incorrectly - parameter 8 (total 7)
L 05/28/2025 - 12:49:21: [SM] Blaming: cs-netstat-ping.smx
L 05/28/2025 - 12:49:21: [SM] Call stack trace:
L 05/28/2025 - 12:49:21: [SM]   [0] PrintToChat
L 05/28/2025 - 12:49:21: [SM]   [1] Line 98, /groups/sourcemod/upload_tmp/text57ft6f.sp::Timer_UAVScan
L 05/28/2025 - 12:49:22: [SM] Exception reported: String formatted incorrectly - parameter 8 (total 7)
L 05/28/2025 - 12:49:22: [SM] Blaming: cs-netstat-ping.smx
L 05/28/2025 - 12:49:22: [SM] Call stack trace:
L 05/28/2025 - 12:49:22: [SM]   [0] PrintToChat
L 05/28/2025 - 12:49:22: [SM]   [1] Line 98, /groups/sourcemod/upload_tmp/text57ft6f.sp::Timer_UAVScan
L 05/28/2025 - 12:49:23: [SM] Exception reported: String formatted incorrectly - parameter 8 (total 7)
L 05/28/2025 - 12:49:23: [SM] Blaming: cs-netstat-ping.smx
L 05/28/2025 - 12:49:23: [SM] Call stack trace:
L 05/28/2025 - 12:49:23: [SM]   [0] PrintToChat
L 05/28/2025 - 12:49:23: [SM]   [1] Line 98, /groups/sourcemod/upload_tmp/text57ft6f.sp::Timer_UAVScan
L 05/28/2025 - 12:49:24: [SM] Exception reported: String formatted incorrectly - parameter 8 (total 7)
L 05/28/2025 - 12:49:24: [SM] Blaming: cs-netstat-ping.smx
L 05/28/2025 - 12:49:24: [SM] Call stack trace:
L 05/28/2025 - 12:49:24: [SM]   [0] PrintToChat
L 05/28/2025 - 12:49:24: [SM]   [1] Line 98, /groups/sourcemod/upload_tmp/text57ft6f.sp::Timer_UAVScan
L 05/28/2025 - 12:49:25: [SM] Exception reported: String formatted incorrectly - parameter 8 (total 7)
L 05/28/2025 - 12:49:25: [SM] Blaming: cs-netstat-ping.smx
L 05/28/2025 - 12:49:25: [SM] Call stack trace:
L 05/28/2025 - 12:49:25: [SM]   [0] PrintToChat
L 05/28/2025 - 12:49:25: [SM]   [1] Line 98, /groups/sourcemod/upload_tmp/text57ft6f.sp::Timer_UAVScan
L 05/28/2025 - 12:49:39: [SM] Exception reported: String formatted incorrectly - parameter 8 (total 7)
L 05/28/2025 - 12:49:39: [SM] Blaming: cs-netstat-ping.smx
L 05/28/2025 - 12:49:39: [SM] Call stack trace:
L 05/28/2025 - 12:49:39: [SM]   [0] PrintToChat
L 05/28/2025 - 12:49:39: [SM]   [1] Line 98, /groups/sourcemod/upload_tmp/text57ft6f.sp::Timer_UAVScan
L 05/28/2025 - 12:49:40: [SM] Exception reported: String formatted incorrectly - parameter 8 (total 7)
L 05/28/2025 - 12:49:40: [SM] Blaming: cs-netstat-ping.smx
L 05/28/2025 - 12:49:40: [SM] Call stack trace:
L 05/28/2025 - 12:49:40: [SM]   [0] PrintToChat
L 05/28/2025 - 12:49:40: [SM]   [1] Line 98, /groups/sourcemod/upload_tmp/text57ft6f.sp::Timer_UAVScan
L 05/28/2025 - 12:49:41: [SM] Exception reported: String formatted incorrectly - parameter 8 (total 7)
L 05/28/2025 - 12:49:41: [SM] Blaming: cs-netstat-ping.smx
L 05/28/2025 - 12:49:41: [SM] Call stack trace:
L 05/28/2025 - 12:49:41: [SM]   [0] PrintToChat
L 05/28/2025 - 12:49:41: [SM]   [1] Line 98, /groups/sourcemod/upload_tmp/text57ft6f.sp::Timer_UAVScan
L 05/28/2025 - 12:49:42: [SM] Exception reported: String formatted incorrectly - parameter 8 (total 7)
L 05/28/2025 - 12:49:42: [SM] Blaming: cs-netstat-ping.smx
L 05/28/2025 - 12:49:42: [SM] Call stack trace:
L 05/28/2025 - 12:49:42: [SM]   [0] PrintToChat
L 05/28/2025 - 12:49:42: [SM]   [1] Line 98, /groups/sourcemod/upload_tmp/text57ft6f.sp::Timer_UAVScan
L 05/28/2025 - 12:49:43: [SM] Exception reported: String formatted incorrectly - parameter 8 (total 7)
L 05/28/2025 - 12:49:43: [SM] Blaming: cs-netstat-ping.smx
L 05/28/2025 - 12:49:43: [SM] Call stack trace:
L 05/28/2025 - 12:49:43: [SM]   [0] PrintToChat
L 05/28/2025 - 12:49:43: [SM]   [1] Line 98, /groups/sourcemod/upload_tmp/text57ft6f.sp::Timer_UAVScan
L 05/28/2025 - 12:49:44: [SM] Exception reported: String formatted incorrectly - parameter 8 (total 7)
L 05/28/2025 - 12:49:44: [SM] Blaming: cs-netstat-ping.smx
L 05/28/2025 - 12:49:44: [SM] Call stack trace:
L 05/28/2025 - 12:49:44: [SM]   [0] PrintToChat
L 05/28/2025 - 12:49:44: [SM]   [1] Line 98, /groups/sourcemod/upload_tmp/text57ft6f.sp::Timer_UAVScan
L 05/28/2025 - 12:49:45: [SM] Exception reported: String formatted incorrectly - parameter 8 (total 7)
L 05/28/2025 - 12:49:45: [SM] Blaming: cs-netstat-ping.smx
L 05/28/2025 - 12:49:45: [SM] Call stack trace:
L 05/28/2025 - 12:49:45: [SM]   [0] PrintToChat
L 05/28/2025 - 12:49:45: [SM]   [1] Line 98, /groups/sourcemod/upload_tmp/text57ft6f.sp::Timer_UAVScan
L 05/28/2025 - 12:49:46: [SM] Exception reported: String formatted incorrectly - parameter 8 (total 7)
L 05/28/2025 - 12:49:46: [SM] Blaming: cs-netstat-ping.smx
L 05/28/2025 - 12:49:46: [SM] Call stack trace:
L 05/28/2025 - 12:49:46: [SM]   [0] PrintToChat
L 05/28/2025 - 12:49:46: [SM]   [1] Line 98, /groups/sourcemod/upload_tmp/text57ft6f.sp::Timer_UAVScan
L 05/28/2025 - 12:49:47: [SM] Exception reported: String formatted incorrectly - parameter 8 (total 7)
L 05/28/2025 - 12:49:47: [SM] Blaming: cs-netstat-ping.smx
L 05/28/2025 - 12:49:47: [SM] Call stack trace:
L 05/28/2025 - 12:49:47: [SM]   [0] PrintToChat
L 05/28/2025 - 12:49:47: [SM]   [1] Line 98, /groups/sourcemod/upload_tmp/text57ft6f.sp::Timer_UAVScan
L 05/28/2025 - 12:49:48: [SM] Exception reported: String formatted incorrectly - parameter 8 (total 7)
L 05/28/2025 - 12:49:48: [SM] Blaming: cs-netstat-ping.smx
L 05/28/2025 - 12:49:48: [SM] Call stack trace:
L 05/28/2025 - 12:49:48: [SM]   [0] PrintToChat
L 05/28/2025 - 12:49:48: [SM]   [1] Line 98, /groups/sourcemod/upload_tmp/text57ft6f.sp::Timer_UAVScan
L 05/28/2025 - 12:49:49: [SM] Exception reported: String formatted incorrectly - parameter 8 (total 7)
L 05/28/2025 - 12:49:49: [SM] Blaming: cs-netstat-ping.smx
L 05/28/2025 - 12:49:49: [SM] Call stack trace:
L 05/28/2025 - 12:49:49: [SM]   [0] PrintToChat
L 05/28/2025 - 12:49:49: [SM]   [1] Line 98, /groups/sourcemod/upload_tmp/text57ft6f.sp::Timer_UAVScan
L 05/28/2025 - 12:49:50: [SM] Exception reported: String formatted incorrectly - parameter 8 (total 7)
L 05/28/2025 - 12:49:50: [SM] Blaming: cs-netstat-ping.smx
L 05/28/2025 - 12:49:50: [SM] Call stack trace:
L 05/28/2025 - 12:49:50: [SM]   [0] PrintToChat
L 05/28/2025 - 12:49:50: [SM]   [1] Line 98, /groups/sourcemod/upload_tmp/text57ft6f.sp::Timer_UAVScan
L 05/28/2025 - 12:49:51: [SM] Exception reported: String formatted incorrectly - parameter 8 (total 7)
L 05/28/2025 - 12:49:51: [SM] Blaming: cs-netstat-ping.smx
L 05/28/2025 - 12:49:51: [SM] Call stack trace:
L 05/28/2025 - 12:49:51: [SM]   [0] PrintToChat
L 05/28/2025 - 12:49:51: [SM]   [1] Line 98, /groups/sourcemod/upload_tmp/text57ft6f.sp::Timer_UAVScan
L 05/28/2025 - 12:49:52: [SM] Exception reported: String formatted incorrectly - parameter 8 (total 7)
L 05/28/2025 - 12:49:52: [SM] Blaming: cs-netstat-ping.smx
L 05/28/2025 - 12:49:52: [SM] Call stack trace:
L 05/28/2025 - 12:49:52: [SM]   [0] PrintToChat
L 05/28/2025 - 12:49:52: [SM]   [1] Line 98, /groups/sourcemod/upload_tmp/text57ft6f.sp::Timer_UAVScan
L 05/28/2025 - 12:49:53: [SM] Exception reported: String formatted incorrectly - parameter 8 (total 7)
L 05/28/2025 - 12:49:53: [SM] Blaming: cs-netstat-ping.smx
L 05/28/2025 - 12:49:53: [SM] Call stack trace:
L 05/28/2025 - 12:49:53: [SM]   [0] PrintToChat
L 05/28/2025 - 12:49:53: [SM]   [1] Line 98, /groups/sourcemod/upload_tmp/text57ft6f.sp::Timer_UAVScan
L 05/28/2025 - 12:49:54: [SM] Exception reported: String formatted incorrectly - parameter 8 (total 7)
L 05/28/2025 - 12:49:54: [SM] Blaming: cs-netstat-ping.smx
L 05/28/2025 - 12:49:54: [SM] Call stack trace:
L 05/28/2025 - 12:49:54: [SM]   [0] PrintToChat
L 05/28/2025 - 12:49:54: [SM]   [1] Line 98, /groups/sourcemod/upload_tmp/text57ft6f.sp::Timer_UAVScan
L 05/28/2025 - 12:49:55: [SM] Exception reported: String formatted incorrectly - parameter 8 (total 7)
L 05/28/2025 - 12:49:55: [SM] Blaming: cs-netstat-ping.smx
L 05/28/2025 - 12:49:55: [SM] Call stack trace:
L 05/28/2025 - 12:49:55: [SM]   [0] PrintToChat
L 05/28/2025 - 12:49:55: [SM]   [1] Line 98, /groups/sourcemod/upload_tmp/text57ft6f.sp::Timer_UAVScan
L 05/28/2025 - 12:49:56: [SM] Exception reported: String formatted incorrectly - parameter 8 (total 7)
L 05/28/2025 - 12:49:56: [SM] Blaming: cs-netstat-ping.smx
L 05/28/2025 - 12:49:56: [SM] Call stack trace:
L 05/28/2025 - 12:49:56: [SM]   [0] PrintToChat
L 05/28/2025 - 12:49:56: [SM]   [1] Line 98, /groups/sourcemod/upload_tmp/text57ft6f.sp::Timer_UAVScan
L 05/28/2025 - 12:49:57: [SM] Exception reported: String formatted incorrectly - parameter 8 (total 7)
L 05/28/2025 - 12:49:57: [SM] Blaming: cs-netstat-ping.smx
L 05/28/2025 - 12:49:57: [SM] Call stack trace:
L 05/28/2025 - 12:49:57: [SM]   [0] PrintToChat
L 05/28/2025 - 12:49:57: [SM]   [1] Line 98, /groups/sourcemod/upload_tmp/text57ft6f.sp::Timer_UAVScan
L 05/28/2025 - 12:49:58: [SM] Exception reported: String formatted incorrectly - parameter 8 (total 7)
L 05/28/2025 - 12:49:58: [SM] Blaming: cs-netstat-ping.smx
L 05/28/2025 - 12:49:58: [SM] Call stack trace:
L 05/28/2025 - 12:49:58: [SM]   [0] PrintToChat
L 05/28/2025 - 12:49:58: [SM]   [1] Line 98, /groups/sourcemod/upload_tmp/text57ft6f.sp::Timer_UAVScan
L 05/28/2025 - 12:49:59: [SM] Exception reported: String formatted incorrectly - parameter 8 (total 7)
L 05/28/2025 - 12:49:59: [SM] Blaming: cs-netstat-ping.smx
L 05/28/2025 - 12:49:59: [SM] Call stack trace:
L 05/28/2025 - 12:49:59: [SM]   [0] PrintToChat
L 05/28/2025 - 12:49:59: [SM]   [1] Line 98, /groups/sourcemod/upload_tmp/text57ft6f.sp::Timer_UAVScan
L 05/28/2025 - 12:50:00: [SM] Exception reported: String formatted incorrectly - parameter 8 (total 7)
L 05/28/2025 - 12:50:00: [SM] Blaming: cs-netstat-ping.smx
L 05/28/2025 - 12:50:00: [SM] Call stack trace:
L 05/28/2025 - 12:50:00: [SM]   [0] PrintToChat
L 05/28/2025 - 12:50:00: [SM]   [1] Line 98, /groups/sourcemod/upload_tmp/text57ft6f.sp::Timer_UAVScan
L 05/28/2025 - 12:50:01: [SM] Exception reported: String formatted incorrectly - parameter 8 (total 7)
L 05/28/2025 - 12:50:01: [SM] Blaming: cs-netstat-ping.smx
L 05/28/2025 - 12:50:01: [SM] Call stack trace:
L 05/28/2025 - 12:50:01: [SM]   [0] PrintToChat
L 05/28/2025 - 12:50:01: [SM]   [1] Line 98, /groups/sourcemod/upload_tmp/text57ft6f.sp::Timer_UAVScan
L 05/28/2025 - 12:50:07: [SM] Exception reported: String formatted incorrectly - parameter 8 (total 7)
L 05/28/2025 - 12:50:07: [SM] Blaming: cs-netstat-ping.smx
L 05/28/2025 - 12:50:07: [SM] Call stack trace:
L 05/28/2025 - 12:50:07: [SM]   [0] PrintToChat
L 05/28/2025 - 12:50:07: [SM]   [1] Line 98, /groups/sourcemod/upload_tmp/text57ft6f.sp::Timer_UAVScan
L 05/28/2025 - 12:50:08: [SM] Exception reported: String formatted incorrectly - parameter 8 (total 7)
L 05/28/2025 - 12:50:08: [SM] Blaming: cs-netstat-ping.smx
L 05/28/2025 - 12:50:08: [SM] Call stack trace:
L 05/28/2025 - 12:50:08: [SM]   [0] PrintToChat
L 05/28/2025 - 12:50:08: [SM]   [1] Line 98, /groups/sourcemod/upload_tmp/text57ft6f.sp::Timer_UAVScan
L 05/28/2025 - 12:50:09: [SM] Exception reported: String formatted incorrectly - parameter 8 (total 7)
L 05/28/2025 - 12:50:09: [SM] Blaming: cs-netstat-ping.smx
L 05/28/2025 - 12:50:09: [SM] Call stack trace:
L 05/28/2025 - 12:50:09: [SM]   [0] PrintToChat
L 05/28/2025 - 12:50:09: [SM]   [1] Line 98, /groups/sourcemod/upload_tmp/text57ft6f.sp::Timer_UAVScan
L 05/28/2025 - 12:50:10: [SM] Exception reported: String formatted incorrectly - parameter 8 (total 7)
L 05/28/2025 - 12:50:10: [SM] Blaming: cs-netstat-ping.smx
L 05/28/2025 - 12:50:10: [SM] Call stack trace:
L 05/28/2025 - 12:50:10: [SM]   [0] PrintToChat
L 05/28/2025 - 12:50:10: [SM]   [1] Line 98, /groups/sourcemod/upload_tmp/text57ft6f.sp::Timer_UAVScan
L 05/28/2025 - 12:50:11: [SM] Exception reported: String formatted incorrectly - parameter 8 (total 7)
L 05/28/2025 - 12:50:11: [SM] Blaming: cs-netstat-ping.smx
L 05/28/2025 - 12:50:11: [SM] Call stack trace:
L 05/28/2025 - 12:50:11: [SM]   [0] PrintToChat
L 05/28/2025 - 12:50:11: [SM]   [1] Line 98, /groups/sourcemod/upload_tmp/text57ft6f.sp::Timer_UAVScan
L 05/28/2025 - 12:50:12: [SM] Exception reported: String formatted incorrectly - parameter 8 (total 7)
L 05/28/2025 - 12:50:12: [SM] Blaming: cs-netstat-ping.smx
L 05/28/2025 - 12:50:12: [SM] Call stack trace:
L 05/28/2025 - 12:50:12: [SM]   [0] PrintToChat
L 05/28/2025 - 12:50:12: [SM]   [1] Line 98, /groups/sourcemod/upload_tmp/text57ft6f.sp::Timer_UAVScan
L 05/28/2025 - 12:50:13: [SM] Exception reported: String formatted incorrectly - parameter 8 (total 7)
L 05/28/2025 - 12:50:13: [SM] Blaming: cs-netstat-ping.smx
L 05/28/2025 - 12:50:13: [SM] Call stack trace:
L 05/28/2025 - 12:50:13: [SM]   [0] PrintToChat
L 05/28/2025 - 12:50:13: [SM]   [1] Line 98, /groups/sourcemod/upload_tmp/text57ft6f.sp::Timer_UAVScan
L 05/28/2025 - 12:50:14: [SM] Exception reported: String formatted incorrectly - parameter 8 (total 7)
L 05/28/2025 - 12:50:14: [SM] Blaming: cs-netstat-ping.smx
L 05/28/2025 - 12:50:14: [SM] Call stack trace:
L 05/28/2025 - 12:50:14: [SM]   [0] PrintToChat
L 05/28/2025 - 12:50:14: [SM]   [1] Line 98, /groups/sourcemod/upload_tmp/text57ft6f.sp::Timer_UAVScan
L 05/28/2025 - 12:50:15: [SM] Exception reported: String formatted incorrectly - parameter 8 (total 7)
L 05/28/2025 - 12:50:15: [SM] Blaming: cs-netstat-ping.smx
L 05/28/2025 - 12:50:15: [SM] Call stack trace:
L 05/28/2025 - 12:50:15: [SM]   [0] PrintToChat
L 05/28/2025 - 12:50:15: [SM]   [1] Line 98, /groups/sourcemod/upload_tmp/text57ft6f.sp::Timer_UAVScan
L 05/28/2025 - 12:50:16: [SM] Exception reported: String formatted incorrectly - parameter 8 (total 7)
L 05/28/2025 - 12:50:16: [SM] Blaming: cs-netstat-ping.smx
L 05/28/2025 - 12:50:16: [SM] Call stack trace:
L 05/28/2025 - 12:50:16: [SM]   [0] PrintToChat
L 05/28/2025 - 12:50:16: [SM]   [1] Line 98, /groups/sourcemod/upload_tmp/text57ft6f.sp::Timer_UAVScan
L 05/28/2025 - 12:50:17: [SM] Exception reported: String formatted incorrectly - parameter 8 (total 7)
L 05/28/2025 - 12:50:17: [SM] Blaming: cs-netstat-ping.smx
L 05/28/2025 - 12:50:17: [SM] Call stack trace:
L 05/28/2025 - 12:50:17: [SM]   [0] PrintToChat
L 05/28/2025 - 12:50:17: [SM]   [1] Line 98, /groups/sourcemod/upload_tmp/text57ft6f.sp::Timer_UAVScan
L 05/28/2025 - 12:50:18: [SM] Exception reported: String formatted incorrectly - parameter 8 (total 7)
L 05/28/2025 - 12:50:18: [SM] Blaming: cs-netstat-ping.smx
L 05/28/2025 - 12:50:18: [SM] Call stack trace:
L 05/28/2025 - 12:50:18: [SM]   [0] PrintToChat
L 05/28/2025 - 12:50:18: [SM]   [1] Line 98, /groups/sourcemod/upload_tmp/text57ft6f.sp::Timer_UAVScan
L 05/28/2025 - 12:50:19: [SM] Exception reported: String formatted incorrectly - parameter 8 (total 7)
L 05/28/2025 - 12:50:19: [SM] Blaming: cs-netstat-ping.smx
L 05/28/2025 - 12:50:19: [SM] Call stack trace:
L 05/28/2025 - 12:50:19: [SM]   [0] PrintToChat
L 05/28/2025 - 12:50:19: [SM]   [1] Line 98, /groups/sourcemod/upload_tmp/text57ft6f.sp::Timer_UAVScan
L 05/28/2025 - 12:50:20: [SM] Exception reported: String formatted incorrectly - parameter 8 (total 7)
L 05/28/2025 - 12:50:20: [SM] Blaming: cs-netstat-ping.smx
L 05/28/2025 - 12:50:20: [SM] Call stack trace:
L 05/28/2025 - 12:50:20: [SM]   [0] PrintToChat
L 05/28/2025 - 12:50:20: [SM]   [1] Line 98, /groups/sourcemod/upload_tmp/text57ft6f.sp::Timer_UAVScan
L 05/28/2025 - 12:50:21: [SM] Exception reported: String formatted incorrectly - parameter 8 (total 7)
L 05/28/2025 - 12:50:21: [SM] Blaming: cs-netstat-ping.smx
L 05/28/2025 - 12:50:21: [SM] Call stack trace:
L 05/28/2025 - 12:50:21: [SM]   [0] PrintToChat
L 05/28/2025 - 12:50:21: [SM]   [1] Line 98, /groups/sourcemod/upload_tmp/text57ft6f.sp::Timer_UAVScan
L 05/28/2025 - 12:50:22: [SM] Exception reported: String formatted incorrectly - parameter 8 (total 7)
L 05/28/2025 - 12:50:22: [SM] Blaming: cs-netstat-ping.smx
L 05/28/2025 - 12:50:22: [SM] Call stack trace:
L 05/28/2025 - 12:50:22: [SM]   [0] PrintToChat
L 05/28/2025 - 12:50:22: [SM]   [1] Line 98, /groups/sourcemod/upload_tmp/text57ft6f.sp::Timer_UAVScan
L 05/28/2025 - 12:50:23: [SM] Exception reported: String formatted incorrectly - parameter 8 (total 7)
L 05/28/2025 - 12:50:23: [SM] Blaming: cs-netstat-ping.smx
L 05/28/2025 - 12:50:23: [SM] Call stack trace:
L 05/28/2025 - 12:50:23: [SM]   [0] PrintToChat
L 05/28/2025 - 12:50:23: [SM]   [1] Line 98, /groups/sourcemod/upload_tmp/text57ft6f.sp::Timer_UAVScan
L 05/28/2025 - 12:50:24: [SM] Exception reported: String formatted incorrectly - parameter 8 (total 7)
L 05/28/2025 - 12:50:24: [SM] Blaming: cs-netstat-ping.smx
L 05/28/2025 - 12:50:24: [SM] Call stack trace:
L 05/28/2025 - 12:50:24: [SM]   [0] PrintToChat
L 05/28/2025 - 12:50:24: [SM]   [1] Line 98, /groups/sourcemod/upload_tmp/text57ft6f.sp::Timer_UAVScan
L 05/28/2025 - 12:50:25: [SM] Exception reported: String formatted incorrectly - parameter 8 (total 7)
L 05/28/2025 - 12:50:25: [SM] Blaming: cs-netstat-ping.smx
L 05/28/2025 - 12:50:25: [SM] Call stack trace:
L 05/28/2025 - 12:50:25: [SM]   [0] PrintToChat
L 05/28/2025 - 12:50:25: [SM]   [1] Line 98, /groups/sourcemod/upload_tmp/text57ft6f.sp::Timer_UAVScan
L 05/28/2025 - 12:50:26: [SM] Exception reported: String formatted incorrectly - parameter 8 (total 7)
L 05/28/2025 - 12:50:26: [SM] Blaming: cs-netstat-ping.smx
L 05/28/2025 - 12:50:26: [SM] Call stack trace:
L 05/28/2025 - 12:50:26: [SM]   [0] PrintToChat
L 05/28/2025 - 12:50:26: [SM]   [1] Line 98, /groups/sourcemod/upload_tmp/text57ft6f.sp::Timer_UAVScan
L 05/28/2025 - 12:50:27: [SM] Exception reported: String formatted incorrectly - parameter 8 (total 7)
L 05/28/2025 - 12:50:27: [SM] Blaming: cs-netstat-ping.smx
L 05/28/2025 - 12:50:27: [SM] Call stack trace:
L 05/28/2025 - 12:50:27: [SM]   [0] PrintToChat
L 05/28/2025 - 12:50:27: [SM]   [1] Line 98, /groups/sourcemod/upload_tmp/text57ft6f.sp::Timer_UAVScan
L 05/28/2025 - 12:50:28: [SM] Exception reported: String formatted incorrectly - parameter 8 (total 7)
L 05/28/2025 - 12:50:28: [SM] Blaming: cs-netstat-ping.smx
L 05/28/2025 - 12:50:28: [SM] Call stack trace:
L 05/28/2025 - 12:50:28: [SM]   [0] PrintToChat
L 05/28/2025 - 12:50:28: [SM]   [1] Line 98, /groups/sourcemod/upload_tmp/text57ft6f.sp::Timer_UAVScan
L 05/28/2025 - 12:50:29: [SM] Exception reported: String formatted incorrectly - parameter 8 (total 7)
L 05/28/2025 - 12:50:29: [SM] Blaming: cs-netstat-ping.smx
L 05/28/2025 - 12:50:29: [SM] Call stack trace:
L 05/28/2025 - 12:50:29: [SM]   [0] PrintToChat
L 05/28/2025 - 12:50:29: [SM]   [1] Line 98, /groups/sourcemod/upload_tmp/text57ft6f.sp::Timer_UAVScan
L 05/28/2025 - 12:50:30: [SM] Exception reported: String formatted incorrectly - parameter 8 (total 7)
L 05/28/2025 - 12:50:30: [SM] Blaming: cs-netstat-ping.smx
L 05/28/2025 - 12:50:30: [SM] Call stack trace:
L 05/28/2025 - 12:50:30: [SM]   [0] PrintToChat
L 05/28/2025 - 12:50:30: [SM]   [1] Line 98, /groups/sourcemod/upload_tmp/text57ft6f.sp::Timer_UAVScan
L 05/28/2025 - 12:50:31: [SM] Exception reported: String formatted incorrectly - parameter 8 (total 7)
L 05/28/2025 - 12:50:31: [SM] Blaming: cs-netstat-ping.smx
L 05/28/2025 - 12:50:31: [SM] Call stack trace:
L 05/28/2025 - 12:50:31: [SM]   [0] PrintToChat
L 05/28/2025 - 12:50:31: [SM]   [1] Line 98, /groups/sourcemod/upload_tmp/text57ft6f.sp::Timer_UAVScan
L 05/28/2025 - 12:50:32: [SM] Exception reported: String formatted incorrectly - parameter 8 (total 7)
L 05/28/2025 - 12:50:32: [SM] Blaming: cs-netstat-ping.smx
L 05/28/2025 - 12:50:32: [SM] Call stack trace:
L 05/28/2025 - 12:50:32: [SM]   [0] PrintToChat
L 05/28/2025 - 12:50:32: [SM]   [1] Line 98, /groups/sourcemod/upload_tmp/text57ft6f.sp::Timer_UAVScan
L 05/28/2025 - 12:50:38: [SM] Exception reported: String formatted incorrectly - parameter 8 (total 7)
L 05/28/2025 - 12:50:38: [SM] Blaming: cs-netstat-ping.smx
L 05/28/2025 - 12:50:38: [SM] Call stack trace:
L 05/28/2025 - 12:50:38: [SM]   [0] PrintToChat
L 05/28/2025 - 12:50:38: [SM]   [1] Line 98, /groups/sourcemod/upload_tmp/text57ft6f.sp::Timer_UAVScan
L 05/28/2025 - 12:50:39: [SM] Exception reported: String formatted incorrectly - parameter 8 (total 7)
L 05/28/2025 - 12:50:39: [SM] Blaming: cs-netstat-ping.smx
L 05/28/2025 - 12:50:39: [SM] Call stack trace:
L 05/28/2025 - 12:50:39: [SM]   [0] PrintToChat
L 05/28/2025 - 12:50:39: [SM]   [1] Line 98, /groups/sourcemod/upload_tmp/text57ft6f.sp::Timer_UAVScan
L 05/28/2025 - 12:50:40: [SM] Exception reported: String formatted incorrectly - parameter 8 (total 7)
L 05/28/2025 - 12:50:40: [SM] Blaming: cs-netstat-ping.smx
L 05/28/2025 - 12:50:40: [SM] Call stack trace:
L 05/28/2025 - 12:50:40: [SM]   [0] PrintToChat
L 05/28/2025 - 12:50:40: [SM]   [1] Line 98, /groups/sourcemod/upload_tmp/text57ft6f.sp::Timer_UAVScan
L 05/28/2025 - 12:50:41: [SM] Exception reported: String formatted incorrectly - parameter 8 (total 7)
L 05/28/2025 - 12:50:41: [SM] Blaming: cs-netstat-ping.smx
L 05/28/2025 - 12:50:41: [SM] Call stack trace:
L 05/28/2025 - 12:50:41: [SM]   [0] PrintToChat
L 05/28/2025 - 12:50:41: [SM]   [1] Line 98, /groups/sourcemod/upload_tmp/text57ft6f.sp::Timer_UAVScan
L 05/28/2025 - 12:50:42: [SM] Exception reported: String formatted incorrectly - parameter 8 (total 7)
L 05/28/2025 - 12:50:42: [SM] Blaming: cs-netstat-ping.smx
L 05/28/2025 - 12:50:42: [SM] Call stack trace:
L 05/28/2025 - 12:50:42: [SM]   [0] PrintToChat
L 05/28/2025 - 12:50:42: [SM]   [1] Line 98, /groups/sourcemod/upload_tmp/text57ft6f.sp::Timer_UAVScan
L 05/28/2025 - 12:50:43: [SM] Exception reported: String formatted incorrectly - parameter 8 (total 7)
L 05/28/2025 - 12:50:43: [SM] Blaming: cs-netstat-ping.smx
L 05/28/2025 - 12:50:43: [SM] Call stack trace:
L 05/28/2025 - 12:50:43: [SM]   [0] PrintToChat
L 05/28/2025 - 12:50:43: [SM]   [1] Line 98, /groups/sourcemod/upload_tmp/text57ft6f.sp::Timer_UAVScan
L 05/28/2025 - 12:50:44: [SM] Exception reported: String formatted incorrectly - parameter 8 (total 7)
L 05/28/2025 - 12:50:44: [SM] Blaming: cs-netstat-ping.smx
L 05/28/2025 - 12:50:44: [SM] Call stack trace:
L 05/28/2025 - 12:50:44: [SM]   [0] PrintToChat
L 05/28/2025 - 12:50:44: [SM]   [1] Line 98, /groups/sourcemod/upload_tmp/text57ft6f.sp::Timer_UAVScan
L 05/28/2025 - 12:50:45: [SM] Exception reported: String formatted incorrectly - parameter 8 (total 7)
L 05/28/2025 - 12:50:45: [SM] Blaming: cs-netstat-ping.smx
L 05/28/2025 - 12:50:45: [SM] Call stack trace:
L 05/28/2025 - 12:50:45: [SM]   [0] PrintToChat
L 05/28/2025 - 12:50:45: [SM]   [1] Line 98, /groups/sourcemod/upload_tmp/text57ft6f.sp::Timer_UAVScan
L 05/28/2025 - 12:50:46: [SM] Exception reported: String formatted incorrectly - parameter 8 (total 7)
L 05/28/2025 - 12:50:46: [SM] Blaming: cs-netstat-ping.smx
L 05/28/2025 - 12:50:46: [SM] Call stack trace:
L 05/28/2025 - 12:50:46: [SM]   [0] PrintToChat
L 05/28/2025 - 12:50:46: [SM]   [1] Line 98, /groups/sourcemod/upload_tmp/text57ft6f.sp::Timer_UAVScan
L 05/28/2025 - 12:50:47: [SM] Exception reported: String formatted incorrectly - parameter 8 (total 7)
L 05/28/2025 - 12:50:47: [SM] Blaming: cs-netstat-ping.smx
L 05/28/2025 - 12:50:47: [SM] Call stack trace:
L 05/28/2025 - 12:50:47: [SM]   [0] PrintToChat
L 05/28/2025 - 12:50:47: [SM]   [1] Line 98, /groups/sourcemod/upload_tmp/text57ft6f.sp::Timer_UAVScan
L 05/28/2025 - 12:50:48: [SM] Exception reported: String formatted incorrectly - parameter 8 (total 7)
L 05/28/2025 - 12:50:48: [SM] Blaming: cs-netstat-ping.smx
L 05/28/2025 - 12:50:48: [SM] Call stack trace:
L 05/28/2025 - 12:50:48: [SM]   [0] PrintToChat
L 05/28/2025 - 12:50:48: [SM]   [1] Line 98, /groups/sourcemod/upload_tmp/text57ft6f.sp::Timer_UAVScan
L 05/28/2025 - 12:50:49: [SM] Exception reported: String formatted incorrectly - parameter 8 (total 7)
L 05/28/2025 - 12:50:49: [SM] Blaming: cs-netstat-ping.smx
L 05/28/2025 - 12:50:49: [SM] Call stack trace:
L 05/28/2025 - 12:50:49: [SM]   [0] PrintToChat
L 05/28/2025 - 12:50:49: [SM]   [1] Line 98, /groups/sourcemod/upload_tmp/text57ft6f.sp::Timer_UAVScan
L 05/28/2025 - 12:50:50: [SM] Exception reported: String formatted incorrectly - parameter 8 (total 7)
L 05/28/2025 - 12:50:50: [SM] Blaming: cs-netstat-ping.smx
L 05/28/2025 - 12:50:50: [SM] Call stack trace:
L 05/28/2025 - 12:50:50: [SM]   [0] PrintToChat
L 05/28/2025 - 12:50:50: [SM]   [1] Line 98, /groups/sourcemod/upload_tmp/text57ft6f.sp::Timer_UAVScan
L 05/28/2025 - 12:50:51: [SM] Exception reported: String formatted incorrectly - parameter 8 (total 7)
L 05/28/2025 - 12:50:51: [SM] Blaming: cs-netstat-ping.smx
L 05/28/2025 - 12:50:51: [SM] Call stack trace:
L 05/28/2025 - 12:50:51: [SM]   [0] PrintToChat
L 05/28/2025 - 12:50:51: [SM]   [1] Line 98, /groups/sourcemod/upload_tmp/text57ft6f.sp::Timer_UAVScan
L 05/28/2025 - 12:50:52: [SM] Exception reported: String formatted incorrectly - parameter 8 (total 7)
L 05/28/2025 - 12:50:52: [SM] Blaming: cs-netstat-ping.smx
L 05/28/2025 - 12:50:52: [SM] Call stack trace:
L 05/28/2025 - 12:50:52: [SM]   [0] PrintToChat
L 05/28/2025 - 12:50:52: [SM]   [1] Line 98, /groups/sourcemod/upload_tmp/text57ft6f.sp::Timer_UAVScan
L 05/28/2025 - 12:50:53: [SM] Exception reported: String formatted incorrectly - parameter 8 (total 7)
L 05/28/2025 - 12:50:53: [SM] Blaming: cs-netstat-ping.smx
L 05/28/2025 - 12:50:53: [SM] Call stack trace:
L 05/28/2025 - 12:50:53: [SM]   [0] PrintToChat
L 05/28/2025 - 12:50:53: [SM]   [1] Line 98, /groups/sourcemod/upload_tmp/text57ft6f.sp::Timer_UAVScan
L 05/28/2025 - 12:50:54: [SM] Exception reported: String formatted incorrectly - parameter 8 (total 7)
L 05/28/2025 - 12:50:54: [SM] Blaming: cs-netstat-ping.smx
L 05/28/2025 - 12:50:54: [SM] Call stack trace:
L 05/28/2025 - 12:50:54: [SM]   [0] PrintToChat
L 05/28/2025 - 12:50:54: [SM]   [1] Line 98, /groups/sourcemod/upload_tmp/text57ft6f.sp::Timer_UAVScan
L 05/28/2025 - 12:50:58: SourceMod error session started
L 05/28/2025 - 12:50:58: Info (map "cs_assault") (file "C:\MyPrograms\steamcmd\css_ds\cstrike\addons\sourcemod\logs\errors_20250528.log")
L 05/28/2025 - 12:50:58: [admin-flatfile.smx] Error(s) detected parsing addons\sourcemod\configs\admins.cfg
L 05/28/2025 - 12:50:58: [admin-flatfile.smx]  (line 10) Section declared without header
L 05/28/2025 - 12:51:36: [SM] Exception reported: String formatted incorrectly - parameter 8 (total 7)
L 05/28/2025 - 12:51:36: [SM] Blaming: cs-netstat-ping.smx
L 05/28/2025 - 12:51:36: [SM] Call stack trace:
L 05/28/2025 - 12:51:36: [SM]   [0] PrintToChat
L 05/28/2025 - 12:51:36: [SM]   [1] Line 98, /groups/sourcemod/upload_tmp/textUzAkuj.sp::Timer_UAVScan
L 05/28/2025 - 12:51:37: [SM] Exception reported: String formatted incorrectly - parameter 8 (total 7)
L 05/28/2025 - 12:51:37: [SM] Blaming: cs-netstat-ping.smx
L 05/28/2025 - 12:51:37: [SM] Call stack trace:
L 05/28/2025 - 12:51:37: [SM]   [0] PrintToChat
L 05/28/2025 - 12:51:37: [SM]   [1] Line 98, /groups/sourcemod/upload_tmp/textUzAkuj.sp::Timer_UAVScan
L 05/28/2025 - 12:51:38: [SM] Exception reported: String formatted incorrectly - parameter 8 (total 7)
L 05/28/2025 - 12:51:38: [SM] Blaming: cs-netstat-ping.smx
L 05/28/2025 - 12:51:38: [SM] Call stack trace:
L 05/28/2025 - 12:51:38: [SM]   [0] PrintToChat
L 05/28/2025 - 12:51:38: [SM]   [1] Line 98, /groups/sourcemod/upload_tmp/textUzAkuj.sp::Timer_UAVScan
L 05/28/2025 - 12:51:39: [SM] Exception reported: String formatted incorrectly - parameter 8 (total 7)
L 05/28/2025 - 12:51:39: [SM] Blaming: cs-netstat-ping.smx
L 05/28/2025 - 12:51:39: [SM] Call stack trace:
L 05/28/2025 - 12:51:39: [SM]   [0] PrintToChat
L 05/28/2025 - 12:51:39: [SM]   [1] Line 98, /groups/sourcemod/upload_tmp/textUzAkuj.sp::Timer_UAVScan
L 05/28/2025 - 12:51:40: [SM] Exception reported: String formatted incorrectly - parameter 8 (total 7)
L 05/28/2025 - 12:51:40: [SM] Blaming: cs-netstat-ping.smx
L 05/28/2025 - 12:51:40: [SM] Call stack trace:
L 05/28/2025 - 12:51:40: [SM]   [0] PrintToChat
L 05/28/2025 - 12:51:40: [SM]   [1] Line 98, /groups/sourcemod/upload_tmp/textUzAkuj.sp::Timer_UAVScan
L 05/28/2025 - 12:51:41: [SM] Exception reported: String formatted incorrectly - parameter 8 (total 7)
L 05/28/2025 - 12:51:41: [SM] Blaming: cs-netstat-ping.smx
L 05/28/2025 - 12:51:41: [SM] Call stack trace:
L 05/28/2025 - 12:51:41: [SM]   [0] PrintToChat
L 05/28/2025 - 12:51:41: [SM]   [1] Line 98, /groups/sourcemod/upload_tmp/textUzAkuj.sp::Timer_UAVScan
L 05/28/2025 - 12:51:42: [SM] Exception reported: String formatted incorrectly - parameter 8 (total 7)
L 05/28/2025 - 12:51:42: [SM] Blaming: cs-netstat-ping.smx
L 05/28/2025 - 12:51:42: [SM] Call stack trace:
L 05/28/2025 - 12:51:42: [SM]   [0] PrintToChat
L 05/28/2025 - 12:51:42: [SM]   [1] Line 98, /groups/sourcemod/upload_tmp/textUzAkuj.sp::Timer_UAVScan
L 05/28/2025 - 12:51:48: [SM] Exception reported: String formatted incorrectly - parameter 8 (total 7)
L 05/28/2025 - 12:51:48: [SM] Blaming: cs-netstat-ping.smx
L 05/28/2025 - 12:51:48: [SM] Call stack trace:
L 05/28/2025 - 12:51:48: [SM]   [0] PrintToChat
L 05/28/2025 - 12:51:48: [SM]   [1] Line 98, /groups/sourcemod/upload_tmp/textUzAkuj.sp::Timer_UAVScan
L 05/28/2025 - 12:51:49: [SM] Exception reported: String formatted incorrectly - parameter 8 (total 7)
L 05/28/2025 - 12:51:49: [SM] Blaming: cs-netstat-ping.smx
L 05/28/2025 - 12:51:49: [SM] Call stack trace:
L 05/28/2025 - 12:51:49: [SM]   [0] PrintToChat
L 05/28/2025 - 12:51:49: [SM]   [1] Line 98, /groups/sourcemod/upload_tmp/textUzAkuj.sp::Timer_UAVScan
L 05/28/2025 - 12:51:50: [SM] Exception reported: String formatted incorrectly - parameter 8 (total 7)
L 05/28/2025 - 12:51:50: [SM] Blaming: cs-netstat-ping.smx
L 05/28/2025 - 12:51:50: [SM] Call stack trace:
L 05/28/2025 - 12:51:50: [SM]   [0] PrintToChat
L 05/28/2025 - 12:51:50: [SM]   [1] Line 98, /groups/sourcemod/upload_tmp/textUzAkuj.sp::Timer_UAVScan
L 05/28/2025 - 12:51:51: [SM] Exception reported: String formatted incorrectly - parameter 8 (total 7)
L 05/28/2025 - 12:51:51: [SM] Blaming: cs-netstat-ping.smx
L 05/28/2025 - 12:51:51: [SM] Call stack trace:
L 05/28/2025 - 12:51:51: [SM]   [0] PrintToChat
L 05/28/2025 - 12:51:51: [SM]   [1] Line 98, /groups/sourcemod/upload_tmp/textUzAkuj.sp::Timer_UAVScan
L 05/28/2025 - 12:56:39: SourceMod error session started
L 05/28/2025 - 12:56:39: Info (map "cs_assault") (file "C:\MyPrograms\steamcmd\css_ds\cstrike\addons\sourcemod\logs\errors_20250528.log")
L 05/28/2025 - 12:56:39: [admin-flatfile.smx] Error(s) detected parsing addons\sourcemod\configs\admins.cfg
L 05/28/2025 - 12:56:39: [admin-flatfile.smx]  (line 10) Section declared without header
L 05/28/2025 - 12:58:21: SourceMod error session started
L 05/28/2025 - 12:58:21: Info (map "cs_assault") (file "C:\MyPrograms\steamcmd\css_ds\cstrike\addons\sourcemod\logs\errors_20250528.log")
L 05/28/2025 - 12:58:21: [admin-flatfile.smx] Error(s) detected parsing addons\sourcemod\configs\admins.cfg
L 05/28/2025 - 12:58:21: [admin-flatfile.smx]  (line 10) Section declared without header
L 05/28/2025 - 13:10:33: Error log file session closed.
L 05/28/2025 - 13:10:33: SourceMod error session started
L 05/28/2025 - 13:10:33: Info (map "de_dust2") (file "C:\MyPrograms\steamcmd\css_ds\cstrike\addons\sourcemod\logs\errors_20250528.log")
L 05/28/2025 - 13:10:33: [admin-flatfile.smx] Error(s) detected parsing addons\sourcemod\configs\admins.cfg
L 05/28/2025 - 13:10:33: [admin-flatfile.smx]  (line 10) Section declared without header
L 05/28/2025 - 15:19:47: SourceMod error session started
L 05/28/2025 - 15:19:47: Info (map "cs_assault") (file "C:\MyPrograms\steamcmd\css_ds\cstrike\addons\sourcemod\logs\errors_20250528.log")
L 05/28/2025 - 15:19:47: [admin-flatfile.smx] Error(s) detected parsing addons\sourcemod\configs\admins.cfg
L 05/28/2025 - 15:19:47: [admin-flatfile.smx]  (line 10) Section declared without header
L 05/28/2025 - 15:27:20: Error log file session closed.
L 05/28/2025 - 15:27:24: SourceMod error session started
L 05/28/2025 - 15:27:24: Info (map "de_dust2") (file "C:\MyPrograms\steamcmd\css_ds\cstrike\addons\sourcemod\logs\errors_20250528.log")
L 05/28/2025 - 15:27:24: [admin-flatfile.smx] Error(s) detected parsing addons\sourcemod\configs\admins.cfg
L 05/28/2025 - 15:27:24: [admin-flatfile.smx]  (line 10) Section declared without header
L 05/28/2025 - 15:31:18: SourceMod error session started
L 05/28/2025 - 15:31:18: Info (map "cs_assault") (file "C:\MyPrograms\steamcmd\css_ds\cstrike\addons\sourcemod\logs\errors_20250528.log")
L 05/28/2025 - 15:31:18: [admin-flatfile.smx] Error(s) detected parsing addons\sourcemod\configs\admins.cfg
L 05/28/2025 - 15:31:18: [admin-flatfile.smx]  (line 10) Section declared without header
L 05/28/2025 - 15:32:26: Error log file session closed.
L 05/28/2025 - 15:32:26: SourceMod error session started
L 05/28/2025 - 15:32:26: Info (map "de_dust2") (file "C:\MyPrograms\steamcmd\css_ds\cstrike\addons\sourcemod\logs\errors_20250528.log")
L 05/28/2025 - 15:32:26: [admin-flatfile.smx] Error(s) detected parsing addons\sourcemod\configs\admins.cfg
L 05/28/2025 - 15:32:26: [admin-flatfile.smx]  (line 10) Section declared without header
L 05/28/2025 - 15:47:39: Error log file session closed.
L 05/28/2025 - 15:47:39: SourceMod error session started
L 05/28/2025 - 15:47:39: Info (map "de_port") (file "C:\MyPrograms\steamcmd\css_ds\cstrike\addons\sourcemod\logs\errors_20250528.log")
L 05/28/2025 - 15:47:39: [admin-flatfile.smx] Error(s) detected parsing addons\sourcemod\configs\admins.cfg
L 05/28/2025 - 15:47:39: [admin-flatfile.smx]  (line 10) Section declared without header
L 05/28/2025 - 16:05:25: Error log file session closed.
L 05/28/2025 - 16:05:25: SourceMod error session started
L 05/28/2025 - 16:05:25: Info (map "de_dust2") (file "C:\MyPrograms\steamcmd\css_ds\cstrike\addons\sourcemod\logs\errors_20250528.log")
L 05/28/2025 - 16:05:25: [admin-flatfile.smx] Error(s) detected parsing addons\sourcemod\configs\admins.cfg
L 05/28/2025 - 16:05:25: [admin-flatfile.smx]  (line 10) Section declared without header
L 05/28/2025 - 16:33:01: SourceMod error session started
L 05/28/2025 - 16:33:01: Info (map "cs_assault") (file "C:\MyPrograms\steamcmd\css_ds\cstrike\addons\sourcemod\logs\errors_20250528.log")
L 05/28/2025 - 16:33:01: [admin-flatfile.smx] Error(s) detected parsing addons\sourcemod\configs\admins.cfg
L 05/28/2025 - 16:33:01: [admin-flatfile.smx]  (line 10) Section declared without header
L 05/28/2025 - 16:38:01: SourceMod error session started
L 05/28/2025 - 16:38:01: Info (map "cs_assault") (file "C:\MyPrograms\steamcmd\css_ds\cstrike\addons\sourcemod\logs\errors_20250528.log")
L 05/28/2025 - 16:38:01: [admin-flatfile.smx] Error(s) detected parsing addons\sourcemod\configs\admins.cfg
L 05/28/2025 - 16:38:01: [admin-flatfile.smx]  (line 10) Section declared without header
L 05/28/2025 - 16:42:35: SourceMod error session started
L 05/28/2025 - 16:42:35: Info (map "cs_assault") (file "C:\MyPrograms\steamcmd\css_ds\cstrike\addons\sourcemod\logs\errors_20250528.log")
L 05/28/2025 - 16:42:35: [admin-flatfile.smx] Error(s) detected parsing addons\sourcemod\configs\admins.cfg
L 05/28/2025 - 16:42:35: [admin-flatfile.smx]  (line 10) Section declared without header
L 05/28/2025 - 16:46:33: SourceMod error session started
L 05/28/2025 - 16:46:33: Info (map "cs_assault") (file "C:\MyPrograms\steamcmd\css_ds\cstrike\addons\sourcemod\logs\errors_20250528.log")
L 05/28/2025 - 16:46:33: [admin-flatfile.smx] Error(s) detected parsing addons\sourcemod\configs\admins.cfg
L 05/28/2025 - 16:46:33: [admin-flatfile.smx]  (line 10) Section declared without header
L 05/28/2025 - 16:49:41: SourceMod error session started
L 05/28/2025 - 16:49:41: Info (map "cs_assault") (file "C:\MyPrograms\steamcmd\css_ds\cstrike\addons\sourcemod\logs\errors_20250528.log")
L 05/28/2025 - 16:49:41: [admin-flatfile.smx] Error(s) detected parsing addons\sourcemod\configs\admins.cfg
L 05/28/2025 - 16:49:41: [admin-flatfile.smx]  (line 10) Section declared without header
L 05/28/2025 - 16:52:15: SourceMod error session started
L 05/28/2025 - 16:52:15: Info (map "cs_assault") (file "C:\MyPrograms\steamcmd\css_ds\cstrike\addons\sourcemod\logs\errors_20250528.log")
L 05/28/2025 - 16:52:15: [admin-flatfile.smx] Error(s) detected parsing addons\sourcemod\configs\admins.cfg
L 05/28/2025 - 16:52:15: [admin-flatfile.smx]  (line 10) Section declared without header
L 05/28/2025 - 16:58:20: SourceMod error session started
L 05/28/2025 - 16:58:20: Info (map "cs_assault") (file "C:\MyPrograms\steamcmd\css_ds\cstrike\addons\sourcemod\logs\errors_20250528.log")
L 05/28/2025 - 16:58:20: [admin-flatfile.smx] Error(s) detected parsing addons\sourcemod\configs\admins.cfg
L 05/28/2025 - 16:58:20: [admin-flatfile.smx]  (line 10) Section declared without header
L 05/28/2025 - 17:09:12: SourceMod error session started
L 05/28/2025 - 17:09:12: Info (map "cs_assault") (file "C:\MyPrograms\steamcmd\css_ds\cstrike\addons\sourcemod\logs\errors_20250528.log")
L 05/28/2025 - 17:09:12: [admin-flatfile.smx] Error(s) detected parsing addons\sourcemod\configs\admins.cfg
L 05/28/2025 - 17:09:12: [admin-flatfile.smx]  (line 10) Section declared without header
L 05/28/2025 - 17:14:29: SourceMod error session started
L 05/28/2025 - 17:14:29: Info (map "cs_assault") (file "C:\MyPrograms\steamcmd\css_ds\cstrike\addons\sourcemod\logs\errors_20250528.log")
L 05/28/2025 - 17:14:29: [admin-flatfile.smx] Error(s) detected parsing addons\sourcemod\configs\admins.cfg
L 05/28/2025 - 17:14:29: [admin-flatfile.smx]  (line 10) Section declared without header
L 05/28/2025 - 17:17:28: SourceMod error session started
L 05/28/2025 - 17:17:28: Info (map "cs_assault") (file "C:\MyPrograms\steamcmd\css_ds\cstrike\addons\sourcemod\logs\errors_20250528.log")
L 05/28/2025 - 17:17:28: [admin-flatfile.smx] Error(s) detected parsing addons\sourcemod\configs\admins.cfg
L 05/28/2025 - 17:17:28: [admin-flatfile.smx]  (line 10) Section declared without header
L 05/28/2025 - 17:25:40: Error log file session closed.
L 05/28/2025 - 17:25:40: SourceMod error session started
L 05/28/2025 - 17:25:40: Info (map "de_dust2") (file "C:\MyPrograms\steamcmd\css_ds\cstrike\addons\sourcemod\logs\errors_20250528.log")
L 05/28/2025 - 17:25:40: [admin-flatfile.smx] Error(s) detected parsing addons\sourcemod\configs\admins.cfg
L 05/28/2025 - 17:25:40: [admin-flatfile.smx]  (line 10) Section declared without header
L 05/28/2025 - 17:37:52: Error log file session closed.
L 05/28/2025 - 17:37:52: SourceMod error session started
L 05/28/2025 - 17:37:52: Info (map "de_port") (file "C:\MyPrograms\steamcmd\css_ds\cstrike\addons\sourcemod\logs\errors_20250528.log")
L 05/28/2025 - 17:37:52: [admin-flatfile.smx] Error(s) detected parsing addons\sourcemod\configs\admins.cfg
L 05/28/2025 - 17:37:52: [admin-flatfile.smx]  (line 10) Section declared without header
L 05/28/2025 - 18:14:41: SourceMod error session started
L 05/28/2025 - 18:14:41: Info (map "cs_assault") (file "C:\MyPrograms\steamcmd\css_ds\cstrike\addons\sourcemod\logs\errors_20250528.log")
L 05/28/2025 - 18:14:41: [admin-flatfile.smx] Error(s) detected parsing addons\sourcemod\configs\admins.cfg
L 05/28/2025 - 18:14:41: [admin-flatfile.smx]  (line 10) Section declared without header
L 05/28/2025 - 18:46:24: SourceMod error session started
L 05/28/2025 - 18:46:24: Info (map "cs_assault") (file "C:\MyPrograms\steamcmd\css_ds\cstrike\addons\sourcemod\logs\errors_20250528.log")
L 05/28/2025 - 18:46:24: [admin-flatfile.smx] Error(s) detected parsing addons\sourcemod\configs\admins.cfg
L 05/28/2025 - 18:46:24: [admin-flatfile.smx]  (line 10) Section declared without header
L 05/28/2025 - 18:55:27: Error log file session closed.
L 05/28/2025 - 18:55:27: SourceMod error session started
L 05/28/2025 - 18:55:27: Info (map "de_port") (file "C:\MyPrograms\steamcmd\css_ds\cstrike\addons\sourcemod\logs\errors_20250528.log")
L 05/28/2025 - 18:55:27: [admin-flatfile.smx] Error(s) detected parsing addons\sourcemod\configs\admins.cfg
L 05/28/2025 - 18:55:27: [admin-flatfile.smx]  (line 10) Section declared without header
L 05/28/2025 - 18:57:57: Error log file session closed.
L 05/28/2025 - 18:57:57: SourceMod error session started
L 05/28/2025 - 18:57:57: Info (map "de_dust2") (file "C:\MyPrograms\steamcmd\css_ds\cstrike\addons\sourcemod\logs\errors_20250528.log")
L 05/28/2025 - 18:57:57: [admin-flatfile.smx] Error(s) detected parsing addons\sourcemod\configs\admins.cfg
L 05/28/2025 - 18:57:57: [admin-flatfile.smx]  (line 10) Section declared without header
L 05/28/2025 - 19:00:28: Error log file session closed.
L 05/28/2025 - 19:00:28: SourceMod error session started
L 05/28/2025 - 19:00:28: Info (map "de_port") (file "C:\MyPrograms\steamcmd\css_ds\cstrike\addons\sourcemod\logs\errors_20250528.log")
L 05/28/2025 - 19:00:28: [admin-flatfile.smx] Error(s) detected parsing addons\sourcemod\configs\admins.cfg
L 05/28/2025 - 19:00:28: [admin-flatfile.smx]  (line 10) Section declared without header
L 05/28/2025 - 19:02:58: Error log file session closed.
L 05/28/2025 - 19:02:58: SourceMod error session started
L 05/28/2025 - 19:02:58: Info (map "de_dust2") (file "C:\MyPrograms\steamcmd\css_ds\cstrike\addons\sourcemod\logs\errors_20250528.log")
L 05/28/2025 - 19:02:58: [admin-flatfile.smx] Error(s) detected parsing addons\sourcemod\configs\admins.cfg
L 05/28/2025 - 19:02:58: [admin-flatfile.smx]  (line 10) Section declared without header
L 05/28/2025 - 19:05:28: Error log file session closed.
L 05/28/2025 - 19:05:28: SourceMod error session started
L 05/28/2025 - 19:05:28: Info (map "de_port") (file "C:\MyPrograms\steamcmd\css_ds\cstrike\addons\sourcemod\logs\errors_20250528.log")
L 05/28/2025 - 19:05:28: [admin-flatfile.smx] Error(s) detected parsing addons\sourcemod\configs\admins.cfg
L 05/28/2025 - 19:05:28: [admin-flatfile.smx]  (line 10) Section declared without header
L 05/28/2025 - 19:07:59: Error log file session closed.
L 05/28/2025 - 19:07:59: SourceMod error session started
L 05/28/2025 - 19:07:59: Info (map "de_dust2") (file "C:\MyPrograms\steamcmd\css_ds\cstrike\addons\sourcemod\logs\errors_20250528.log")
L 05/28/2025 - 19:07:59: [admin-flatfile.smx] Error(s) detected parsing addons\sourcemod\configs\admins.cfg
L 05/28/2025 - 19:07:59: [admin-flatfile.smx]  (line 10) Section declared without header
L 05/28/2025 - 19:10:29: Error log file session closed.
L 05/28/2025 - 19:10:29: SourceMod error session started
L 05/28/2025 - 19:10:29: Info (map "de_port") (file "C:\MyPrograms\steamcmd\css_ds\cstrike\addons\sourcemod\logs\errors_20250528.log")
L 05/28/2025 - 19:10:29: [admin-flatfile.smx] Error(s) detected parsing addons\sourcemod\configs\admins.cfg
L 05/28/2025 - 19:10:29: [admin-flatfile.smx]  (line 10) Section declared without header
L 05/28/2025 - 19:13:00: Error log file session closed.
L 05/28/2025 - 19:13:00: SourceMod error session started
L 05/28/2025 - 19:13:00: Info (map "de_dust2") (file "C:\MyPrograms\steamcmd\css_ds\cstrike\addons\sourcemod\logs\errors_20250528.log")
L 05/28/2025 - 19:13:00: [admin-flatfile.smx] Error(s) detected parsing addons\sourcemod\configs\admins.cfg
L 05/28/2025 - 19:13:00: [admin-flatfile.smx]  (line 10) Section declared without header
L 05/28/2025 - 19:15:30: Error log file session closed.
L 05/28/2025 - 19:15:30: SourceMod error session started
L 05/28/2025 - 19:15:30: Info (map "de_port") (file "C:\MyPrograms\steamcmd\css_ds\cstrike\addons\sourcemod\logs\errors_20250528.log")
L 05/28/2025 - 19:15:30: [admin-flatfile.smx] Error(s) detected parsing addons\sourcemod\configs\admins.cfg
L 05/28/2025 - 19:15:30: [admin-flatfile.smx]  (line 10) Section declared without header
L 05/28/2025 - 19:18:00: Error log file session closed.
L 05/28/2025 - 19:18:00: SourceMod error session started
L 05/28/2025 - 19:18:00: Info (map "de_dust2") (file "C:\MyPrograms\steamcmd\css_ds\cstrike\addons\sourcemod\logs\errors_20250528.log")
L 05/28/2025 - 19:18:00: [admin-flatfile.smx] Error(s) detected parsing addons\sourcemod\configs\admins.cfg
L 05/28/2025 - 19:18:00: [admin-flatfile.smx]  (line 10) Section declared without header
L 05/28/2025 - 19:20:31: Error log file session closed.
L 05/28/2025 - 19:20:31: SourceMod error session started
L 05/28/2025 - 19:20:31: Info (map "de_port") (file "C:\MyPrograms\steamcmd\css_ds\cstrike\addons\sourcemod\logs\errors_20250528.log")
L 05/28/2025 - 19:20:31: [admin-flatfile.smx] Error(s) detected parsing addons\sourcemod\configs\admins.cfg
L 05/28/2025 - 19:20:31: [admin-flatfile.smx]  (line 10) Section declared without header
L 05/28/2025 - 19:23:01: Error log file session closed.
L 05/28/2025 - 19:23:01: SourceMod error session started
L 05/28/2025 - 19:23:01: Info (map "de_dust2") (file "C:\MyPrograms\steamcmd\css_ds\cstrike\addons\sourcemod\logs\errors_20250528.log")
L 05/28/2025 - 19:23:01: [admin-flatfile.smx] Error(s) detected parsing addons\sourcemod\configs\admins.cfg
L 05/28/2025 - 19:23:01: [admin-flatfile.smx]  (line 10) Section declared without header
L 05/28/2025 - 19:25:31: Error log file session closed.
L 05/28/2025 - 19:25:32: SourceMod error session started
L 05/28/2025 - 19:25:32: Info (map "de_port") (file "C:\MyPrograms\steamcmd\css_ds\cstrike\addons\sourcemod\logs\errors_20250528.log")
L 05/28/2025 - 19:25:32: [admin-flatfile.smx] Error(s) detected parsing addons\sourcemod\configs\admins.cfg
L 05/28/2025 - 19:25:32: [admin-flatfile.smx]  (line 10) Section declared without header
L 05/28/2025 - 19:28:02: Error log file session closed.
L 05/28/2025 - 19:28:02: SourceMod error session started
L 05/28/2025 - 19:28:02: Info (map "de_dust2") (file "C:\MyPrograms\steamcmd\css_ds\cstrike\addons\sourcemod\logs\errors_20250528.log")
L 05/28/2025 - 19:28:02: [admin-flatfile.smx] Error(s) detected parsing addons\sourcemod\configs\admins.cfg
L 05/28/2025 - 19:28:02: [admin-flatfile.smx]  (line 10) Section declared without header
L 05/28/2025 - 19:30:32: Error log file session closed.
L 05/28/2025 - 19:30:32: SourceMod error session started
L 05/28/2025 - 19:30:32: Info (map "de_port") (file "C:\MyPrograms\steamcmd\css_ds\cstrike\addons\sourcemod\logs\errors_20250528.log")
L 05/28/2025 - 19:30:32: [admin-flatfile.smx] Error(s) detected parsing addons\sourcemod\configs\admins.cfg
L 05/28/2025 - 19:30:32: [admin-flatfile.smx]  (line 10) Section declared without header
L 05/28/2025 - 19:33:03: Error log file session closed.
L 05/28/2025 - 19:33:03: SourceMod error session started
L 05/28/2025 - 19:33:03: Info (map "de_dust2") (file "C:\MyPrograms\steamcmd\css_ds\cstrike\addons\sourcemod\logs\errors_20250528.log")
L 05/28/2025 - 19:33:03: [admin-flatfile.smx] Error(s) detected parsing addons\sourcemod\configs\admins.cfg
L 05/28/2025 - 19:33:03: [admin-flatfile.smx]  (line 10) Section declared without header
L 05/28/2025 - 19:35:33: Error log file session closed.
L 05/28/2025 - 19:35:33: SourceMod error session started
L 05/28/2025 - 19:35:33: Info (map "de_port") (file "C:\MyPrograms\steamcmd\css_ds\cstrike\addons\sourcemod\logs\errors_20250528.log")
L 05/28/2025 - 19:35:33: [admin-flatfile.smx] Error(s) detected parsing addons\sourcemod\configs\admins.cfg
L 05/28/2025 - 19:35:33: [admin-flatfile.smx]  (line 10) Section declared without header
L 05/28/2025 - 19:38:04: Error log file session closed.
L 05/28/2025 - 19:38:04: SourceMod error session started
L 05/28/2025 - 19:38:04: Info (map "de_dust2") (file "C:\MyPrograms\steamcmd\css_ds\cstrike\addons\sourcemod\logs\errors_20250528.log")
L 05/28/2025 - 19:38:04: [admin-flatfile.smx] Error(s) detected parsing addons\sourcemod\configs\admins.cfg
L 05/28/2025 - 19:38:04: [admin-flatfile.smx]  (line 10) Section declared without header
L 05/28/2025 - 19:40:34: Error log file session closed.
L 05/28/2025 - 19:40:34: SourceMod error session started
L 05/28/2025 - 19:40:34: Info (map "de_port") (file "C:\MyPrograms\steamcmd\css_ds\cstrike\addons\sourcemod\logs\errors_20250528.log")
L 05/28/2025 - 19:40:34: [admin-flatfile.smx] Error(s) detected parsing addons\sourcemod\configs\admins.cfg
L 05/28/2025 - 19:40:34: [admin-flatfile.smx]  (line 10) Section declared without header
L 05/28/2025 - 19:43:04: Error log file session closed.
L 05/28/2025 - 19:43:04: SourceMod error session started
L 05/28/2025 - 19:43:04: Info (map "de_dust2") (file "C:\MyPrograms\steamcmd\css_ds\cstrike\addons\sourcemod\logs\errors_20250528.log")
L 05/28/2025 - 19:43:04: [admin-flatfile.smx] Error(s) detected parsing addons\sourcemod\configs\admins.cfg
L 05/28/2025 - 19:43:04: [admin-flatfile.smx]  (line 10) Section declared without header
L 05/28/2025 - 19:45:35: Error log file session closed.
L 05/28/2025 - 19:45:35: SourceMod error session started
L 05/28/2025 - 19:45:35: Info (map "de_port") (file "C:\MyPrograms\steamcmd\css_ds\cstrike\addons\sourcemod\logs\errors_20250528.log")
L 05/28/2025 - 19:45:35: [admin-flatfile.smx] Error(s) detected parsing addons\sourcemod\configs\admins.cfg
L 05/28/2025 - 19:45:35: [admin-flatfile.smx]  (line 10) Section declared without header
L 05/28/2025 - 19:48:05: Error log file session closed.
L 05/28/2025 - 19:48:05: SourceMod error session started
L 05/28/2025 - 19:48:05: Info (map "de_dust2") (file "C:\MyPrograms\steamcmd\css_ds\cstrike\addons\sourcemod\logs\errors_20250528.log")
L 05/28/2025 - 19:48:05: [admin-flatfile.smx] Error(s) detected parsing addons\sourcemod\configs\admins.cfg
L 05/28/2025 - 19:48:05: [admin-flatfile.smx]  (line 10) Section declared without header
L 05/28/2025 - 19:50:35: Error log file session closed.
L 05/28/2025 - 19:50:35: SourceMod error session started
L 05/28/2025 - 19:50:35: Info (map "de_port") (file "C:\MyPrograms\steamcmd\css_ds\cstrike\addons\sourcemod\logs\errors_20250528.log")
L 05/28/2025 - 19:50:35: [admin-flatfile.smx] Error(s) detected parsing addons\sourcemod\configs\admins.cfg
L 05/28/2025 - 19:50:35: [admin-flatfile.smx]  (line 10) Section declared without header
L 05/28/2025 - 19:53:06: Error log file session closed.
L 05/28/2025 - 19:53:06: SourceMod error session started
L 05/28/2025 - 19:53:06: Info (map "de_dust2") (file "C:\MyPrograms\steamcmd\css_ds\cstrike\addons\sourcemod\logs\errors_20250528.log")
L 05/28/2025 - 19:53:06: [admin-flatfile.smx] Error(s) detected parsing addons\sourcemod\configs\admins.cfg
L 05/28/2025 - 19:53:06: [admin-flatfile.smx]  (line 10) Section declared without header
L 05/28/2025 - 19:55:36: Error log file session closed.
L 05/28/2025 - 19:55:36: SourceMod error session started
L 05/28/2025 - 19:55:36: Info (map "de_port") (file "C:\MyPrograms\steamcmd\css_ds\cstrike\addons\sourcemod\logs\errors_20250528.log")
L 05/28/2025 - 19:55:36: [admin-flatfile.smx] Error(s) detected parsing addons\sourcemod\configs\admins.cfg
L 05/28/2025 - 19:55:36: [admin-flatfile.smx]  (line 10) Section declared without header
L 05/28/2025 - 21:29:30: SourceMod error session started
L 05/28/2025 - 21:29:30: Info (map "cs_assault") (file "C:\MyPrograms\steamcmd\css_ds\cstrike\addons\sourcemod\logs\errors_20250528.log")
L 05/28/2025 - 21:29:30: [admin-flatfile.smx] Error(s) detected parsing addons\sourcemod\configs\admins.cfg
L 05/28/2025 - 21:29:30: [admin-flatfile.smx]  (line 10) Section declared without header
L 05/28/2025 - 21:54:13: Error log file session closed.
L 05/28/2025 - 21:54:13: SourceMod error session started
L 05/28/2025 - 21:54:13: Info (map "de_port") (file "C:\MyPrograms\steamcmd\css_ds\cstrike\addons\sourcemod\logs\errors_20250528.log")
L 05/28/2025 - 21:54:13: [admin-flatfile.smx] Error(s) detected parsing addons\sourcemod\configs\admins.cfg
L 05/28/2025 - 21:54:13: [admin-flatfile.smx]  (line 10) Section declared without header
