L 06/03/2025 - 00:47:03: SourceMod error session started
L 06/03/2025 - 00:47:03: Info (map "de_dust2") (file "C:\MyPrograms\steamcmd\css_ds\cstrike\addons\sourcemod\logs\errors_20250603.log")
L 06/03/2025 - 00:47:03: [admin-flatfile.smx] Error(s) detected parsing addons\sourcemod\configs\admins.cfg
L 06/03/2025 - 00:47:03: [admin-flatfile.smx]  (line 10) Section declared without header
L 06/03/2025 - 00:51:14: [SM] Exception reported: Entity -1 (106) is invalid
L 06/03/2025 - 00:51:14: [SM] Blaming: bot2player_public.smx
L 06/03/2025 - 00:51:14: [SM] Call stack trace:
L 06/03/2025 - 00:51:14: [SM]   [0] SetEntPropEnt
L 06/03/2025 - 00:51:14: [SM]   [1] Line 1010, D:\MY_PLUGINS\include\smlib/clients.inc::Client_SetActiveWeapon
L 06/03/2025 - 00:51:14: [SM]   [2] Line 378, D:\MY_PLUGINS\bot2player_public.sp::Give_iTargetWeaponsTo_iClient
L 06/03/2025 - 00:51:31: [SM] Exception reported: Entity -1 (126) is invalid
L 06/03/2025 - 00:51:31: [SM] Blaming: bot2player_public.smx
L 06/03/2025 - 00:51:31: [SM] Call stack trace:
L 06/03/2025 - 00:51:31: [SM]   [0] SetEntPropEnt
L 06/03/2025 - 00:51:31: [SM]   [1] Line 1010, D:\MY_PLUGINS\include\smlib/clients.inc::Client_SetActiveWeapon
L 06/03/2025 - 00:51:31: [SM]   [2] Line 378, D:\MY_PLUGINS\bot2player_public.sp::Give_iTargetWeaponsTo_iClient
L 06/03/2025 - 01:09:22: [SM] Exception reported: Entity -1 (96) is invalid
L 06/03/2025 - 01:09:22: [SM] Blaming: bot2player_public.smx
L 06/03/2025 - 01:09:22: [SM] Call stack trace:
L 06/03/2025 - 01:09:22: [SM]   [0] SetEntPropEnt
L 06/03/2025 - 01:09:22: [SM]   [1] Line 1010, D:\MY_PLUGINS\include\smlib/clients.inc::Client_SetActiveWeapon
L 06/03/2025 - 01:09:22: [SM]   [2] Line 378, D:\MY_PLUGINS\bot2player_public.sp::Give_iTargetWeaponsTo_iClient
L 06/03/2025 - 01:10:27: [SM] Exception reported: Entity -1 (102) is invalid
L 06/03/2025 - 01:10:27: [SM] Blaming: bot2player_public.smx
L 06/03/2025 - 01:10:27: [SM] Call stack trace:
L 06/03/2025 - 01:10:27: [SM]   [0] SetEntPropEnt
L 06/03/2025 - 01:10:27: [SM]   [1] Line 1010, D:\MY_PLUGINS\include\smlib/clients.inc::Client_SetActiveWeapon
L 06/03/2025 - 01:10:27: [SM]   [2] Line 378, D:\MY_PLUGINS\bot2player_public.sp::Give_iTargetWeaponsTo_iClient
L 06/03/2025 - 01:24:46: [SM] Exception reported: Entity -1 (101) is invalid
L 06/03/2025 - 01:24:46: [SM] Blaming: bot2player_public.smx
L 06/03/2025 - 01:24:46: [SM] Call stack trace:
L 06/03/2025 - 01:24:46: [SM]   [0] SetEntPropEnt
L 06/03/2025 - 01:24:46: [SM]   [1] Line 1010, D:\MY_PLUGINS\include\smlib/clients.inc::Client_SetActiveWeapon
L 06/03/2025 - 01:24:46: [SM]   [2] Line 378, D:\MY_PLUGINS\bot2player_public.sp::Give_iTargetWeaponsTo_iClient
L 06/03/2025 - 01:25:18: [SM] Exception reported: Entity -1 (132) is invalid
L 06/03/2025 - 01:25:18: [SM] Blaming: bot2player_public.smx
L 06/03/2025 - 01:25:18: [SM] Call stack trace:
L 06/03/2025 - 01:25:18: [SM]   [0] SetEntPropEnt
L 06/03/2025 - 01:25:18: [SM]   [1] Line 1010, D:\MY_PLUGINS\include\smlib/clients.inc::Client_SetActiveWeapon
L 06/03/2025 - 01:25:18: [SM]   [2] Line 378, D:\MY_PLUGINS\bot2player_public.sp::Give_iTargetWeaponsTo_iClient
L 06/03/2025 - 01:25:34: [SM] Exception reported: Entity -1 (94) is invalid
L 06/03/2025 - 01:25:34: [SM] Blaming: bot2player_public.smx
L 06/03/2025 - 01:25:34: [SM] Call stack trace:
L 06/03/2025 - 01:25:34: [SM]   [0] SetEntPropEnt
L 06/03/2025 - 01:25:34: [SM]   [1] Line 1010, D:\MY_PLUGINS\include\smlib/clients.inc::Client_SetActiveWeapon
L 06/03/2025 - 01:25:34: [SM]   [2] Line 378, D:\MY_PLUGINS\bot2player_public.sp::Give_iTargetWeaponsTo_iClient
L 06/03/2025 - 11:18:49: SourceMod error session started
L 06/03/2025 - 11:18:49: Info (map "de_dust2") (file "C:\MyPrograms\steamcmd\css_ds\cstrike\addons\sourcemod\logs\errors_20250603.log")
L 06/03/2025 - 11:18:49: [admin-flatfile.smx] Error(s) detected parsing addons\sourcemod\configs\admins.cfg
L 06/03/2025 - 11:18:49: [admin-flatfile.smx]  (line 10) Section declared without header
L 06/03/2025 - 11:24:07: SourceMod error session started
L 06/03/2025 - 11:24:07: Info (map "de_dust2") (file "C:\MyPrograms\steamcmd\css_ds\cstrike\addons\sourcemod\logs\errors_20250603.log")
L 06/03/2025 - 11:24:07: [admin-flatfile.smx] Error(s) detected parsing addons\sourcemod\configs\admins.cfg
L 06/03/2025 - 11:24:07: [admin-flatfile.smx]  (line 10) Section declared without header
L 06/03/2025 - 11:28:33: [SM] Exception reported: Entity -1 (97) is invalid
L 06/03/2025 - 11:28:33: [SM] Blaming: bot2player_public.smx
L 06/03/2025 - 11:28:33: [SM] Call stack trace:
L 06/03/2025 - 11:28:33: [SM]   [0] SetEntPropEnt
L 06/03/2025 - 11:28:33: [SM]   [1] Line 1010, D:\MY_PLUGINS\include\smlib/clients.inc::Client_SetActiveWeapon
L 06/03/2025 - 11:28:33: [SM]   [2] Line 378, D:\MY_PLUGINS\bot2player_public.sp::Give_iTargetWeaponsTo_iClient
L 06/03/2025 - 11:29:09: [SM] Exception reported: Entity -1 (95) is invalid
L 06/03/2025 - 11:29:09: [SM] Blaming: bot2player_public.smx
L 06/03/2025 - 11:29:09: [SM] Call stack trace:
L 06/03/2025 - 11:29:09: [SM]   [0] SetEntPropEnt
L 06/03/2025 - 11:29:09: [SM]   [1] Line 1010, D:\MY_PLUGINS\include\smlib/clients.inc::Client_SetActiveWeapon
L 06/03/2025 - 11:29:09: [SM]   [2] Line 378, D:\MY_PLUGINS\bot2player_public.sp::Give_iTargetWeaponsTo_iClient
L 06/03/2025 - 11:29:24: [SM] Exception reported: Entity -1 (97) is invalid
L 06/03/2025 - 11:29:24: [SM] Blaming: bot2player_public.smx
L 06/03/2025 - 11:29:24: [SM] Call stack trace:
L 06/03/2025 - 11:29:24: [SM]   [0] SetEntPropEnt
L 06/03/2025 - 11:29:24: [SM]   [1] Line 1010, D:\MY_PLUGINS\include\smlib/clients.inc::Client_SetActiveWeapon
L 06/03/2025 - 11:29:24: [SM]   [2] Line 378, D:\MY_PLUGINS\bot2player_public.sp::Give_iTargetWeaponsTo_iClient
L 06/03/2025 - 11:30:38: [SM] Exception reported: Entity -1 (101) is invalid
L 06/03/2025 - 11:30:38: [SM] Blaming: bot2player_public.smx
L 06/03/2025 - 11:30:38: [SM] Call stack trace:
L 06/03/2025 - 11:30:38: [SM]   [0] SetEntPropEnt
L 06/03/2025 - 11:30:38: [SM]   [1] Line 1010, D:\MY_PLUGINS\include\smlib/clients.inc::Client_SetActiveWeapon
L 06/03/2025 - 11:30:38: [SM]   [2] Line 378, D:\MY_PLUGINS\bot2player_public.sp::Give_iTargetWeaponsTo_iClient
L 06/03/2025 - 11:31:30: [SM] Exception reported: Entity -1 (100) is invalid
L 06/03/2025 - 11:31:30: [SM] Blaming: bot2player_public.smx
L 06/03/2025 - 11:31:30: [SM] Call stack trace:
L 06/03/2025 - 11:31:30: [SM]   [0] SetEntPropEnt
L 06/03/2025 - 11:31:30: [SM]   [1] Line 1010, D:\MY_PLUGINS\include\smlib/clients.inc::Client_SetActiveWeapon
L 06/03/2025 - 11:31:30: [SM]   [2] Line 378, D:\MY_PLUGINS\bot2player_public.sp::Give_iTargetWeaponsTo_iClient
L 06/03/2025 - 11:31:39: [SM] Exception reported: Entity -1 (103) is invalid
L 06/03/2025 - 11:31:39: [SM] Blaming: bot2player_public.smx
L 06/03/2025 - 11:31:39: [SM] Call stack trace:
L 06/03/2025 - 11:31:39: [SM]   [0] SetEntPropEnt
L 06/03/2025 - 11:31:39: [SM]   [1] Line 1010, D:\MY_PLUGINS\include\smlib/clients.inc::Client_SetActiveWeapon
L 06/03/2025 - 11:31:39: [SM]   [2] Line 378, D:\MY_PLUGINS\bot2player_public.sp::Give_iTargetWeaponsTo_iClient
L 06/03/2025 - 11:35:22: [SM] Exception reported: Entity -1 (83) is invalid
L 06/03/2025 - 11:35:22: [SM] Blaming: bot2player_public.smx
L 06/03/2025 - 11:35:22: [SM] Call stack trace:
L 06/03/2025 - 11:35:22: [SM]   [0] SetEntPropEnt
L 06/03/2025 - 11:35:22: [SM]   [1] Line 1010, D:\MY_PLUGINS\include\smlib/clients.inc::Client_SetActiveWeapon
L 06/03/2025 - 11:35:22: [SM]   [2] Line 378, D:\MY_PLUGINS\bot2player_public.sp::Give_iTargetWeaponsTo_iClient
L 06/03/2025 - 16:51:52: SourceMod error session started
L 06/03/2025 - 16:51:52: Info (map "de_dust2") (file "C:\MyPrograms\steamcmd\css_ds\cstrike\addons\sourcemod\logs\errors_20250603.log")
L 06/03/2025 - 16:51:52: [admin-flatfile.smx] Error(s) detected parsing addons\sourcemod\configs\admins.cfg
L 06/03/2025 - 16:51:52: [admin-flatfile.smx]  (line 10) Section declared without header
L 06/03/2025 - 17:09:10: Error log file session closed.
L 06/03/2025 - 17:09:11: SourceMod error session started
L 06/03/2025 - 17:09:11: Info (map "de_piranesi") (file "C:\MyPrograms\steamcmd\css_ds\cstrike\addons\sourcemod\logs\errors_20250603.log")
L 06/03/2025 - 17:09:11: [admin-flatfile.smx] Error(s) detected parsing addons\sourcemod\configs\admins.cfg
L 06/03/2025 - 17:09:11: [admin-flatfile.smx]  (line 10) Section declared without header
L 06/03/2025 - 17:21:36: SourceMod error session started
L 06/03/2025 - 17:21:36: Info (map "de_dust2") (file "C:\MyPrograms\steamcmd\css_ds\cstrike\addons\sourcemod\logs\errors_20250603.log")
L 06/03/2025 - 17:21:36: [admin-flatfile.smx] Error(s) detected parsing addons\sourcemod\configs\admins.cfg
L 06/03/2025 - 17:21:36: [admin-flatfile.smx]  (line 10) Section declared without header
