L 06/13/2025 - 03:47:34: SourceMod error session started
L 06/13/2025 - 03:47:34: Info (map "de_dust2") (file "C:\MyPrograms\steamcmd\css_ds\cstrike\addons\sourcemod\logs\errors_20250613.log")
L 06/13/2025 - 03:47:34: [SM] Exception reported: Game event "bomb_drop" does not exist
L 06/13/2025 - 03:47:34: [SM] Blaming: match-commands.smx
L 06/13/2025 - 03:47:34: [SM] Call stack trace:
L 06/13/2025 - 03:47:34: [SM]   [0] HookEvent
L 06/13/2025 - 03:47:34: [SM]   [1] Line 15, /groups/sourcemod/upload_tmp/textKSq1yI.sp::OnPluginStart
L 06/13/2025 - 03:47:34: [SM] Unable to load plugin "match-commands.smx": Error detected in plugin startup (see error logs)
L 06/13/2025 - 03:47:35: [admin-flatfile.smx] Error(s) detected parsing addons\sourcemod\configs\admins.cfg
L 06/13/2025 - 03:47:35: [admin-flatfile.smx]  (line 10) Section declared without header
L 06/13/2025 - 04:24:13: Error log file session closed.
L 06/13/2025 - 04:24:13: SourceMod error session started
L 06/13/2025 - 04:24:13: Info (map "cs_assault") (file "C:\MyPrograms\steamcmd\css_ds\cstrike\addons\sourcemod\logs\errors_20250613.log")
L 06/13/2025 - 04:24:13: [admin-flatfile.smx] Error(s) detected parsing addons\sourcemod\configs\admins.cfg
L 06/13/2025 - 04:24:13: [admin-flatfile.smx]  (line 10) Section declared without header
L 06/13/2025 - 20:03:28: SourceMod error session started
L 06/13/2025 - 20:03:28: Info (map "de_dust2") (file "C:\MyPrograms\steamcmd\css_ds\cstrike\addons\sourcemod\logs\errors_20250613.log")
L 06/13/2025 - 20:03:28: [SM] Exception reported: Game event "bomb_drop" does not exist
L 06/13/2025 - 20:03:28: [SM] Blaming: match-commands.smx
L 06/13/2025 - 20:03:28: [SM] Call stack trace:
L 06/13/2025 - 20:03:28: [SM]   [0] HookEvent
L 06/13/2025 - 20:03:28: [SM]   [1] Line 15, /groups/sourcemod/upload_tmp/textKSq1yI.sp::OnPluginStart
L 06/13/2025 - 20:03:28: [SM] Unable to load plugin "match-commands.smx": Error detected in plugin startup (see error logs)
L 06/13/2025 - 20:03:28: [admin-flatfile.smx] Error(s) detected parsing addons\sourcemod\configs\admins.cfg
L 06/13/2025 - 20:03:28: [admin-flatfile.smx]  (line 10) Section declared without header
L 06/13/2025 - 20:12:13: [SM] Exception reported: Entity -1 (91) is invalid
L 06/13/2025 - 20:12:13: [SM] Blaming: bot2player_public.smx
L 06/13/2025 - 20:12:13: [SM] Call stack trace:
L 06/13/2025 - 20:12:13: [SM]   [0] SetEntPropEnt
L 06/13/2025 - 20:12:13: [SM]   [1] Line 1010, D:\MY_PLUGINS\include\smlib/clients.inc::Client_SetActiveWeapon
L 06/13/2025 - 20:12:13: [SM]   [2] Line 378, D:\MY_PLUGINS\bot2player_public.sp::Give_iTargetWeaponsTo_iClient
L 06/13/2025 - 20:13:25: [SM] Exception reported: Entity -1 (91) is invalid
L 06/13/2025 - 20:13:25: [SM] Blaming: bot2player_public.smx
L 06/13/2025 - 20:13:25: [SM] Call stack trace:
L 06/13/2025 - 20:13:25: [SM]   [0] SetEntPropEnt
L 06/13/2025 - 20:13:25: [SM]   [1] Line 1010, D:\MY_PLUGINS\include\smlib/clients.inc::Client_SetActiveWeapon
L 06/13/2025 - 20:13:25: [SM]   [2] Line 378, D:\MY_PLUGINS\bot2player_public.sp::Give_iTargetWeaponsTo_iClient
L 06/13/2025 - 20:13:37: [SM] Exception reported: Entity -1 (93) is invalid
L 06/13/2025 - 20:13:37: [SM] Blaming: bot2player_public.smx
L 06/13/2025 - 20:13:37: [SM] Call stack trace:
L 06/13/2025 - 20:13:37: [SM]   [0] SetEntPropEnt
L 06/13/2025 - 20:13:37: [SM]   [1] Line 1010, D:\MY_PLUGINS\include\smlib/clients.inc::Client_SetActiveWeapon
L 06/13/2025 - 20:13:37: [SM]   [2] Line 378, D:\MY_PLUGINS\bot2player_public.sp::Give_iTargetWeaponsTo_iClient
L 06/13/2025 - 20:18:02: [SM] Exception reported: Entity -1 (115) is invalid
L 06/13/2025 - 20:18:02: [SM] Blaming: bot2player_public.smx
L 06/13/2025 - 20:18:02: [SM] Call stack trace:
L 06/13/2025 - 20:18:02: [SM]   [0] SetEntPropEnt
L 06/13/2025 - 20:18:02: [SM]   [1] Line 1010, D:\MY_PLUGINS\include\smlib/clients.inc::Client_SetActiveWeapon
L 06/13/2025 - 20:18:02: [SM]   [2] Line 378, D:\MY_PLUGINS\bot2player_public.sp::Give_iTargetWeaponsTo_iClient
L 06/13/2025 - 20:20:30: [SM] Exception reported: Entity -1 (97) is invalid
L 06/13/2025 - 20:20:30: [SM] Blaming: bot2player_public.smx
L 06/13/2025 - 20:20:30: [SM] Call stack trace:
L 06/13/2025 - 20:20:30: [SM]   [0] SetEntPropEnt
L 06/13/2025 - 20:20:30: [SM]   [1] Line 1010, D:\MY_PLUGINS\include\smlib/clients.inc::Client_SetActiveWeapon
L 06/13/2025 - 20:20:30: [SM]   [2] Line 378, D:\MY_PLUGINS\bot2player_public.sp::Give_iTargetWeaponsTo_iClient
L 06/13/2025 - 20:24:18: [SM] Exception reported: Entity -1 (120) is invalid
L 06/13/2025 - 20:24:18: [SM] Blaming: bot2player_public.smx
L 06/13/2025 - 20:24:18: [SM] Call stack trace:
L 06/13/2025 - 20:24:18: [SM]   [0] SetEntPropEnt
L 06/13/2025 - 20:24:18: [SM]   [1] Line 1010, D:\MY_PLUGINS\include\smlib/clients.inc::Client_SetActiveWeapon
L 06/13/2025 - 20:24:18: [SM]   [2] Line 378, D:\MY_PLUGINS\bot2player_public.sp::Give_iTargetWeaponsTo_iClient
L 06/13/2025 - 20:27:58: [SM] Exception reported: Entity -1 (114) is invalid
L 06/13/2025 - 20:27:58: [SM] Blaming: bot2player_public.smx
L 06/13/2025 - 20:27:58: [SM] Call stack trace:
L 06/13/2025 - 20:27:58: [SM]   [0] SetEntPropEnt
L 06/13/2025 - 20:27:58: [SM]   [1] Line 1010, D:\MY_PLUGINS\include\smlib/clients.inc::Client_SetActiveWeapon
L 06/13/2025 - 20:27:58: [SM]   [2] Line 378, D:\MY_PLUGINS\bot2player_public.sp::Give_iTargetWeaponsTo_iClient
L 06/13/2025 - 20:30:49: Error log file session closed.
L 06/13/2025 - 20:30:49: SourceMod error session started
L 06/13/2025 - 20:30:49: Info (map "de_aztec") (file "C:\MyPrograms\steamcmd\css_ds\cstrike\addons\sourcemod\logs\errors_20250613.log")
L 06/13/2025 - 20:30:49: [admin-flatfile.smx] Error(s) detected parsing addons\sourcemod\configs\admins.cfg
L 06/13/2025 - 20:30:49: [admin-flatfile.smx]  (line 10) Section declared without header
L 06/13/2025 - 20:34:25: [SM] Exception reported: Entity -1 (239) is invalid
L 06/13/2025 - 20:34:25: [SM] Blaming: bot2player_public.smx
L 06/13/2025 - 20:34:25: [SM] Call stack trace:
L 06/13/2025 - 20:34:25: [SM]   [0] SetEntPropEnt
L 06/13/2025 - 20:34:25: [SM]   [1] Line 1010, D:\MY_PLUGINS\include\smlib/clients.inc::Client_SetActiveWeapon
L 06/13/2025 - 20:34:25: [SM]   [2] Line 378, D:\MY_PLUGINS\bot2player_public.sp::Give_iTargetWeaponsTo_iClient
L 06/13/2025 - 20:35:31: [SM] Exception reported: Entity -1 (235) is invalid
L 06/13/2025 - 20:35:31: [SM] Blaming: bot2player_public.smx
L 06/13/2025 - 20:35:31: [SM] Call stack trace:
L 06/13/2025 - 20:35:31: [SM]   [0] SetEntPropEnt
L 06/13/2025 - 20:35:31: [SM]   [1] Line 1010, D:\MY_PLUGINS\include\smlib/clients.inc::Client_SetActiveWeapon
L 06/13/2025 - 20:35:31: [SM]   [2] Line 378, D:\MY_PLUGINS\bot2player_public.sp::Give_iTargetWeaponsTo_iClient
L 06/13/2025 - 20:39:48: [SM] Exception reported: Entity -1 (234) is invalid
L 06/13/2025 - 20:39:48: [SM] Blaming: bot2player_public.smx
L 06/13/2025 - 20:39:48: [SM] Call stack trace:
L 06/13/2025 - 20:39:48: [SM]   [0] SetEntPropEnt
L 06/13/2025 - 20:39:48: [SM]   [1] Line 1010, D:\MY_PLUGINS\include\smlib/clients.inc::Client_SetActiveWeapon
L 06/13/2025 - 20:39:48: [SM]   [2] Line 378, D:\MY_PLUGINS\bot2player_public.sp::Give_iTargetWeaponsTo_iClient
L 06/13/2025 - 20:44:14: [SM] Exception reported: Entity -1 (231) is invalid
L 06/13/2025 - 20:44:14: [SM] Blaming: bot2player_public.smx
L 06/13/2025 - 20:44:14: [SM] Call stack trace:
L 06/13/2025 - 20:44:14: [SM]   [0] SetEntPropEnt
L 06/13/2025 - 20:44:14: [SM]   [1] Line 1010, D:\MY_PLUGINS\include\smlib/clients.inc::Client_SetActiveWeapon
L 06/13/2025 - 20:44:14: [SM]   [2] Line 378, D:\MY_PLUGINS\bot2player_public.sp::Give_iTargetWeaponsTo_iClient
L 06/13/2025 - 20:49:38: [SM] Exception reported: Entity -1 (296) is invalid
L 06/13/2025 - 20:49:38: [SM] Blaming: bot2player_public.smx
L 06/13/2025 - 20:49:38: [SM] Call stack trace:
L 06/13/2025 - 20:49:38: [SM]   [0] SetEntPropEnt
L 06/13/2025 - 20:49:38: [SM]   [1] Line 1010, D:\MY_PLUGINS\include\smlib/clients.inc::Client_SetActiveWeapon
L 06/13/2025 - 20:49:38: [SM]   [2] Line 378, D:\MY_PLUGINS\bot2player_public.sp::Give_iTargetWeaponsTo_iClient
L 06/13/2025 - 20:50:38: [SM] Exception reported: Entity -1 (299) is invalid
L 06/13/2025 - 20:50:38: [SM] Blaming: bot2player_public.smx
L 06/13/2025 - 20:50:38: [SM] Call stack trace:
L 06/13/2025 - 20:50:38: [SM]   [0] SetEntPropEnt
L 06/13/2025 - 20:50:38: [SM]   [1] Line 1010, D:\MY_PLUGINS\include\smlib/clients.inc::Client_SetActiveWeapon
L 06/13/2025 - 20:50:38: [SM]   [2] Line 378, D:\MY_PLUGINS\bot2player_public.sp::Give_iTargetWeaponsTo_iClient
L 06/13/2025 - 21:01:28: Error log file session closed.
L 06/13/2025 - 21:01:28: SourceMod error session started
L 06/13/2025 - 21:01:28: Info (map "de_rats_rc_1337v4") (file "C:\MyPrograms\steamcmd\css_ds\cstrike\addons\sourcemod\logs\errors_20250613.log")
L 06/13/2025 - 21:01:28: [admin-flatfile.smx] Error(s) detected parsing addons\sourcemod\configs\admins.cfg
L 06/13/2025 - 21:01:28: [admin-flatfile.smx]  (line 10) Section declared without header
L 06/13/2025 - 21:01:57: Error log file session closed.
L 06/13/2025 - 21:01:57: SourceMod error session started
L 06/13/2025 - 21:01:57: Info (map "de_mirage_csgo") (file "C:\MyPrograms\steamcmd\css_ds\cstrike\addons\sourcemod\logs\errors_20250613.log")
L 06/13/2025 - 21:01:57: [admin-flatfile.smx] Error(s) detected parsing addons\sourcemod\configs\admins.cfg
L 06/13/2025 - 21:01:57: [admin-flatfile.smx]  (line 10) Section declared without header
L 06/13/2025 - 21:02:53: Error log file session closed.
L 06/13/2025 - 21:02:56: SourceMod error session started
L 06/13/2025 - 21:02:56: Info (map "de_rats_rc_1337v4") (file "C:\MyPrograms\steamcmd\css_ds\cstrike\addons\sourcemod\logs\errors_20250613.log")
L 06/13/2025 - 21:02:56: [admin-flatfile.smx] Error(s) detected parsing addons\sourcemod\configs\admins.cfg
L 06/13/2025 - 21:02:56: [admin-flatfile.smx]  (line 10) Section declared without header
L 06/13/2025 - 21:07:38: [SM] Exception reported: Entity -1 (135) is invalid
L 06/13/2025 - 21:07:38: [SM] Blaming: bot2player_public.smx
L 06/13/2025 - 21:07:38: [SM] Call stack trace:
L 06/13/2025 - 21:07:38: [SM]   [0] SetEntPropEnt
L 06/13/2025 - 21:07:38: [SM]   [1] Line 1010, D:\MY_PLUGINS\include\smlib/clients.inc::Client_SetActiveWeapon
L 06/13/2025 - 21:07:38: [SM]   [2] Line 378, D:\MY_PLUGINS\bot2player_public.sp::Give_iTargetWeaponsTo_iClient
L 06/13/2025 - 21:33:21: [SM] Exception reported: Entity -1 (142) is invalid
L 06/13/2025 - 21:33:21: [SM] Blaming: bot2player_public.smx
L 06/13/2025 - 21:33:21: [SM] Call stack trace:
L 06/13/2025 - 21:33:21: [SM]   [0] SetEntPropEnt
L 06/13/2025 - 21:33:21: [SM]   [1] Line 1010, D:\MY_PLUGINS\include\smlib/clients.inc::Client_SetActiveWeapon
L 06/13/2025 - 21:33:21: [SM]   [2] Line 378, D:\MY_PLUGINS\bot2player_public.sp::Give_iTargetWeaponsTo_iClient
L 06/13/2025 - 21:34:21: [SM] Exception reported: Entity -1 (142) is invalid
L 06/13/2025 - 21:34:21: [SM] Blaming: bot2player_public.smx
L 06/13/2025 - 21:34:21: [SM] Call stack trace:
L 06/13/2025 - 21:34:21: [SM]   [0] SetEntPropEnt
L 06/13/2025 - 21:34:21: [SM]   [1] Line 1010, D:\MY_PLUGINS\include\smlib/clients.inc::Client_SetActiveWeapon
L 06/13/2025 - 21:34:21: [SM]   [2] Line 378, D:\MY_PLUGINS\bot2player_public.sp::Give_iTargetWeaponsTo_iClient
L 06/13/2025 - 21:38:32: Error log file session closed.
L 06/13/2025 - 21:38:32: SourceMod error session started
L 06/13/2025 - 21:38:32: Info (map "cs_assault") (file "C:\MyPrograms\steamcmd\css_ds\cstrike\addons\sourcemod\logs\errors_20250613.log")
L 06/13/2025 - 21:38:32: [admin-flatfile.smx] Error(s) detected parsing addons\sourcemod\configs\admins.cfg
L 06/13/2025 - 21:38:32: [admin-flatfile.smx]  (line 10) Section declared without header
L 06/13/2025 - 21:52:59: [SM] Exception reported: Entity -1 (197) is invalid
L 06/13/2025 - 21:52:59: [SM] Blaming: bot2player_public.smx
L 06/13/2025 - 21:52:59: [SM] Call stack trace:
L 06/13/2025 - 21:52:59: [SM]   [0] SetEntPropEnt
L 06/13/2025 - 21:52:59: [SM]   [1] Line 1010, D:\MY_PLUGINS\include\smlib/clients.inc::Client_SetActiveWeapon
L 06/13/2025 - 21:52:59: [SM]   [2] Line 378, D:\MY_PLUGINS\bot2player_public.sp::Give_iTargetWeaponsTo_iClient
L 06/13/2025 - 21:53:15: [SM] Exception reported: Entity -1 (200) is invalid
L 06/13/2025 - 21:53:15: [SM] Blaming: bot2player_public.smx
L 06/13/2025 - 21:53:15: [SM] Call stack trace:
L 06/13/2025 - 21:53:15: [SM]   [0] SetEntPropEnt
L 06/13/2025 - 21:53:15: [SM]   [1] Line 1010, D:\MY_PLUGINS\include\smlib/clients.inc::Client_SetActiveWeapon
L 06/13/2025 - 21:53:15: [SM]   [2] Line 378, D:\MY_PLUGINS\bot2player_public.sp::Give_iTargetWeaponsTo_iClient
L 06/13/2025 - 21:56:39: [SM] Exception reported: Entity -1 (182) is invalid
L 06/13/2025 - 21:56:39: [SM] Blaming: bot2player_public.smx
L 06/13/2025 - 21:56:39: [SM] Call stack trace:
L 06/13/2025 - 21:56:39: [SM]   [0] SetEntPropEnt
L 06/13/2025 - 21:56:39: [SM]   [1] Line 1010, D:\MY_PLUGINS\include\smlib/clients.inc::Client_SetActiveWeapon
L 06/13/2025 - 21:56:39: [SM]   [2] Line 378, D:\MY_PLUGINS\bot2player_public.sp::Give_iTargetWeaponsTo_iClient
L 06/13/2025 - 21:57:51: [SM] Exception reported: Entity -1 (195) is invalid
L 06/13/2025 - 21:57:51: [SM] Blaming: bot2player_public.smx
L 06/13/2025 - 21:57:51: [SM] Call stack trace:
L 06/13/2025 - 21:57:51: [SM]   [0] SetEntPropEnt
L 06/13/2025 - 21:57:51: [SM]   [1] Line 1010, D:\MY_PLUGINS\include\smlib/clients.inc::Client_SetActiveWeapon
L 06/13/2025 - 21:57:51: [SM]   [2] Line 378, D:\MY_PLUGINS\bot2player_public.sp::Give_iTargetWeaponsTo_iClient
L 06/13/2025 - 22:08:22: [SM] Exception reported: Entity -1 (260) is invalid
L 06/13/2025 - 22:08:22: [SM] Blaming: bot2player_public.smx
L 06/13/2025 - 22:08:22: [SM] Call stack trace:
L 06/13/2025 - 22:08:23: [SM]   [0] SetEntPropEnt
L 06/13/2025 - 22:08:23: [SM]   [1] Line 1010, D:\MY_PLUGINS\include\smlib/clients.inc::Client_SetActiveWeapon
L 06/13/2025 - 22:08:23: [SM]   [2] Line 383, D:\MY_PLUGINS\bot2player_public.sp::Give_iTargetWeaponsTo_iClient
L 06/13/2025 - 22:19:29: Error log file session closed.
L 06/13/2025 - 22:19:29: SourceMod error session started
L 06/13/2025 - 22:19:29: Info (map "de_train") (file "C:\MyPrograms\steamcmd\css_ds\cstrike\addons\sourcemod\logs\errors_20250613.log")
L 06/13/2025 - 22:19:29: [admin-flatfile.smx] Error(s) detected parsing addons\sourcemod\configs\admins.cfg
L 06/13/2025 - 22:19:29: [admin-flatfile.smx]  (line 10) Section declared without header
L 06/13/2025 - 22:19:58: Error log file session closed.
L 06/13/2025 - 22:19:58: SourceMod error session started
L 06/13/2025 - 22:19:58: Info (map "de_dust2") (file "C:\MyPrograms\steamcmd\css_ds\cstrike\addons\sourcemod\logs\errors_20250613.log")
L 06/13/2025 - 22:19:58: [admin-flatfile.smx] Error(s) detected parsing addons\sourcemod\configs\admins.cfg
L 06/13/2025 - 22:19:58: [admin-flatfile.smx]  (line 10) Section declared without header
L 06/13/2025 - 22:24:15: [SM] Exception reported: Entity -1 (75) is invalid
L 06/13/2025 - 22:24:15: [SM] Blaming: bot2player_public.smx
L 06/13/2025 - 22:24:15: [SM] Call stack trace:
L 06/13/2025 - 22:24:15: [SM]   [0] SetEntPropEnt
L 06/13/2025 - 22:24:15: [SM]   [1] Line 1010, D:\MY_PLUGINS\include\smlib/clients.inc::Client_SetActiveWeapon
L 06/13/2025 - 22:24:15: [SM]   [2] Line 378, D:\MY_PLUGINS\bot2player_public.sp::Give_iTargetWeaponsTo_iClient
L 06/13/2025 - 22:26:33: [SM] Exception reported: Entity -1 (118) is invalid
L 06/13/2025 - 22:26:33: [SM] Blaming: bot2player_public.smx
L 06/13/2025 - 22:26:33: [SM] Call stack trace:
L 06/13/2025 - 22:26:33: [SM]   [0] SetEntPropEnt
L 06/13/2025 - 22:26:33: [SM]   [1] Line 1010, D:\MY_PLUGINS\include\smlib/clients.inc::Client_SetActiveWeapon
L 06/13/2025 - 22:26:33: [SM]   [2] Line 378, D:\MY_PLUGINS\bot2player_public.sp::Give_iTargetWeaponsTo_iClient
L 06/13/2025 - 22:36:01: [SM] Exception reported: Entity -1 (85) is invalid
L 06/13/2025 - 22:36:01: [SM] Blaming: bot2player_public.smx
L 06/13/2025 - 22:36:01: [SM] Call stack trace:
L 06/13/2025 - 22:36:01: [SM]   [0] SetEntPropEnt
L 06/13/2025 - 22:36:01: [SM]   [1] Line 1010, D:\MY_PLUGINS\include\smlib/clients.inc::Client_SetActiveWeapon
L 06/13/2025 - 22:36:01: [SM]   [2] Line 378, D:\MY_PLUGINS\bot2player_public.sp::Give_iTargetWeaponsTo_iClient
L 06/13/2025 - 22:40:56: [SM] Exception reported: Entity -1 (120) is invalid
L 06/13/2025 - 22:40:56: [SM] Blaming: bot2player_public.smx
L 06/13/2025 - 22:40:56: [SM] Call stack trace:
L 06/13/2025 - 22:40:56: [SM]   [0] SetEntPropEnt
L 06/13/2025 - 22:40:56: [SM]   [1] Line 1010, D:\MY_PLUGINS\include\smlib/clients.inc::Client_SetActiveWeapon
L 06/13/2025 - 22:40:56: [SM]   [2] Line 383, D:\MY_PLUGINS\bot2player_public.sp::Give_iTargetWeaponsTo_iClient
L 06/13/2025 - 22:43:06: Error log file session closed.
L 06/13/2025 - 22:43:06: SourceMod error session started
L 06/13/2025 - 22:43:06: Info (map "de_inferno") (file "C:\MyPrograms\steamcmd\css_ds\cstrike\addons\sourcemod\logs\errors_20250613.log")
L 06/13/2025 - 22:43:06: [admin-flatfile.smx] Error(s) detected parsing addons\sourcemod\configs\admins.cfg
L 06/13/2025 - 22:43:06: [admin-flatfile.smx]  (line 10) Section declared without header
L 06/13/2025 - 22:43:21: Error log file session closed.
L 06/13/2025 - 22:43:21: SourceMod error session started
L 06/13/2025 - 22:43:21: Info (map "de_dust2") (file "C:\MyPrograms\steamcmd\css_ds\cstrike\addons\sourcemod\logs\errors_20250613.log")
L 06/13/2025 - 22:43:21: [admin-flatfile.smx] Error(s) detected parsing addons\sourcemod\configs\admins.cfg
L 06/13/2025 - 22:43:21: [admin-flatfile.smx]  (line 10) Section declared without header
L 06/13/2025 - 22:48:22: [SM] Exception reported: Entity -1 (91) is invalid
L 06/13/2025 - 22:48:22: [SM] Blaming: bot2player_public.smx
L 06/13/2025 - 22:48:22: [SM] Call stack trace:
L 06/13/2025 - 22:48:22: [SM]   [0] SetEntPropEnt
L 06/13/2025 - 22:48:22: [SM]   [1] Line 1010, D:\MY_PLUGINS\include\smlib/clients.inc::Client_SetActiveWeapon
L 06/13/2025 - 22:48:22: [SM]   [2] Line 378, D:\MY_PLUGINS\bot2player_public.sp::Give_iTargetWeaponsTo_iClient
L 06/13/2025 - 23:05:27: [SM] Exception reported: Entity -1 (88) is invalid
L 06/13/2025 - 23:05:27: [SM] Blaming: bot2player_public.smx
L 06/13/2025 - 23:05:27: [SM] Call stack trace:
L 06/13/2025 - 23:05:27: [SM]   [0] SetEntPropEnt
L 06/13/2025 - 23:05:27: [SM]   [1] Line 1010, D:\MY_PLUGINS\include\smlib/clients.inc::Client_SetActiveWeapon
L 06/13/2025 - 23:05:27: [SM]   [2] Line 378, D:\MY_PLUGINS\bot2player_public.sp::Give_iTargetWeaponsTo_iClient
L 06/13/2025 - 23:08:17: [SM] Exception reported: Entity -1 (88) is invalid
L 06/13/2025 - 23:08:17: [SM] Blaming: bot2player_public.smx
L 06/13/2025 - 23:08:17: [SM] Call stack trace:
L 06/13/2025 - 23:08:17: [SM]   [0] SetEntPropEnt
L 06/13/2025 - 23:08:17: [SM]   [1] Line 1010, D:\MY_PLUGINS\include\smlib/clients.inc::Client_SetActiveWeapon
L 06/13/2025 - 23:08:17: [SM]   [2] Line 378, D:\MY_PLUGINS\bot2player_public.sp::Give_iTargetWeaponsTo_iClient
L 06/13/2025 - 23:12:59: [SM] Exception reported: Entity -1 (85) is invalid
L 06/13/2025 - 23:12:59: [SM] Blaming: bot2player_public.smx
L 06/13/2025 - 23:12:59: [SM] Call stack trace:
L 06/13/2025 - 23:12:59: [SM]   [0] SetEntPropEnt
L 06/13/2025 - 23:12:59: [SM]   [1] Line 1010, D:\MY_PLUGINS\include\smlib/clients.inc::Client_SetActiveWeapon
L 06/13/2025 - 23:12:59: [SM]   [2] Line 378, D:\MY_PLUGINS\bot2player_public.sp::Give_iTargetWeaponsTo_iClient
L 06/13/2025 - 23:19:27: Error log file session closed.
L 06/13/2025 - 23:19:27: SourceMod error session started
L 06/13/2025 - 23:19:27: Info (map "de_dust") (file "C:\MyPrograms\steamcmd\css_ds\cstrike\addons\sourcemod\logs\errors_20250613.log")
L 06/13/2025 - 23:19:27: [admin-flatfile.smx] Error(s) detected parsing addons\sourcemod\configs\admins.cfg
L 06/13/2025 - 23:19:27: [admin-flatfile.smx]  (line 10) Section declared without header
L 06/13/2025 - 23:19:44: Error log file session closed.
L 06/13/2025 - 23:19:44: SourceMod error session started
L 06/13/2025 - 23:19:44: Info (map "de_dust2") (file "C:\MyPrograms\steamcmd\css_ds\cstrike\addons\sourcemod\logs\errors_20250613.log")
L 06/13/2025 - 23:19:44: [admin-flatfile.smx] Error(s) detected parsing addons\sourcemod\configs\admins.cfg
L 06/13/2025 - 23:19:44: [admin-flatfile.smx]  (line 10) Section declared without header
