L 06/09/2025 - 04:04:13: SourceMod log file session started (file "C:\MyPrograms\steamcmd\css_ds\cstrike\addons\sourcemod\logs\L20250609.log") (Version "1.12.0.7200")
L 06/09/2025 - 04:04:13: [basechat.smx] "Sammii<6><[U:1:22767151]><>" triggered sm_csay (text "Hello there!")
L 06/09/2025 - 04:04:20: [basechat.smx] "Sammii<6><[U:1:22767151]><>" triggered sm_csay (text "Hello there!")
L 06/09/2025 - 04:04:31: [basechat.smx] "Sammii<6><[U:1:22767151]><>" triggered sm_csay (text "Hello there!")
L 06/09/2025 - 04:04:31: [basechat.smx] "Sammii<6><[U:1:22767151]><>" triggered sm_csay (text "Hello there!")
L 06/09/2025 - 04:04:40: [basechat.smx] "Console<0><Console><Console>" triggered sm_csay (text "Hello there!")
L 06/09/2025 - 04:05:02: [basechat.smx] "Console<0><Console><Console>" triggered sm_csay (text "Hello there!")
L 06/09/2025 - 04:05:07: [basechat.smx] "Console<0><Console><Console>" triggered sm_csay (text "Hello there!")
L 06/09/2025 - 04:06:03: [basechat.smx] "Sammii<6><[U:1:22767151]><>" triggered sm_csay (text "+100 XP!)
L 06/09/2025 - 04:06:07: [basechat.smx] "Sammii<6><[U:1:22767151]><>" triggered sm_csay (text "+100 XP!)
L 06/09/2025 - 04:06:13: [basechat.smx] "Sammii<6><[U:1:22767151]><>" triggered sm_csay (text +100 XP!)
L 06/09/2025 - 04:06:17: [basechat.smx] "Sammii<6><[U:1:22767151]><>" triggered sm_csay (text +100 XP!)
L 06/09/2025 - 04:06:52: [basechat.smx] "Sammii<6><[U:1:22767151]><>" triggered sm_hsay (text "Your message")
L 06/09/2025 - 04:06:57: [basechat.smx] "Sammii<6><[U:1:22767151]><>" triggered sm_hsay (text "Your message")
L 06/09/2025 - 04:06:58: [basechat.smx] "Sammii<6><[U:1:22767151]><>" triggered sm_hsay (text "Your message")
L 06/09/2025 - 04:07:06: [basechat.smx] "Sammii<6><[U:1:22767151]><>" triggered sm_csay (text +100 XP!)
L 06/09/2025 - 04:07:16: [basechat.smx] "Sammii<6><[U:1:22767151]><>" triggered sm_hsay (text "Your message")
L 06/09/2025 - 04:07:34: [basechat.smx] "Sammii<6><[U:1:22767151]><>" triggered sm_hsay (text "Your messageYour messageYour messageYour messageYour messageYour messageYour messageYour messageY our message")
L 06/09/2025 - 04:07:40: [basechat.smx] "Sammii<6><[U:1:22767151]><>" triggered sm_hsay (text "Your messageYour messageYour messageYour messageYour messageYour messageYour messageYour messageY our message")
L 06/09/2025 - 04:07:52: [basechat.smx] "Sammii<6><[U:1:22767151]><>" triggered sm_hsay (text "Your messageYour messageYour messageYour messageYour messageYour messageYour messageYour messageY our message")
L 06/09/2025 - 04:08:18: [basechat.smx] "Sammii<6><[U:1:22767151]><>" triggered sm_hsay (text "IIIIIIIIIIIIIIIIIIIIXIIIIIIIIIIIIIIIIII")
L 06/09/2025 - 04:08:21: [basechat.smx] "Sammii<6><[U:1:22767151]><>" triggered sm_hsay (text "IIIIIIIIIIIIIIIIIIIIXIIIIIIIIIIIIIIIIII")
L 06/09/2025 - 04:09:40: [basechat.smx] "Sammii<6><[U:1:22767151]><>" triggered sm_csay (text "+100 XP!")
L 06/09/2025 - 04:09:48: [basechat.smx] "Sammii<6><[U:1:22767151]><>" triggered sm_csay (text +100 XP! +100 XP!+100 XP!+100 XP!+100 XP!+100 XP!+100 XP!+100 XP!+100 XP!+100 XP!+100 XP!+100 XP!)
L 06/09/2025 - 04:09:54: [basechat.smx] "Sammii<6><[U:1:22767151]><>" triggered sm_csay (text +100 XP! +100 XP!+100 XP!+100 XP!+100 XP!+100 XP!+100 XP!+100 XP!+100 XP!+100 XP!+100 XP!+100 XP!)
L 06/09/2025 - 04:10:01: [basechat.smx] "Sammii<6><[U:1:22767151]><>" triggered sm_csay (text +100 XP! +100 XP!+100 XP!+100 XP!+100 XP!+100 XP!+100 XP!+100 XP!+100 XP!+100 XP!+100 XP!+100 XP!)
L 06/09/2025 - 04:19:06: [mapchooser.smx] Voting for next map has started.
