L 05/29/2025 - 09:33:25: SourceMod log file session started (file "C:\MyPrograms\steamcmd\css_ds\cstrike\addons\sourcemod\logs\L20250529.log") (Version "1.12.0.7200")
L 05/29/2025 - 09:33:25: -------- Mapchange to de_dust2 --------
L 05/29/2025 - 10:00:33: SourceMod log file session started (file "C:\MyPrograms\steamcmd\css_ds\cstrike\addons\sourcemod\logs\L20250529.log") (Version "1.12.0.7200")
L 05/29/2025 - 10:00:33: [mapchooser.smx] Voting for next map has started.
L 05/29/2025 - 10:03:40: [SM] Changed map to "de_port"
L 05/29/2025 - 10:03:40: -------- Mapchange to de_port --------
L 05/29/2025 - 17:13:18: SourceMod log file session started (file "C:\MyPrograms\steamcmd\css_ds\cstrike\addons\sourcemod\logs\L20250529.log") (Version "1.12.0.7200")
L 05/29/2025 - 17:13:18: [mapchooser.smx] Voting for next map has started.
L 05/29/2025 - 17:16:51: [SM] Changed map to "de_port"
L 05/29/2025 - 17:16:51: -------- Mapchange to de_port --------
L 05/29/2025 - 17:30:36: [mapchooser.smx] Voting for next map has started.
L 05/29/2025 - 18:15:33: SourceMod log file session started (file "C:\MyPrograms\steamcmd\css_ds\cstrike\addons\sourcemod\logs\L20250529.log") (Version "1.12.0.7200")
L 05/29/2025 - 18:15:33: [mapchooser.smx] Voting for next map has started.
L 05/29/2025 - 18:16:18: [SM] Changed map to "de_port"
L 05/29/2025 - 18:16:19: -------- Mapchange to de_port --------
L 05/29/2025 - 18:16:40: -------- Mapchange to cs_compound --------
L 05/29/2025 - 18:24:43: [mapchooser.smx] Voting for next map has started.
L 05/29/2025 - 18:25:51: [SM] Changed map to "de_port"
L 05/29/2025 - 18:25:51: -------- Mapchange to de_port --------
L 05/29/2025 - 18:40:51: [mapchooser.smx] Voting for next map has started.
L 05/29/2025 - 18:42:21: [SM] Changed map to "de_dust2"
L 05/29/2025 - 18:42:21: -------- Mapchange to de_dust2 --------
L 05/29/2025 - 18:44:09: -------- Mapchange to cs_havana --------
L 05/29/2025 - 21:05:53: SourceMod log file session started (file "C:\MyPrograms\steamcmd\css_ds\cstrike\addons\sourcemod\logs\L20250529.log") (Version "1.12.0.7200")
L 05/29/2025 - 21:05:53: [mapchooser.smx] Voting for next map has started.
L 05/29/2025 - 21:21:31: SourceMod log file session started (file "C:\MyPrograms\steamcmd\css_ds\cstrike\addons\sourcemod\logs\L20250529.log") (Version "1.12.0.7200")
L 05/29/2025 - 21:21:31: [mapchooser.smx] Voting for next map has started.
L 05/29/2025 - 21:22:35: [SM] Changed map to "de_port"
L 05/29/2025 - 21:22:36: -------- Mapchange to de_port --------
L 05/29/2025 - 21:25:54: -------- Mapchange to de_dust2 --------
