L 05/24/2025 - 16:41:16: SourceMod log file session started (file "C:\MyPrograms\steamcmd\css_ds\cstrike\addons\sourcemod\logs\L20250524.log") (Version "1.12.0.7200")
L 05/24/2025 - 16:41:16: [sounds.smx] "Solnapolis<2><[U:1:22767151]><>" played sound on "Solnapolis<2><[U:1:22767151]><>" (file "hitmarkers/hit_body.wav")
L 05/24/2025 - 16:41:51: [mapchooser.smx] Voting for next map has started.
L 05/24/2025 - 16:43:10: [SM] Changed map to "de_port"
L 05/24/2025 - 16:43:11: -------- Mapchange to de_port --------
L 05/24/2025 - 16:47:42: SourceMod log file session started (file "C:\MyPrograms\steamcmd\css_ds\cstrike\addons\sourcemod\logs\L20250524.log") (Version "1.12.0.7200")
L 05/24/2025 - 16:47:42: [sounds.smx] "Solnapolis<2><[U:1:22767151]><>" played sound on "Solnapolis<2><[U:1:22767151]><>" (file "hitmarkers/hit_body.wav")
L 05/24/2025 - 16:57:01: SourceMod log file session started (file "C:\MyPrograms\steamcmd\css_ds\cstrike\addons\sourcemod\logs\L20250524.log") (Version "1.12.0.7200")
L 05/24/2025 - 16:57:01: [sounds.smx] "Solnapolis<2><[U:1:22767151]><>" played sound on "Solnapolis<2><[U:1:22767151]><>" (file "hitmarkers/hit_body.wav")
L 05/24/2025 - 23:10:53: SourceMod log file session started (file "C:\MyPrograms\steamcmd\css_ds\cstrike\addons\sourcemod\logs\L20250524.log") (Version "1.12.0.7200")
L 05/24/2025 - 23:10:53: [sounds.smx] "Solnapolis<2><[U:1:22767151]><>" played sound on "Solnapolis<2><[U:1:22767151]><>" (file "radio/cshlvoiceprison_loop.wav")
L 05/24/2025 - 23:12:03: [sounds.smx] "Solnapolis<2><[U:1:22767151]><>" played sound on "Solnapolis<2><[U:1:22767151]><>" (file "hitmarkers/hit_body.wav")
L 05/24/2025 - 23:24:52: SourceMod log file session started (file "C:\MyPrograms\steamcmd\css_ds\cstrike\addons\sourcemod\logs\L20250524.log") (Version "1.12.0.7200")
L 05/24/2025 - 23:24:52: [sounds.smx] "Solnapolis<2><[U:1:22767151]><>" played sound on "Solnapolis<2><[U:1:22767151]><>" (file "hitmarkers/hit_body.wav")
L 05/24/2025 - 23:40:01: SourceMod log file session started (file "C:\MyPrograms\steamcmd\css_ds\cstrike\addons\sourcemod\logs\L20250524.log") (Version "1.12.0.7200")
L 05/24/2025 - 23:40:01: [sounds.smx] "Solnapolis<2><[U:1:22767151]><>" played sound on "Solnapolis<2><[U:1:22767151]><>" (file "hitmarkers/hit_body.wav")
L 05/24/2025 - 23:40:27: [sounds.smx] "Solnapolis<2><[U:1:22767151]><>" played sound on "Solnapolis<2><[U:1:22767151]><>" (file "hitmarkers/kill_headshot.wav")
L 05/24/2025 - 23:44:55: SourceMod log file session started (file "C:\MyPrograms\steamcmd\css_ds\cstrike\addons\sourcemod\logs\L20250524.log") (Version "1.12.0.7200")
L 05/24/2025 - 23:44:55: [sounds.smx] "Solnapolis<2><[U:1:22767151]><>" played sound on "Solnapolis<2><[U:1:22767151]><>" (file "hitmarkers/hit_body.wav")
L 05/24/2025 - 23:45:01: [sounds.smx] "Solnapolis<2><[U:1:22767151]><>" played sound on "Solnapolis<2><[U:1:22767151]><>" (file "hitmarkers/kill_headshot.wav")
L 05/24/2025 - 23:45:39: [sounds.smx] "Solnapolis<2><[U:1:22767151]><>" played sound on "Solnapolis<2><[U:1:22767151]><>" (file "hitmarkers/kill_headshot.wav")
L 05/24/2025 - 23:46:15: [sounds.smx] "Solnapolis<2><[U:1:22767151]><>" played sound on "Solnapolis<2><[U:1:22767151]><>" (file "radio/cshlvoiceprison_loop.wav")
L 05/24/2025 - 23:46:47: [sounds.smx] "Solnapolis<2><[U:1:22767151]><>" played sound on "Solnapolis<2><[U:1:22767151]><>" (file "hitmarkers/hit_body.wav")
L 05/24/2025 - 23:46:53: [sounds.smx] "Solnapolis<2><[U:1:22767151]><>" played sound on "Solnapolis<2><[U:1:22767151]><>" (file "hitmarkers/kill_body.wav")
L 05/24/2025 - 23:47:24: [sounds.smx] "Solnapolis<2><[U:1:22767151]><>" played sound on "Solnapolis<2><[U:1:22767151]><>" (file "machines/deep_boil.wav")
L 05/24/2025 - 23:47:45: [sounds.smx] "Solnapolis<2><[U:1:22767151]><>" played sound on "Solnapolis<2><[U:1:22767151]><>" (file "machines/deep_boil.wav")
