L 05/23/2025 - 00:57:18: SourceMod log file session started (file "C:\MyPrograms\steamcmd\css_ds\cstrike\addons\sourcemod\logs\L20250523.log") (Version "1.12.0.7200")
L 05/23/2025 - 00:57:18: [UPDATER] Successfully updated gamedata file "sdktools.games/game.bms.txt"
L 05/23/2025 - 00:57:18: [UPDATER] SourceMod has been updated, please reload it or restart your server.
L 05/23/2025 - 01:02:43: -------- Mapchange to fy_snow_redux --------
L 05/23/2025 - 01:04:00: -------- Mapchange to de_rats_rc_1337v4 --------
L 05/23/2025 - 13:14:07: [SM] Changed map to "de_cbble"
L 05/23/2025 - 13:14:07: -------- Mapchange to de_cbble --------
L 05/23/2025 - 13:23:11: [basecommands.smx] "Solnapolis<12><[U:1:22767151]><>" kicked "Dreamclaw<5><[U:1:62992855]><>" (reason "")
L 05/23/2025 - 13:23:53: [basecommands.smx] "Solnapolis<12><[U:1:22767151]><>" executed config (file "sourcemod/sm_warmode_on.cfg")
L 05/23/2025 - 13:26:31: [basecommands.smx] "Solnapolis<12><[U:1:22767151]><>" executed config (file "server.cfg")
L 05/23/2025 - 20:50:24: SourceMod log file session started (file "C:\MyPrograms\steamcmd\css_ds\cstrike\addons\sourcemod\logs\L20250523.log") (Version "1.12.0.7200")
L 05/23/2025 - 20:50:24: [SM] Changed map to "de_aztec"
L 05/23/2025 - 20:50:25: -------- Mapchange to de_aztec --------
L 05/23/2025 - 21:20:17: [SM] Changed map to "de_cbble"
L 05/23/2025 - 21:20:17: -------- Mapchange to de_cbble --------
L 05/23/2025 - 21:21:01: -------- Mapchange to de_mirage_csgo --------
L 05/23/2025 - 21:52:10: [SM] Changed map to "cs_office"
L 05/23/2025 - 21:52:11: -------- Mapchange to cs_office --------
L 05/23/2025 - 21:53:30: [basevotes.smx] "Solnapolis<19><[U:1:22767151]><>" initiated a map vote for de_dust2 cs_office.
L 05/23/2025 - 21:53:50: [basevotes.smx] Vote successful. (Received "50" of 6 votes)
L 05/23/2025 - 21:53:50: [basevotes.smx] Changing map to de_dust2 due to vote.
L 05/23/2025 - 21:53:55: [SM] Changed map to "de_dust2"
L 05/23/2025 - 21:53:56: -------- Mapchange to de_dust2 --------
L 05/23/2025 - 22:20:57: [basevotes.smx] "Solnapolis<20><[U:1:22767151]><>" initiated a map vote for cs_office de_dust2 de_train cs_assault.
L 05/23/2025 - 22:21:18: [basevotes.smx] Vote successful. (Received "40" of 5 votes)
L 05/23/2025 - 22:21:18: [basevotes.smx] Changing map to de_train due to vote.
L 05/23/2025 - 22:21:23: [SM] Changed map to "de_train"
L 05/23/2025 - 22:21:23: -------- Mapchange to de_train --------
L 05/23/2025 - 22:52:11: [SM] Changed map to "de_chateau"
L 05/23/2025 - 22:52:12: -------- Mapchange to de_chateau --------
L 05/23/2025 - 23:18:55: SourceMod log file session started (file "C:\MyPrograms\steamcmd\css_ds\cstrike\addons\sourcemod\logs\L20250523.log") (Version "1.12.0.7200")
L 05/23/2025 - 23:18:55: [mapchooser.smx] Voting for next map has started.
L 05/23/2025 - 23:19:06: [mapchooser.smx] Voting for next map has finished. Nextmap: de_port.
L 05/23/2025 - 23:23:48: [basecommands.smx] "Solnapolis<2><[U:1:22767151]><>" changed cvar (cvar "mp_restartgame") (value "1")
